{"logTime": "0111/060025", "correlationVector":"egagE5NX0c4hYBtnV4poXf","action":"Initial GetUpdates", "result":"", "context":Reason: NEWLY_SUPPORTED_DATATYPE. cV=egagE5NX0c4hYBtnV4poXf}
{"logTime": "0111/060026", "correlationVector":"egagE5NX0c4hYBtnV4poXf.1","action":"SyncServerConnectionManagerRequest", "result":"SYNC_SERVER_OK", "context":{"environment":"Prod_japaneast_prod-s01-061-apac-japaneast", "migrationStage":"NotStarted", "server":"akswtt003000049"}}
{"logTime": "0111/060026", "correlationVector":"egagE5NX0c4hYBtnV4poXf.2","action":"GetUpdates Response", "result":"Success", "context":Received 250 update(s). cV=egagE5NX0c4hYBtnV4poXf.0;server=akswtt003000049;cloudType=Consumer;environment=Prod_japaneast_prod-s01-061-apac-japaneast;migrationStage=NotStarted Some updates remain.}
{"logTime": "0111/060026", "correlationVector":"shiE0yacgAg5OtSnP+44U/","action":"Initial GetUpdates", "result":"", "context":Reason: NEWLY_SUPPORTED_DATATYPE. cV=shiE0yacgAg5OtSnP+44U/}
{"logTime": "0111/060027", "correlationVector":"shiE0yacgAg5OtSnP+44U/.1","action":"SyncServerConnectionManagerRequest", "result":"SYNC_SERVER_OK", "context":{"environment":"Prod_japaneast_prod-s01-061-apac-japaneast", "migrationStage":"NotStarted", "server":"akswtt00300008q"}}
{"logTime": "0111/060027", "correlationVector":"shiE0yacgAg5OtSnP+44U/.2","action":"GetUpdates", "result":"DeleteReceived", "context":{"id":"6bf20922-c423-4bab-b478-8b70f80fbfb2", "isDeleted:":"true", "version":"1736405282124"}}
{"logTime": "0111/060027", "correlationVector":"shiE0yacgAg5OtSnP+44U/.3","action":"GetUpdates", "result":"DeleteReceived", "context":{"id":"64d67b12-d80e-4b8a-9d92-b0c081ae83f6", "isDeleted:":"true", "version":"1736405282125"}}
{"logTime": "0111/060027", "correlationVector":"shiE0yacgAg5OtSnP+44U/.4","action":"GetUpdates", "result":"DeleteReceived", "context":{"id":"b21c9216-090d-4ff4-8d04-080905dae6c1", "isDeleted:":"true", "version":"1736405282126"}}
{"logTime": "0111/060027", "correlationVector":"shiE0yacgAg5OtSnP+44U/.5","action":"GetUpdates", "result":"DeleteReceived", "context":{"id":"26ebd1e6-2c82-46ae-a8a0-abe0e40f9187", "isDeleted:":"true", "version":"1736405282127"}}
{"logTime": "0111/060027", "correlationVector":"shiE0yacgAg5OtSnP+44U/.6","action":"GetUpdates", "result":"DeleteReceived", "context":{"id":"7edbc58b-dff7-4ec9-bba6-c1dcc10581b9", "isDeleted:":"true", "version":"1736405282128"}}
{"logTime": "0111/060027", "correlationVector":"shiE0yacgAg5OtSnP+44U/.7","action":"GetUpdates", "result":"DeleteReceived", "context":{"id":"e860f67e-efb8-4ec9-91d5-3a08a5a53407", "isDeleted:":"true", "version":"1736405282129"}}
{"logTime": "0111/060027", "correlationVector":"shiE0yacgAg5OtSnP+44U/.8","action":"GetUpdates", "result":"DeleteReceived", "context":{"id":"c11c1739-b510-4e48-9412-7a7e5da894f0", "isDeleted:":"true", "version":"1736405282130"}}
{"logTime": "0111/060027", "correlationVector":"shiE0yacgAg5OtSnP+44U/.9","action":"GetUpdates", "result":"DeleteReceived", "context":{"id":"10443e7c-c4b0-4e67-8036-582397f9cfc9", "isDeleted:":"true", "version":"1736405282131"}}
{"logTime": "0111/060027", "correlationVector":"shiE0yacgAg5OtSnP+44U/.10","action":"GetUpdates", "result":"DeleteReceived", "context":{"id":"5f1c904f-b561-415d-a689-5e576298092f", "isDeleted:":"true", "version":"1736405282132"}}
{"logTime": "0111/060027", "correlationVector":"shiE0yacgAg5OtSnP+44U/.11","action":"GetUpdates", "result":"DeleteReceived", "context":{"id":"fb9b2227-b7f6-4185-a389-ced7a7fdee7c", "isDeleted:":"true", "version":"1736405282133"}}
{"logTime": "0111/060027", "correlationVector":"shiE0yacgAg5OtSnP+44U/.12","action":"GetUpdates", "result":"DeleteReceived", "context":{"id":"7e502ac0-e233-4ad5-a01d-acbb6efda34c", "isDeleted:":"true", "version":"1736405282134"}}
{"logTime": "0111/060027", "correlationVector":"shiE0yacgAg5OtSnP+44U/.13","action":"GetUpdates", "result":"DeleteReceived", "context":{"id":"5358b3b0-cc13-4725-ab2a-7e5f7f543d0c", "isDeleted:":"true", "version":"1736405282135"}}
{"logTime": "0111/060027", "correlationVector":"shiE0yacgAg5OtSnP+44U/.14","action":"GetUpdates", "result":"DeleteReceived", "context":{"id":"945029fd-6e9e-4402-b9a4-97ee2bfea95f", "isDeleted:":"true", "version":"1736405282136"}}
{"logTime": "0111/060027", "correlationVector":"shiE0yacgAg5OtSnP+44U/.15","action":"GetUpdates", "result":"DeleteReceived", "context":{"id":"7a6e6d8d-a27b-4b8d-a2fd-bc691db88b27", "isDeleted:":"true", "version":"1736405282137"}}
{"logTime": "0111/060027", "correlationVector":"shiE0yacgAg5OtSnP+44U/.16","action":"GetUpdates", "result":"DeleteReceived", "context":{"id":"aaa7b061-13c2-4ade-bdb3-9ae80d7b147c", "isDeleted:":"true", "version":"1736405282138"}}
{"logTime": "0111/060027", "correlationVector":"shiE0yacgAg5OtSnP+44U/.17","action":"GetUpdates", "result":"DeleteReceived", "context":{"id":"c484ce87-6166-4597-b0ce-b1b1a498039a", "isDeleted:":"true", "version":"1736405282140"}}
{"logTime": "0111/060027", "correlationVector":"shiE0yacgAg5OtSnP+44U/.18","action":"GetUpdates", "result":"DeleteReceived", "context":{"id":"61918bda-2597-469f-9830-5160ce3904a5", "isDeleted:":"true", "version":"1736405282141"}}
{"logTime": "0111/060027", "correlationVector":"shiE0yacgAg5OtSnP+44U/.19","action":"GetUpdates", "result":"DeleteReceived", "context":{"id":"1e5f114d-6487-4a4a-8a0c-b6ce37fec9de", "isDeleted:":"true", "version":"1736405282142"}}
{"logTime": "0111/060027", "correlationVector":"shiE0yacgAg5OtSnP+44U/.20","action":"GetUpdates", "result":"DeleteReceived", "context":{"id":"60d420bc-3920-4e7f-bee4-f9dfd984c7ee", "isDeleted:":"true", "version":"1736405282143"}}
{"logTime": "0111/060027", "correlationVector":"shiE0yacgAg5OtSnP+44U/.21","action":"GetUpdates", "result":"DeleteReceived", "context":{"id":"a51e7bac-9cf8-4a43-8e86-cec6ed4a5da1", "isDeleted:":"true", "version":"1736405282144"}}
{"logTime": "0111/060027", "correlationVector":"shiE0yacgAg5OtSnP+44U/.22","action":"GetUpdates", "result":"DeleteReceived", "context":{"id":"4c6215b4-417c-408e-8a48-4b39af1f587f", "isDeleted:":"true", "version":"1736405282905"}}
{"logTime": "0111/060027", "correlationVector":"shiE0yacgAg5OtSnP+44U/.23","action":"GetUpdates", "result":"DeleteReceived", "context":{"id":"56e892dd-0f56-406c-aa05-ee7020618e25", "isDeleted:":"true", "version":"1736405282906"}}
{"logTime": "0111/060027", "correlationVector":"shiE0yacgAg5OtSnP+44U/.24","action":"GetUpdates", "result":"DeleteReceived", "context":{"id":"bb7608e8-5792-45c9-a14c-e8c1df86fca5", "isDeleted:":"true", "version":"1736405282907"}}
{"logTime": "0111/060027", "correlationVector":"shiE0yacgAg5OtSnP+44U/.25","action":"GetUpdates", "result":"DeleteReceived", "context":{"id":"3a3c2e18-050d-47f5-9a86-97b0c987558a", "isDeleted:":"true", "version":"1736405282908"}}
{"logTime": "0111/060027", "correlationVector":"shiE0yacgAg5OtSnP+44U/.26","action":"GetUpdates", "result":"DeleteReceived", "context":{"id":"63ddb4a0-fcdc-4e13-8cd7-b04dbfe82379", "isDeleted:":"true", "version":"1736405282909"}}
{"logTime": "0111/060027", "correlationVector":"shiE0yacgAg5OtSnP+44U/.27","action":"GetUpdates", "result":"DeleteReceived", "context":{"id":"d9da1ec6-855f-4d21-ad67-97c13d1a5d25", "isDeleted:":"true", "version":"1736405282910"}}
{"logTime": "0111/060027", "correlationVector":"shiE0yacgAg5OtSnP+44U/.28","action":"GetUpdates", "result":"DeleteReceived", "context":{"id":"8c05acc0-e6ee-49db-bb19-8fa87e701278", "isDeleted:":"true", "version":"1736405282911"}}
{"logTime": "0111/060027", "correlationVector":"shiE0yacgAg5OtSnP+44U/.29","action":"GetUpdates", "result":"DeleteReceived", "context":{"id":"2f4e3928-23ce-488a-b360-d74bce91f293", "isDeleted:":"true", "version":"1736405282912"}}
{"logTime": "0111/060027", "correlationVector":"shiE0yacgAg5OtSnP+44U/.30","action":"GetUpdates", "result":"DeleteReceived", "context":{"id":"e718d1e0-ff0d-4745-88fb-cdeac2d31c35", "isDeleted:":"true", "version":"1736405282913"}}
{"logTime": "0111/060027", "correlationVector":"shiE0yacgAg5OtSnP+44U/.31","action":"GetUpdates", "result":"DeleteReceived", "context":{"id":"f0d2db5f-9e29-4fa3-bdde-fac928fce554", "isDeleted:":"true", "version":"1736405282914"}}
{"logTime": "0111/060027", "correlationVector":"shiE0yacgAg5OtSnP+44U/.32","action":"GetUpdates", "result":"DeleteReceived", "context":{"id":"d33512d2-1070-43d2-a9da-2ebc369e2101", "isDeleted:":"true", "version":"1736405282915"}}
{"logTime": "0111/060027", "correlationVector":"shiE0yacgAg5OtSnP+44U/.33","action":"GetUpdates", "result":"DeleteReceived", "context":{"id":"f29beb69-6b8a-4d9f-bd74-04bfbc02fb50", "isDeleted:":"true", "version":"1736405282916"}}
{"logTime": "0111/060027", "correlationVector":"shiE0yacgAg5OtSnP+44U/.34","action":"GetUpdates", "result":"DeleteReceived", "context":{"id":"689c7b94-1da4-4b95-9a86-c82e07fde715", "isDeleted:":"true", "version":"1736405282917"}}
{"logTime": "0111/060027", "correlationVector":"shiE0yacgAg5OtSnP+44U/.35","action":"GetUpdates", "result":"DeleteReceived", "context":{"id":"49e8bf80-5d50-4a72-9f62-bdfb8a4b240e", "isDeleted:":"true", "version":"1736405282918"}}
{"logTime": "0111/060027", "correlationVector":"shiE0yacgAg5OtSnP+44U/.36","action":"GetUpdates", "result":"DeleteReceived", "context":{"id":"ad2f4801-018b-40f0-85a4-90ce653199c8", "isDeleted:":"true", "version":"1736405282919"}}
{"logTime": "0111/060027", "correlationVector":"shiE0yacgAg5OtSnP+44U/.37","action":"GetUpdates", "result":"DeleteReceived", "context":{"id":"62b19332-276f-4c07-96f1-fbafceaa36d1", "isDeleted:":"true", "version":"1736405282920"}}
{"logTime": "0111/060027", "correlationVector":"shiE0yacgAg5OtSnP+44U/.38","action":"GetUpdates", "result":"DeleteReceived", "context":{"id":"f61d414d-3c87-499f-b3ad-3ee79baffb5b", "isDeleted:":"true", "version":"1736405282921"}}
{"logTime": "0111/060027", "correlationVector":"shiE0yacgAg5OtSnP+44U/.39","action":"GetUpdates", "result":"DeleteReceived", "context":{"id":"f136497d-21a9-42bf-af3f-a2d534c028a5", "isDeleted:":"true", "version":"1736405282922"}}
{"logTime": "0111/060027", "correlationVector":"shiE0yacgAg5OtSnP+44U/.40","action":"GetUpdates", "result":"DeleteReceived", "context":{"id":"71ac0ee3-d774-4e29-9fd3-e713586ebb94", "isDeleted:":"true", "version":"1736405282923"}}
{"logTime": "0111/060027", "correlationVector":"shiE0yacgAg5OtSnP+44U/.41","action":"GetUpdates", "result":"DeleteReceived", "context":{"id":"9b66f26d-e507-4a67-a49d-c8d479d34343", "isDeleted:":"true", "version":"1736405282924"}}
{"logTime": "0111/060027", "correlationVector":"shiE0yacgAg5OtSnP+44U/.42","action":"GetUpdates", "result":"DeleteReceived", "context":{"id":"b519ee7f-8b34-4ee2-9469-e4b1358248ed", "isDeleted:":"true", "version":"1736405283608"}}
{"logTime": "0111/060027", "correlationVector":"shiE0yacgAg5OtSnP+44U/.43","action":"GetUpdates", "result":"DeleteReceived", "context":{"id":"4215dc50-8239-42a7-b1d8-09f0138db7f1", "isDeleted:":"true", "version":"1736405283609"}}
{"logTime": "0111/060027", "correlationVector":"shiE0yacgAg5OtSnP+44U/.44","action":"GetUpdates", "result":"DeleteReceived", "context":{"id":"79378f74-1de4-4324-a818-3c0ef98a8e63", "isDeleted:":"true", "version":"1736405283610"}}
{"logTime": "0111/060027", "correlationVector":"shiE0yacgAg5OtSnP+44U/.45","action":"GetUpdates", "result":"DeleteReceived", "context":{"id":"9240dd2b-649e-45a4-90d0-f83083b742aa", "isDeleted:":"true", "version":"1736405283611"}}
{"logTime": "0111/060027", "correlationVector":"shiE0yacgAg5OtSnP+44U/.46","action":"GetUpdates", "result":"DeleteReceived", "context":{"id":"a5d3cbec-bf0a-4027-ba97-c558755f1387", "isDeleted:":"true", "version":"1736405283612"}}
{"logTime": "0111/060027", "correlationVector":"shiE0yacgAg5OtSnP+44U/.47","action":"GetUpdates", "result":"DeleteReceived", "context":{"id":"3d7849fb-c678-4139-b29e-0150beafa6b5", "isDeleted:":"true", "version":"1736405283613"}}
{"logTime": "0111/060027", "correlationVector":"shiE0yacgAg5OtSnP+44U/.48","action":"GetUpdates", "result":"DeleteReceived", "context":{"id":"f7a0ccda-0bca-4824-8073-47251e900809", "isDeleted:":"true", "version":"1736405283614"}}
{"logTime": "0111/060027", "correlationVector":"shiE0yacgAg5OtSnP+44U/.49","action":"GetUpdates", "result":"DeleteReceived", "context":{"id":"f11c5121-1878-4f21-8444-10a3925d78e8", "isDeleted:":"true", "version":"1736405283615"}}
{"logTime": "0111/060027", "correlationVector":"shiE0yacgAg5OtSnP+44U/.50","action":"GetUpdates", "result":"DeleteReceived", "context":{"id":"d5ffc7f7-ecbe-4f95-96de-4056eb5cea2a", "isDeleted:":"true", "version":"1736405283616"}}
{"logTime": "0111/060027", "correlationVector":"shiE0yacgAg5OtSnP+44U/.51","action":"GetUpdates", "result":"DeleteReceived", "context":{"id":"6f208ea8-644d-4b80-b3c9-0a06874aa3d1", "isDeleted:":"true", "version":"1736405283617"}}
{"logTime": "0111/060027", "correlationVector":"shiE0yacgAg5OtSnP+44U/.52","action":"GetUpdates", "result":"DeleteReceived", "context":{"id":"6d92645b-fdde-4961-98f8-039c9cebefd2", "isDeleted:":"true", "version":"1736405283618"}}
{"logTime": "0111/060027", "correlationVector":"shiE0yacgAg5OtSnP+44U/.53","action":"GetUpdates", "result":"DeleteReceived", "context":{"id":"16c813b1-fd3b-44e0-b039-9ac15828620e", "isDeleted:":"true", "version":"1736405283619"}}
{"logTime": "0111/060027", "correlationVector":"shiE0yacgAg5OtSnP+44U/.54","action":"GetUpdates", "result":"DeleteReceived", "context":{"id":"1c54461b-fd2d-40b3-a600-37c5cb2e5204", "isDeleted:":"true", "version":"1736405283620"}}
{"logTime": "0111/060027", "correlationVector":"shiE0yacgAg5OtSnP+44U/.55","action":"GetUpdates", "result":"DeleteReceived", "context":{"id":"dbb65e81-531e-4a4d-a1fc-be6645acf88d", "isDeleted:":"true", "version":"1736405283621"}}
{"logTime": "0111/060027", "correlationVector":"shiE0yacgAg5OtSnP+44U/.56","action":"GetUpdates", "result":"DeleteReceived", "context":{"id":"a10c20d4-b792-4885-9007-6e467004cef0", "isDeleted:":"true", "version":"1736405283622"}}
{"logTime": "0111/060027", "correlationVector":"shiE0yacgAg5OtSnP+44U/.57","action":"GetUpdates", "result":"DeleteReceived", "context":{"id":"9d3cd919-a818-4218-a033-4c5a9cd1a128", "isDeleted:":"true", "version":"1736405283623"}}
{"logTime": "0111/060027", "correlationVector":"shiE0yacgAg5OtSnP+44U/.58","action":"GetUpdates", "result":"DeleteReceived", "context":{"id":"d1f12f31-200e-4d62-9bab-564dea8045f7", "isDeleted:":"true", "version":"1736405283624"}}
{"logTime": "0111/060027", "correlationVector":"shiE0yacgAg5OtSnP+44U/.59","action":"GetUpdates", "result":"DeleteReceived", "context":{"id":"4f533485-7033-43c1-b470-bd9322c1d14b", "isDeleted:":"true", "version":"1736405283625"}}
{"logTime": "0111/060027", "correlationVector":"shiE0yacgAg5OtSnP+44U/.60","action":"GetUpdates", "result":"DeleteReceived", "context":{"id":"a8a326b4-15ad-4eff-a051-8f6b94250d23", "isDeleted:":"true", "version":"1736405283626"}}
{"logTime": "0111/060027", "correlationVector":"shiE0yacgAg5OtSnP+44U/.61","action":"GetUpdates", "result":"DeleteReceived", "context":{"id":"4d7c38ad-b6b1-436c-a097-3ad9855346c8", "isDeleted:":"true", "version":"1736405283627"}}
{"logTime": "0111/060027", "correlationVector":"shiE0yacgAg5OtSnP+44U/.62","action":"GetUpdates", "result":"DeleteReceived", "context":{"id":"dee4a710-6670-4cf0-83db-dc27b453f175", "isDeleted:":"true", "version":"1736405284427"}}
{"logTime": "0111/060027", "correlationVector":"shiE0yacgAg5OtSnP+44U/.63","action":"GetUpdates", "result":"DeleteReceived", "context":{"id":"0962bb44-9262-4c6f-a56e-018e330de401", "isDeleted:":"true", "version":"1736405284428"}}
{"logTime": "0111/060027", "correlationVector":"shiE0yacgAg5OtSnP+44U/.64","action":"GetUpdates", "result":"DeleteReceived", "context":{"id":"66cf764a-d30a-4f5a-a88b-f6cf332ff012", "isDeleted:":"true", "version":"1736405284429"}}
{"logTime": "0111/060027", "correlationVector":"shiE0yacgAg5OtSnP+44U/.65","action":"GetUpdates", "result":"DeleteReceived", "context":{"id":"5b46688d-3618-4ca9-a970-0f7eccf6038d", "isDeleted:":"true", "version":"1736405284430"}}
{"logTime": "0111/060027", "correlationVector":"shiE0yacgAg5OtSnP+44U/.66","action":"GetUpdates", "result":"DeleteReceived", "context":{"id":"c5c2dd56-feef-4ab9-82ab-da85b4217ad1", "isDeleted:":"true", "version":"1736405284431"}}
{"logTime": "0111/060027", "correlationVector":"shiE0yacgAg5OtSnP+44U/.67","action":"GetUpdates", "result":"DeleteReceived", "context":{"id":"ee32a64d-af7d-4765-9c78-0b46c217ae31", "isDeleted:":"true", "version":"1736405284432"}}
{"logTime": "0111/060027", "correlationVector":"shiE0yacgAg5OtSnP+44U/.68","action":"GetUpdates", "result":"DeleteReceived", "context":{"id":"cbb1c219-b479-430b-84f6-96d71ad0cccb", "isDeleted:":"true", "version":"1736405284433"}}
{"logTime": "0111/060027", "correlationVector":"shiE0yacgAg5OtSnP+44U/.69","action":"GetUpdates", "result":"DeleteReceived", "context":{"id":"1e73a8b9-eb40-4b8c-9e4d-7fb55a3742d8", "isDeleted:":"true", "version":"1736405284434"}}
{"logTime": "0111/060027", "correlationVector":"shiE0yacgAg5OtSnP+44U/.70","action":"GetUpdates", "result":"DeleteReceived", "context":{"id":"75723271-afad-4df7-99af-fd3fe730c123", "isDeleted:":"true", "version":"1736405284435"}}
{"logTime": "0111/060027", "correlationVector":"shiE0yacgAg5OtSnP+44U/.71","action":"GetUpdates", "result":"DeleteReceived", "context":{"id":"61b22fd1-e18c-4b96-a277-4fcd7a3946a0", "isDeleted:":"true", "version":"1736405284436"}}
{"logTime": "0111/060027", "correlationVector":"shiE0yacgAg5OtSnP+44U/.72","action":"GetUpdates", "result":"DeleteReceived", "context":{"id":"9e66a147-062c-45eb-b4c9-036353bc049a", "isDeleted:":"true", "version":"1736405284437"}}
{"logTime": "0111/060027", "correlationVector":"shiE0yacgAg5OtSnP+44U/.73","action":"GetUpdates", "result":"DeleteReceived", "context":{"id":"875cb82c-1c57-4e7e-b8d4-e73507c286ff", "isDeleted:":"true", "version":"1736405284438"}}
{"logTime": "0111/060027", "correlationVector":"shiE0yacgAg5OtSnP+44U/.74","action":"GetUpdates", "result":"DeleteReceived", "context":{"id":"6c8d690f-7545-4b20-9028-f5b9e8dfd51f", "isDeleted:":"true", "version":"1736405284439"}}
{"logTime": "0111/060027", "correlationVector":"shiE0yacgAg5OtSnP+44U/.75","action":"GetUpdates", "result":"DeleteReceived", "context":{"id":"f7c2ad38-eb98-4e49-af28-a247023e12f5", "isDeleted:":"true", "version":"1736405284440"}}
{"logTime": "0111/060027", "correlationVector":"shiE0yacgAg5OtSnP+44U/.76","action":"GetUpdates Response", "result":"Success", "context":Received 250 update(s). cV=shiE0yacgAg5OtSnP+44U/.0;server=akswtt00300008q;cloudType=Consumer;environment=Prod_japaneast_prod-s01-061-apac-japaneast;migrationStage=NotStarted Some updates remain.}
{"logTime": "0111/060027", "correlationVector":"Rh/odmQNIqddIkuvlf7Ro0","action":"Initial GetUpdates", "result":"", "context":Reason: NEWLY_SUPPORTED_DATATYPE. cV=Rh/odmQNIqddIkuvlf7Ro0}
{"logTime": "0111/060028", "correlationVector":"Rh/odmQNIqddIkuvlf7Ro0.1","action":"SyncServerConnectionManagerRequest", "result":"SYNC_SERVER_OK", "context":{"environment":"Prod_japaneast_prod-s01-061-apac-japaneast", "migrationStage":"NotStarted", "server":"akswtt00300002t"}}
{"logTime": "0111/060028", "correlationVector":"Rh/odmQNIqddIkuvlf7Ro0.2","action":"GetUpdates Response", "result":"Success", "context":Received 250 update(s). cV=Rh/odmQNIqddIkuvlf7Ro0.0;server=akswtt00300002t;cloudType=Consumer;environment=Prod_japaneast_prod-s01-061-apac-japaneast;migrationStage=NotStarted Some updates remain.}
{"logTime": "0111/060028", "correlationVector":"DzPLHxLsSmpOTSONCVaZTb","action":"Initial GetUpdates", "result":"", "context":Reason: NEWLY_SUPPORTED_DATATYPE. cV=DzPLHxLsSmpOTSONCVaZTb}
{"logTime": "0111/060028", "correlationVector":"DzPLHxLsSmpOTSONCVaZTb.1","action":"SyncServerConnectionManagerRequest", "result":"SYNC_SERVER_OK", "context":{"environment":"Prod_japaneast_prod-s01-061-apac-japaneast", "migrationStage":"NotStarted", "server":"akswtt003000031"}}
{"logTime": "0111/060028", "correlationVector":"DzPLHxLsSmpOTSONCVaZTb.2","action":"GetUpdates Response", "result":"Success", "context":Received 133 update(s). cV=DzPLHxLsSmpOTSONCVaZTb.0;server=akswtt003000031;cloudType=Consumer;environment=Prod_japaneast_prod-s01-061-apac-japaneast;migrationStage=NotStarted}
{"logTime": "0111/060028", "correlationVector":"umTGEpKlwo6T9sBATdWpyq","action":"Normal GetUpdate request", "result":"", "context":cV=umTGEpKlwo6T9sBATdWpyq
Refresh requested types: Bookmarks, Passwords, Autofill Profiles, Autofill, History, Edge Wallet, Encryption Keys}
{"logTime": "0111/060029", "correlationVector":"umTGEpKlwo6T9sBATdWpyq.1","action":"SyncServerConnectionManagerRequest", "result":"SYNC_SERVER_OK", "context":{"environment":"Prod_japaneast_prod-s01-061-apac-japaneast", "migrationStage":"NotStarted", "server":"akswtt00300006q"}}
{"logTime": "0111/060029", "correlationVector":"umTGEpKlwo6T9sBATdWpyq.2","action":"GetUpdates Response", "result":"Success", "context":Received 34 update(s). cV=umTGEpKlwo6T9sBATdWpyq.0;server=akswtt00300006q;cloudType=Consumer;environment=Prod_japaneast_prod-s01-061-apac-japaneast;migrationStage=NotStarted}
{"logTime": "0111/060029", "correlationVector":"D2xiqs7dKhKY2SnVahlCx8","action":"Poll GetUpdate request", "result":"", "context":cV=D2xiqs7dKhKY2SnVahlCx8}
{"logTime": "0111/060030", "correlationVector":"D2xiqs7dKhKY2SnVahlCx8.1","action":"SyncServerConnectionManagerRequest", "result":"SYNC_SERVER_OK", "context":{"environment":"Prod_japaneast_prod-s01-061-apac-japaneast", "migrationStage":"NotStarted", "server":"akswtt00300008q"}}
{"logTime": "0111/060030", "correlationVector":"D2xiqs7dKhKY2SnVahlCx8.2","action":"GetUpdates Response", "result":"Success", "context":Received 0 update(s). cV=D2xiqs7dKhKY2SnVahlCx8.0;server=akswtt00300008q;cloudType=Consumer;environment=Prod_japaneast_prod-s01-061-apac-japaneast;migrationStage=NotStarted}
{"logTime": "0111/060100", "correlationVector":"+rcCi0+vd7L0+fMUWxaltp","action":"Commit Request", "result":"", "context":Item count: 6
Contributing types: History}
{"logTime": "0111/060103", "correlationVector":"+rcCi0+vd7L0+fMUWxaltp.1","action":"SyncServerConnectionManagerRequest", "result":"SYNC_SERVER_OK", "context":{"environment":"Prod_japaneast_prod-s01-061-apac-japaneast", "migrationStage":"NotStarted", "server":"akswtt00300006h"}}
{"logTime": "0111/060103", "correlationVector":"+rcCi0+vd7L0+fMUWxaltp.2","action":"Commit Response", "result":"Success", "context":Result: Success. cV=+rcCi0+vd7L0+fMUWxaltp.0;server=akswtt00300006h;cloudType=Consumer;environment=Prod_japaneast_prod-s01-061-apac-japaneast;migrationStage=NotStarted}
{"logTime": "0111/060250", "correlationVector":"ic3+Mnw1TaLAIw0ZN0QO7N","action":"Commit Request", "result":"", "context":Item count: 40
Contributing types: Passwords}
{"logTime": "0111/060258", "correlationVector":"ic3+Mnw1TaLAIw0ZN0QO7N.1","action":"SyncServerConnectionManagerRequest", "result":"SYNC_SERVER_OK", "context":{"environment":"Prod_japaneast_prod-s01-061-apac-japaneast", "migrationStage":"NotStarted", "server":"akswtt00300003g"}}
{"logTime": "0111/060258", "correlationVector":"ic3+Mnw1TaLAIw0ZN0QO7N.2","action":"Commit Response", "result":"Success", "context":Result: Success. cV=ic3+Mnw1TaLAIw0ZN0QO7N.0;server=akswtt00300003g;cloudType=Consumer;environment=Prod_japaneast_prod-s01-061-apac-japaneast;migrationStage=NotStarted}
{"logTime": "0111/060258", "correlationVector":"JZkMkcGgP7LB65o8brkULE","action":"Commit Request", "result":"", "context":Item count: 40
Contributing types: Passwords}
{"logTime": "0111/060300", "correlationVector":"JZkMkcGgP7LB65o8brkULE.1","action":"SyncServerConnectionManagerRequest", "result":"SYNC_SERVER_OK", "context":{"environment":"Prod_japaneast_prod-s01-061-apac-japaneast", "migrationStage":"NotStarted", "server":"akswtt00300000q"}}
{"logTime": "0111/060300", "correlationVector":"JZkMkcGgP7LB65o8brkULE.2","action":"Commit Response", "result":"Success", "context":Result: Success. cV=JZkMkcGgP7LB65o8brkULE.0;server=akswtt00300000q;cloudType=Consumer;environment=Prod_japaneast_prod-s01-061-apac-japaneast;migrationStage=NotStarted}
{"logTime": "0111/060300", "correlationVector":"YjYqnWw/iHrLHbo+/UUBba","action":"Commit Request", "result":"", "context":Item count: 18
Contributing types: Passwords}
{"logTime": "0111/060302", "correlationVector":"YjYqnWw/iHrLHbo+/UUBba.1","action":"SyncServerConnectionManagerRequest", "result":"SYNC_SERVER_OK", "context":{"environment":"Prod_japaneast_prod-s01-061-apac-japaneast", "migrationStage":"NotStarted", "server":"akswtt00300006q"}}
{"logTime": "0111/060302", "correlationVector":"YjYqnWw/iHrLHbo+/UUBba.2","action":"Commit Response", "result":"Success", "context":Result: Success. cV=YjYqnWw/iHrLHbo+/UUBba.0;server=akswtt00300006q;cloudType=Consumer;environment=Prod_japaneast_prod-s01-061-apac-japaneast;migrationStage=NotStarted}
{"logTime": "0111/060522", "correlationVector":"lxqGr38UssW86m7+4vH7/u","action":"Normal GetUpdate request", "result":"", "context":cV=lxqGr38UssW86m7+4vH7/u
Nudged types: History
Refresh requested types: Bookmarks, Passwords, Autofill Profiles, Autofill, History, Edge Wallet, Encryption Keys}
{"logTime": "0111/060524", "correlationVector":"lxqGr38UssW86m7+4vH7/u.1","action":"SyncServerConnectionManagerRequest", "result":"SYNC_SERVER_OK", "context":{"environment":"Prod_japaneast_prod-s01-061-apac-japaneast", "migrationStage":"NotStarted", "server":"akswtt003000020"}}
{"logTime": "0111/060524", "correlationVector":"lxqGr38UssW86m7+4vH7/u.2","action":"GetUpdates Response", "result":"Success", "context":Received 104 update(s). cV=lxqGr38UssW86m7+4vH7/u.0;server=akswtt003000020;cloudType=Consumer;environment=Prod_japaneast_prod-s01-061-apac-japaneast;migrationStage=NotStarted}
{"logTime": "0111/060524", "correlationVector":"hYzPONaHy1G06m8k4SlGjF","action":"Commit Request", "result":"", "context":Item count: 1
Contributing types: History}
{"logTime": "0111/060524", "correlationVector":"hYzPONaHy1G06m8k4SlGjF.1","action":"SyncServerConnectionManagerRequest", "result":"SYNC_SERVER_OK", "context":{"environment":"Prod_japaneast_prod-s01-061-apac-japaneast", "migrationStage":"NotStarted", "server":"akswtt003000015"}}
{"logTime": "0111/060524", "correlationVector":"hYzPONaHy1G06m8k4SlGjF.2","action":"Commit Response", "result":"Success", "context":Result: Success. cV=hYzPONaHy1G06m8k4SlGjF.0;server=akswtt003000015;cloudType=Consumer;environment=Prod_japaneast_prod-s01-061-apac-japaneast;migrationStage=NotStarted}
{"logTime": "0111/060554", "correlationVector":"Dqw9+h9I9fd4OlViwBE7CL","action":"Commit Request", "result":"", "context":Item count: 3
Contributing types: History}
{"logTime": "0111/060557", "correlationVector":"Dqw9+h9I9fd4OlViwBE7CL.1","action":"SyncServerConnectionManagerRequest", "result":"SYNC_SERVER_OK", "context":{"environment":"Prod_japaneast_prod-s01-061-apac-japaneast", "migrationStage":"NotStarted", "server":"akswtt003000044"}}
{"logTime": "0111/060557", "correlationVector":"Dqw9+h9I9fd4OlViwBE7CL.2","action":"Commit Response", "result":"Success", "context":Result: Success. cV=Dqw9+h9I9fd4OlViwBE7CL.0;server=akswtt003000044;cloudType=Consumer;environment=Prod_japaneast_prod-s01-061-apac-japaneast;migrationStage=NotStarted}
{"logTime": "0111/060815", "correlationVector":"jl4+1ZVw6tmxuNcv5V5w0J","action":"Commit Request", "result":"", "context":Item count: 2
Contributing types: History}
{"logTime": "0111/060819", "correlationVector":"jl4+1ZVw6tmxuNcv5V5w0J.1","action":"SyncServerConnectionManagerRequest", "result":"SYNC_SERVER_OK", "context":{"environment":"Prod_japaneast_prod-s01-061-apac-japaneast", "migrationStage":"NotStarted", "server":"akswtt00300003a"}}
{"logTime": "0111/060819", "correlationVector":"jl4+1ZVw6tmxuNcv5V5w0J.2","action":"Commit Response", "result":"Success", "context":Result: Success. cV=jl4+1ZVw6tmxuNcv5V5w0J.0;server=akswtt00300003a;cloudType=Consumer;environment=Prod_japaneast_prod-s01-061-apac-japaneast;migrationStage=NotStarted}
{"logTime": "0111/060905", "correlationVector":"+nd5/rFwop20NB1PKm4LjF","action":"Commit Request", "result":"", "context":Item count: 3
Contributing types: History}
{"logTime": "0111/060906", "correlationVector":"+nd5/rFwop20NB1PKm4LjF.1","action":"SyncServerConnectionManagerRequest", "result":"SYNC_SERVER_OK", "context":{"environment":"Prod_japaneast_prod-s01-061-apac-japaneast", "migrationStage":"NotStarted", "server":"akswtt003000072"}}
{"logTime": "0111/060906", "correlationVector":"+nd5/rFwop20NB1PKm4LjF.2","action":"Commit Response", "result":"Success", "context":Result: Success. cV=+nd5/rFwop20NB1PKm4LjF.0;server=akswtt003000072;cloudType=Consumer;environment=Prod_japaneast_prod-s01-061-apac-japaneast;migrationStage=NotStarted}
{"logTime": "0111/061203", "correlationVector":"gkDdAjTOsGZbVKxUqzHhxx","action":"Commit Request", "result":"", "context":Item count: 2
Contributing types: History}
{"logTime": "0111/061204", "correlationVector":"gkDdAjTOsGZbVKxUqzHhxx.1","action":"SyncServerConnectionManagerRequest", "result":"SYNC_SERVER_OK", "context":{"environment":"Prod_japaneast_prod-s01-061-apac-japaneast", "migrationStage":"NotStarted", "server":"akswtt003000075"}}
{"logTime": "0111/061204", "correlationVector":"gkDdAjTOsGZbVKxUqzHhxx.2","action":"Commit Response", "result":"Success", "context":Result: Success. cV=gkDdAjTOsGZbVKxUqzHhxx.0;server=akswtt003000075;cloudType=Consumer;environment=Prod_japaneast_prod-s01-061-apac-japaneast;migrationStage=NotStarted}
{"logTime": "0111/063549", "correlationVector":"Z/TARpeNzKd9J96+VIxGDr","action":"Commit Request", "result":"", "context":Item count: 3
Contributing types: History}
{"logTime": "0111/063550", "correlationVector":"Z/TARpeNzKd9J96+VIxGDr.1","action":"SyncServerConnectionManagerRequest", "result":"SYNC_SERVER_OK", "context":{"environment":"Prod_japaneast_prod-s01-061-apac-japaneast", "migrationStage":"NotStarted", "server":"akswtt00300002x"}}
{"logTime": "0111/063550", "correlationVector":"Z/TARpeNzKd9J96+VIxGDr.2","action":"Commit Response", "result":"Success", "context":Result: Success. cV=Z/TARpeNzKd9J96+VIxGDr.0;server=akswtt00300002x;cloudType=Consumer;environment=Prod_japaneast_prod-s01-061-apac-japaneast;migrationStage=NotStarted}
{"logTime": "0111/063716", "correlationVector":"+Bf7j92Hhnph+miE4wSTvl.1","action":"SyncServerConnectionManagerRequest", "result":"SYNC_SERVER_OK", "context":{"environment":"Prod_japaneast_prod-s01-061-apac-japaneast", "migrationStage":"NotStarted", "server":"akswtt00300001q"}}
{"logTime": "0111/063717", "correlationVector":"EqeYev+8K/Dy27Z2azNSUv","action":"SyncServerConnectionManagerRequest", "result":"SYNC_SERVER_OK", "context":{"environment":"", "migrationStage":"", "server":""}}
{"logTime": "0111/063717", "correlationVector":"+Bf7j92Hhnph+miE4wSTvl","action":"Initial GetUpdates", "result":"", "context":Reason: NEW_CLIENT. cV=+Bf7j92Hhnph+miE4wSTvl}
{"logTime": "0111/063717", "correlationVector":"+Bf7j92Hhnph+miE4wSTvl.2","action":"GetUpdates Response", "result":"Success", "context":Received 1 update(s). cV=+Bf7j92Hhnph+miE4wSTvl.0;server=akswtt00300001q;cloudType=Consumer;environment=Prod_japaneast_prod-s01-061-apac-japaneast;migrationStage=NotStarted}
{"logTime": "0111/063717", "correlationVector":"jVXsVVA/1McGmG5KH3dpz4","action":"Initial GetUpdates", "result":"", "context":Reason: NEWLY_SUPPORTED_DATATYPE. cV=jVXsVVA/1McGmG5KH3dpz4}
{"logTime": "0111/063718", "correlationVector":"jVXsVVA/1McGmG5KH3dpz4.1","action":"SyncServerConnectionManagerRequest", "result":"SYNC_SERVER_OK", "context":{"environment":"Prod_japaneast_prod-s01-061-apac-japaneast", "migrationStage":"NotStarted", "server":"akswtt003000070"}}
{"logTime": "0111/063718", "correlationVector":"jVXsVVA/1McGmG5KH3dpz4.2","action":"GetUpdates", "result":"DeleteReceived", "context":{"id":"90ec0c88-0d37-45ea-97af-8d848bb85025", "isDeleted:":"true", "version":"1706253799910"}}
{"logTime": "0111/063718", "correlationVector":"jVXsVVA/1McGmG5KH3dpz4.3","action":"GetUpdates", "result":"DeleteReceived", "context":{"id":"604cfdc1-7b77-4050-9d28-c7613170c75e", "isDeleted:":"true", "version":"1706253801288"}}
{"logTime": "0111/063718", "correlationVector":"jVXsVVA/1McGmG5KH3dpz4.4","action":"GetUpdates", "result":"DeleteReceived", "context":{"id":"471788b6-24d6-45dd-a6de-5b2402cad0d5", "isDeleted:":"true", "version":"1706253820563"}}
{"logTime": "0111/063718", "correlationVector":"jVXsVVA/1McGmG5KH3dpz4.5","action":"GetUpdates", "result":"DeleteReceived", "context":{"id":"ef6695c5-52c6-48cb-a81a-32eade68099b", "isDeleted:":"true", "version":"1706253822658"}}
{"logTime": "0111/063718", "correlationVector":"jVXsVVA/1McGmG5KH3dpz4.6","action":"GetUpdates", "result":"DeleteReceived", "context":{"id":"4940d30d-d8bc-4f53-8ce1-5b3a2bb1d092", "isDeleted:":"true", "version":"1706253824602"}}
{"logTime": "0111/063718", "correlationVector":"jVXsVVA/1McGmG5KH3dpz4.7","action":"GetUpdates", "result":"DeleteReceived", "context":{"id":"8c3b4b96-4fa4-443b-a5ce-e1a6043eb034", "isDeleted:":"true", "version":"1706253830237"}}
{"logTime": "0111/063718", "correlationVector":"jVXsVVA/1McGmG5KH3dpz4.8","action":"GetUpdates", "result":"DeleteReceived", "context":{"id":"cc6363a5-6b86-4244-ac56-dbb56ab83c3d", "isDeleted:":"true", "version":"1706253845405"}}
{"logTime": "0111/063718", "correlationVector":"jVXsVVA/1McGmG5KH3dpz4.9","action":"GetUpdates", "result":"DeleteReceived", "context":{"id":"270eaee0-4a9e-4465-b283-ed46d701111e", "isDeleted:":"true", "version":"1706253964475"}}
{"logTime": "0111/063718", "correlationVector":"jVXsVVA/1McGmG5KH3dpz4.10","action":"GetUpdates", "result":"DeleteReceived", "context":{"id":"9244f4a6-2eb6-478a-8990-faf6d431b4ca", "isDeleted:":"true", "version":"1707052312806"}}
{"logTime": "0111/063718", "correlationVector":"jVXsVVA/1McGmG5KH3dpz4.11","action":"GetUpdates", "result":"DeleteReceived", "context":{"id":"a5022c92-2c61-46ff-97be-b735474d5b92", "isDeleted:":"true", "version":"1708352247900"}}
{"logTime": "0111/063718", "correlationVector":"jVXsVVA/1McGmG5KH3dpz4.12","action":"GetUpdates", "result":"DeleteReceived", "context":{"id":"b366baab-5229-4edc-baee-fe8b8a56e8d3", "isDeleted:":"true", "version":"1708953819872"}}
{"logTime": "0111/063718", "correlationVector":"jVXsVVA/1McGmG5KH3dpz4.13","action":"GetUpdates", "result":"DeleteReceived", "context":{"id":"53ffe2b0-6b11-40f5-87be-42b671df7a1c", "isDeleted:":"true", "version":"1709290811744"}}
{"logTime": "0111/063718", "correlationVector":"jVXsVVA/1McGmG5KH3dpz4.14","action":"GetUpdates", "result":"DeleteReceived", "context":{"id":"a28d56fe-eb3f-4343-96e4-aaa3b34339ae", "isDeleted:":"true", "version":"1709291371587"}}
{"logTime": "0111/063718", "correlationVector":"jVXsVVA/1McGmG5KH3dpz4.15","action":"GetUpdates", "result":"DeleteReceived", "context":{"id":"4468d396-10a5-4822-b9bf-2c5a41a146c9", "isDeleted:":"true", "version":"1709291410225"}}
{"logTime": "0111/063718", "correlationVector":"jVXsVVA/1McGmG5KH3dpz4.16","action":"GetUpdates", "result":"DeleteReceived", "context":{"id":"7fc51ea1-ac51-4410-9d7a-e36132b6d2d0", "isDeleted:":"true", "version":"1709291425330"}}
{"logTime": "0111/063718", "correlationVector":"jVXsVVA/1McGmG5KH3dpz4.17","action":"GetUpdates", "result":"DeleteReceived", "context":{"id":"28848c1b-ac53-4899-b715-9cf5b800c056", "isDeleted:":"true", "version":"1709291446789"}}
{"logTime": "0111/063718", "correlationVector":"jVXsVVA/1McGmG5KH3dpz4.18","action":"GetUpdates", "result":"DeleteReceived", "context":{"id":"dc2d9562-f8eb-4ed1-a500-f25ead372b62", "isDeleted:":"true", "version":"1709291451572"}}
{"logTime": "0111/063718", "correlationVector":"jVXsVVA/1McGmG5KH3dpz4.19","action":"GetUpdates", "result":"DeleteReceived", "context":{"id":"90938b7f-3313-46f9-8da7-cdb6d3630a7c", "isDeleted:":"true", "version":"1709291454889"}}
{"logTime": "0111/063718", "correlationVector":"jVXsVVA/1McGmG5KH3dpz4.20","action":"GetUpdates", "result":"DeleteReceived", "context":{"id":"aeace70d-bc55-4e5b-87ae-6d7845828d3a", "isDeleted:":"true", "version":"1709291456676"}}
{"logTime": "0111/063718", "correlationVector":"jVXsVVA/1McGmG5KH3dpz4.21","action":"GetUpdates", "result":"DeleteReceived", "context":{"id":"314b16c1-b1fb-43e3-bad6-355119538c76", "isDeleted:":"true", "version":"1709291458171"}}
{"logTime": "0111/063718", "correlationVector":"jVXsVVA/1McGmG5KH3dpz4.22","action":"GetUpdates", "result":"DeleteReceived", "context":{"id":"b07a59db-d341-471b-8973-034e81408e65", "isDeleted:":"true", "version":"1709291462397"}}
{"logTime": "0111/063718", "correlationVector":"jVXsVVA/1McGmG5KH3dpz4.23","action":"GetUpdates", "result":"DeleteReceived", "context":{"id":"6a4f89d2-5f43-4790-8d8a-c615cc57a57c", "isDeleted:":"true", "version":"1710818712586"}}
{"logTime": "0111/063718", "correlationVector":"jVXsVVA/1McGmG5KH3dpz4.24","action":"GetUpdates", "result":"DeleteReceived", "context":{"id":"9910292d-a278-4cfd-a953-c729cbcd57a7", "isDeleted:":"true", "version":"1711509784656"}}
{"logTime": "0111/063718", "correlationVector":"jVXsVVA/1McGmG5KH3dpz4.25","action":"GetUpdates", "result":"DeleteReceived", "context":{"id":"6c3f5f79-f8f1-4825-b702-32769b11ade8", "isDeleted:":"true", "version":"1712574838743"}}
{"logTime": "0111/063718", "correlationVector":"jVXsVVA/1McGmG5KH3dpz4.26","action":"GetUpdates", "result":"DeleteReceived", "context":{"id":"eaf24aa9-6de5-4b16-943a-49c40de78f39", "isDeleted:":"true", "version":"1713359247893"}}
{"logTime": "0111/063718", "correlationVector":"jVXsVVA/1McGmG5KH3dpz4.27","action":"GetUpdates", "result":"DeleteReceived", "context":{"id":"98477ec1-34be-4253-81a9-fcc1aa235b24", "isDeleted:":"true", "version":"1716957318201"}}
{"logTime": "0111/063718", "correlationVector":"jVXsVVA/1McGmG5KH3dpz4.28","action":"GetUpdates", "result":"DeleteReceived", "context":{"id":"00cc41a5-fde6-49dc-98cc-cb430e2e3a6c", "isDeleted:":"true", "version":"1717585864097"}}
{"logTime": "0111/063718", "correlationVector":"jVXsVVA/1McGmG5KH3dpz4.29","action":"GetUpdates", "result":"DeleteReceived", "context":{"id":"3a581306-dc5e-45f8-91b5-0a0e0011bd8c", "isDeleted:":"true", "version":"1720798363857"}}
{"logTime": "0111/063718", "correlationVector":"jVXsVVA/1McGmG5KH3dpz4.30","action":"GetUpdates", "result":"DeleteReceived", "context":{"id":"4ee38176-3097-4bc5-9ac3-1dd4f4407c6e", "isDeleted:":"true", "version":"1723636703672"}}
{"logTime": "0111/063718", "correlationVector":"jVXsVVA/1McGmG5KH3dpz4.31","action":"GetUpdates", "result":"DeleteReceived", "context":{"id":"9c08e1d1-c7de-452a-b2a7-3e5c741f25bb", "isDeleted:":"true", "version":"1733148470417"}}
{"logTime": "0111/063718", "correlationVector":"jVXsVVA/1McGmG5KH3dpz4.32","action":"GetUpdates", "result":"DeleteReceived", "context":{"id":"c582587b-7b64-433b-861f-a24b9e300199", "isDeleted:":"true", "version":"1735453954990"}}
{"logTime": "0111/063718", "correlationVector":"jVXsVVA/1McGmG5KH3dpz4.33","action":"GetUpdates", "result":"DeleteReceived", "context":{"id":"9861ee96-d447-4247-9b7b-c492c96e32f1", "isDeleted:":"true", "version":"1735453956095"}}
{"logTime": "0111/063718", "correlationVector":"jVXsVVA/1McGmG5KH3dpz4.34","action":"GetUpdates", "result":"DeleteReceived", "context":{"id":"a240d656-243c-4f55-a706-288db06c48a2", "isDeleted:":"true", "version":"1735453958159"}}
{"logTime": "0111/063718", "correlationVector":"jVXsVVA/1McGmG5KH3dpz4.35","action":"GetUpdates", "result":"DeleteReceived", "context":{"id":"d868e2a0-4e90-4004-9827-7c47a76938ad", "isDeleted:":"true", "version":"1735453959109"}}
{"logTime": "0111/063718", "correlationVector":"jVXsVVA/1McGmG5KH3dpz4.36","action":"GetUpdates", "result":"DeleteReceived", "context":{"id":"b0447136-ca4d-4c96-ab25-b4ffd7268bf6", "isDeleted:":"true", "version":"1735453970645"}}
{"logTime": "0111/063718", "correlationVector":"jVXsVVA/1McGmG5KH3dpz4.37","action":"GetUpdates", "result":"DeleteReceived", "context":{"id":"9da7af14-1a1c-4d68-ba6c-4ba45f2e0ee2", "isDeleted:":"true", "version":"1736490686567"}}
{"logTime": "0111/063718", "correlationVector":"jVXsVVA/1McGmG5KH3dpz4.38","action":"GetUpdates Response", "result":"Success", "context":Received 175 update(s). cV=jVXsVVA/1McGmG5KH3dpz4.0;server=akswtt003000070;cloudType=Consumer;environment=Prod_japaneast_prod-s01-061-apac-japaneast;migrationStage=NotStarted}
{"logTime": "0111/063720", "correlationVector":"cVRIakUQ7zL6O/fzcas6Oz","action":"Normal GetUpdate request", "result":"", "context":cV=cVRIakUQ7zL6O/fzcas6Oz
Refresh requested types: Bookmarks, Passwords, Autofill Profiles, Autofill, History, Edge Wallet, Encryption Keys}
{"logTime": "0111/063721", "correlationVector":"cVRIakUQ7zL6O/fzcas6Oz.1","action":"SyncServerConnectionManagerRequest", "result":"SYNC_SERVER_OK", "context":{"environment":"Prod_japaneast_prod-s01-061-apac-japaneast", "migrationStage":"NotStarted", "server":"akswtt00300004q"}}
{"logTime": "0111/063721", "correlationVector":"cVRIakUQ7zL6O/fzcas6Oz.2","action":"GetUpdates Response", "result":"Success", "context":Received 9 update(s). cV=cVRIakUQ7zL6O/fzcas6Oz.0;server=akswtt00300004q;cloudType=Consumer;environment=Prod_japaneast_prod-s01-061-apac-japaneast;migrationStage=NotStarted}
{"logTime": "0111/063754", "correlationVector":"8AmEz7VoY5B9ERBYzWr0gf","action":"Commit Request", "result":"", "context":Item count: 8
Contributing types: History}
{"logTime": "0111/063755", "correlationVector":"8AmEz7VoY5B9ERBYzWr0gf.1","action":"SyncServerConnectionManagerRequest", "result":"SYNC_SERVER_OK", "context":{"environment":"Prod_japaneast_prod-s01-061-apac-japaneast", "migrationStage":"NotStarted", "server":"akswtt00300003l"}}
{"logTime": "0111/063755", "correlationVector":"8AmEz7VoY5B9ERBYzWr0gf.2","action":"Commit Response", "result":"Success", "context":Result: Success. cV=8AmEz7VoY5B9ERBYzWr0gf.0;server=akswtt00300003l;cloudType=Consumer;environment=Prod_japaneast_prod-s01-061-apac-japaneast;migrationStage=NotStarted}
{"logTime": "0111/063941", "correlationVector":"rUsZDlPS0KMvLYoRoOJkxw","action":"Commit Request", "result":"", "context":Item count: 40
Contributing types: Passwords}
{"logTime": "0111/063945", "correlationVector":"rUsZDlPS0KMvLYoRoOJkxw.1","action":"SyncServerConnectionManagerRequest", "result":"SYNC_SERVER_OK", "context":{"environment":"Prod_japaneast_prod-s01-061-apac-japaneast", "migrationStage":"NotStarted", "server":"akswtt00300003t"}}
{"logTime": "0111/063945", "correlationVector":"rUsZDlPS0KMvLYoRoOJkxw.2","action":"Commit Response", "result":"Success", "context":Result: Success. cV=rUsZDlPS0KMvLYoRoOJkxw.0;server=akswtt00300003t;cloudType=Consumer;environment=Prod_japaneast_prod-s01-061-apac-japaneast;migrationStage=NotStarted}
{"logTime": "0111/063945", "correlationVector":"abEe+01K97+iYmBCA9dGFM","action":"Commit Request", "result":"", "context":Item count: 40
Contributing types: Passwords}
{"logTime": "0111/063948", "correlationVector":"abEe+01K97+iYmBCA9dGFM.1","action":"SyncServerConnectionManagerRequest", "result":"SYNC_SERVER_OK", "context":{"environment":"Prod_japaneast_prod-s01-061-apac-japaneast", "migrationStage":"NotStarted", "server":"akswtt00300006s"}}
{"logTime": "0111/063948", "correlationVector":"abEe+01K97+iYmBCA9dGFM.2","action":"Commit Response", "result":"Success", "context":Result: Success. cV=abEe+01K97+iYmBCA9dGFM.0;server=akswtt00300006s;cloudType=Consumer;environment=Prod_japaneast_prod-s01-061-apac-japaneast;migrationStage=NotStarted}
{"logTime": "0111/063948", "correlationVector":"yXT1eC06CpDH4zSTxf8jY6","action":"Commit Request", "result":"", "context":Item count: 9
Contributing types: Passwords}
{"logTime": "0111/063948", "correlationVector":"yXT1eC06CpDH4zSTxf8jY6.1","action":"SyncServerConnectionManagerRequest", "result":"SYNC_SERVER_OK", "context":{"environment":"Prod_japaneast_prod-s01-061-apac-japaneast", "migrationStage":"NotStarted", "server":"akswtt00300005b"}}
{"logTime": "0111/063948", "correlationVector":"yXT1eC06CpDH4zSTxf8jY6.2","action":"Commit Response", "result":"Success", "context":Result: Success. cV=yXT1eC06CpDH4zSTxf8jY6.0;server=akswtt00300005b;cloudType=Consumer;environment=Prod_japaneast_prod-s01-061-apac-japaneast;migrationStage=NotStarted}
{"logTime": "0111/064215", "correlationVector":"2XNwYCI0ZVJ2yPRpXbnUsQ","action":"Normal GetUpdate request", "result":"", "context":cV=2XNwYCI0ZVJ2yPRpXbnUsQ
Refresh requested types: Bookmarks, Passwords, Autofill Profiles, Autofill, History, Edge Wallet, Encryption Keys}
{"logTime": "0111/064216", "correlationVector":"2XNwYCI0ZVJ2yPRpXbnUsQ.1","action":"SyncServerConnectionManagerRequest", "result":"SYNC_SERVER_OK", "context":{"environment":"Prod_japaneast_prod-s01-061-apac-japaneast", "migrationStage":"NotStarted", "server":"akswtt00300004k"}}
{"logTime": "0111/064216", "correlationVector":"2XNwYCI0ZVJ2yPRpXbnUsQ.2","action":"GetUpdates Response", "result":"Success", "context":Received 97 update(s). cV=2XNwYCI0ZVJ2yPRpXbnUsQ.0;server=akswtt00300004k;cloudType=Consumer;environment=Prod_japaneast_prod-s01-061-apac-japaneast;migrationStage=NotStarted}
{"logTime": "0111/065211", "correlationVector":"aPmn8dj2xRe+kd39R4ICvG","action":"Commit Request", "result":"", "context":Item count: 3
Contributing types: History}
{"logTime": "0111/065214", "correlationVector":"aPmn8dj2xRe+kd39R4ICvG.1","action":"SyncServerConnectionManagerRequest", "result":"SYNC_SERVER_OK", "context":{"environment":"Prod_japaneast_prod-s01-061-apac-japaneast", "migrationStage":"NotStarted", "server":"akswtt003000008"}}
{"logTime": "0111/065214", "correlationVector":"aPmn8dj2xRe+kd39R4ICvG.2","action":"Commit Response", "result":"Success", "context":Result: Success. cV=aPmn8dj2xRe+kd39R4ICvG.0;server=akswtt003000008;cloudType=Consumer;environment=Prod_japaneast_prod-s01-061-apac-japaneast;migrationStage=NotStarted}
{"logTime": "0111/065827", "correlationVector":"FZUgTc599yfmqwfXzM4Y5r","action":"Commit Request", "result":"", "context":Item count: 2
Contributing types: History}
{"logTime": "0111/065831", "correlationVector":"FZUgTc599yfmqwfXzM4Y5r.1","action":"SyncServerConnectionManagerRequest", "result":"SYNC_SERVER_OK", "context":{"environment":"Prod_japaneast_prod-s01-061-apac-japaneast", "migrationStage":"NotStarted", "server":"akswtt00300003m"}}
{"logTime": "0111/065831", "correlationVector":"FZUgTc599yfmqwfXzM4Y5r.2","action":"Commit Response", "result":"Success", "context":Result: Success. cV=FZUgTc599yfmqwfXzM4Y5r.0;server=akswtt00300003m;cloudType=Consumer;environment=Prod_japaneast_prod-s01-061-apac-japaneast;migrationStage=NotStarted}
{"logTime": "0111/070623", "correlationVector":"4bn1BC4+DGEWKHVpa7oAs2.1","action":"SyncServerConnectionManagerRequest", "result":"SYNC_SERVER_OK", "context":{"environment":"Prod_japaneast_prod-s01-061-apac-japaneast", "migrationStage":"NotStarted", "server":"akswtt00300008o"}}
{"logTime": "0111/070624", "correlationVector":"1Xu67+BaUT6I3ldsAfEDbh","action":"SyncServerConnectionManagerRequest", "result":"SYNC_SERVER_OK", "context":{"environment":"", "migrationStage":"", "server":""}}
{"logTime": "0111/070624", "correlationVector":"4bn1BC4+DGEWKHVpa7oAs2","action":"Initial GetUpdates", "result":"", "context":Reason: NEW_CLIENT. cV=4bn1BC4+DGEWKHVpa7oAs2}
{"logTime": "0111/070624", "correlationVector":"4bn1BC4+DGEWKHVpa7oAs2.2","action":"GetUpdates Response", "result":"Success", "context":Received 1 update(s). cV=4bn1BC4+DGEWKHVpa7oAs2.0;server=akswtt00300008o;cloudType=Consumer;environment=Prod_japaneast_prod-s01-061-apac-japaneast;migrationStage=NotStarted}
{"logTime": "0111/070624", "correlationVector":"5HNmT3lFb5nz4qTCMaDBai","action":"Initial GetUpdates", "result":"", "context":Reason: NEWLY_SUPPORTED_DATATYPE. cV=5HNmT3lFb5nz4qTCMaDBai}
{"logTime": "0111/070625", "correlationVector":"5HNmT3lFb5nz4qTCMaDBai.1","action":"SyncServerConnectionManagerRequest", "result":"SYNC_SERVER_OK", "context":{"environment":"Prod_japaneast_prod-s01-061-apac-japaneast", "migrationStage":"NotStarted", "server":"akswtt003000001"}}
{"logTime": "0111/070625", "correlationVector":"5HNmT3lFb5nz4qTCMaDBai.2","action":"GetUpdates", "result":"DeleteReceived", "context":{"id":"90ec0c88-0d37-45ea-97af-8d848bb85025", "isDeleted:":"true", "version":"1706253799910"}}
{"logTime": "0111/070625", "correlationVector":"5HNmT3lFb5nz4qTCMaDBai.3","action":"GetUpdates", "result":"DeleteReceived", "context":{"id":"604cfdc1-7b77-4050-9d28-c7613170c75e", "isDeleted:":"true", "version":"1706253801288"}}
{"logTime": "0111/070625", "correlationVector":"5HNmT3lFb5nz4qTCMaDBai.4","action":"GetUpdates", "result":"DeleteReceived", "context":{"id":"471788b6-24d6-45dd-a6de-5b2402cad0d5", "isDeleted:":"true", "version":"1706253820563"}}
{"logTime": "0111/070625", "correlationVector":"5HNmT3lFb5nz4qTCMaDBai.5","action":"GetUpdates", "result":"DeleteReceived", "context":{"id":"ef6695c5-52c6-48cb-a81a-32eade68099b", "isDeleted:":"true", "version":"1706253822658"}}
{"logTime": "0111/070625", "correlationVector":"5HNmT3lFb5nz4qTCMaDBai.6","action":"GetUpdates", "result":"DeleteReceived", "context":{"id":"4940d30d-d8bc-4f53-8ce1-5b3a2bb1d092", "isDeleted:":"true", "version":"1706253824602"}}
{"logTime": "0111/070625", "correlationVector":"5HNmT3lFb5nz4qTCMaDBai.7","action":"GetUpdates", "result":"DeleteReceived", "context":{"id":"8c3b4b96-4fa4-443b-a5ce-e1a6043eb034", "isDeleted:":"true", "version":"1706253830237"}}
{"logTime": "0111/070625", "correlationVector":"5HNmT3lFb5nz4qTCMaDBai.8","action":"GetUpdates", "result":"DeleteReceived", "context":{"id":"cc6363a5-6b86-4244-ac56-dbb56ab83c3d", "isDeleted:":"true", "version":"1706253845405"}}
{"logTime": "0111/070625", "correlationVector":"5HNmT3lFb5nz4qTCMaDBai.9","action":"GetUpdates", "result":"DeleteReceived", "context":{"id":"270eaee0-4a9e-4465-b283-ed46d701111e", "isDeleted:":"true", "version":"1706253964475"}}
{"logTime": "0111/070625", "correlationVector":"5HNmT3lFb5nz4qTCMaDBai.10","action":"GetUpdates", "result":"DeleteReceived", "context":{"id":"9244f4a6-2eb6-478a-8990-faf6d431b4ca", "isDeleted:":"true", "version":"1707052312806"}}
{"logTime": "0111/070625", "correlationVector":"5HNmT3lFb5nz4qTCMaDBai.11","action":"GetUpdates", "result":"DeleteReceived", "context":{"id":"a5022c92-2c61-46ff-97be-b735474d5b92", "isDeleted:":"true", "version":"1708352247900"}}
{"logTime": "0111/070625", "correlationVector":"5HNmT3lFb5nz4qTCMaDBai.12","action":"GetUpdates", "result":"DeleteReceived", "context":{"id":"b366baab-5229-4edc-baee-fe8b8a56e8d3", "isDeleted:":"true", "version":"1708953819872"}}
{"logTime": "0111/070625", "correlationVector":"5HNmT3lFb5nz4qTCMaDBai.13","action":"GetUpdates", "result":"DeleteReceived", "context":{"id":"53ffe2b0-6b11-40f5-87be-42b671df7a1c", "isDeleted:":"true", "version":"1709290811744"}}
{"logTime": "0111/070625", "correlationVector":"5HNmT3lFb5nz4qTCMaDBai.14","action":"GetUpdates", "result":"DeleteReceived", "context":{"id":"a28d56fe-eb3f-4343-96e4-aaa3b34339ae", "isDeleted:":"true", "version":"1709291371587"}}
{"logTime": "0111/070625", "correlationVector":"5HNmT3lFb5nz4qTCMaDBai.15","action":"GetUpdates", "result":"DeleteReceived", "context":{"id":"4468d396-10a5-4822-b9bf-2c5a41a146c9", "isDeleted:":"true", "version":"1709291410225"}}
{"logTime": "0111/070625", "correlationVector":"5HNmT3lFb5nz4qTCMaDBai.16","action":"GetUpdates", "result":"DeleteReceived", "context":{"id":"7fc51ea1-ac51-4410-9d7a-e36132b6d2d0", "isDeleted:":"true", "version":"1709291425330"}}
{"logTime": "0111/070625", "correlationVector":"5HNmT3lFb5nz4qTCMaDBai.17","action":"GetUpdates", "result":"DeleteReceived", "context":{"id":"28848c1b-ac53-4899-b715-9cf5b800c056", "isDeleted:":"true", "version":"1709291446789"}}
{"logTime": "0111/070625", "correlationVector":"5HNmT3lFb5nz4qTCMaDBai.18","action":"GetUpdates", "result":"DeleteReceived", "context":{"id":"dc2d9562-f8eb-4ed1-a500-f25ead372b62", "isDeleted:":"true", "version":"1709291451572"}}
{"logTime": "0111/070625", "correlationVector":"5HNmT3lFb5nz4qTCMaDBai.19","action":"GetUpdates", "result":"DeleteReceived", "context":{"id":"90938b7f-3313-46f9-8da7-cdb6d3630a7c", "isDeleted:":"true", "version":"1709291454889"}}
{"logTime": "0111/070625", "correlationVector":"5HNmT3lFb5nz4qTCMaDBai.20","action":"GetUpdates", "result":"DeleteReceived", "context":{"id":"aeace70d-bc55-4e5b-87ae-6d7845828d3a", "isDeleted:":"true", "version":"1709291456676"}}
{"logTime": "0111/070625", "correlationVector":"5HNmT3lFb5nz4qTCMaDBai.21","action":"GetUpdates", "result":"DeleteReceived", "context":{"id":"314b16c1-b1fb-43e3-bad6-355119538c76", "isDeleted:":"true", "version":"1709291458171"}}
{"logTime": "0111/070625", "correlationVector":"5HNmT3lFb5nz4qTCMaDBai.22","action":"GetUpdates", "result":"DeleteReceived", "context":{"id":"b07a59db-d341-471b-8973-034e81408e65", "isDeleted:":"true", "version":"1709291462397"}}
{"logTime": "0111/070625", "correlationVector":"5HNmT3lFb5nz4qTCMaDBai.23","action":"GetUpdates", "result":"DeleteReceived", "context":{"id":"6a4f89d2-5f43-4790-8d8a-c615cc57a57c", "isDeleted:":"true", "version":"1710818712586"}}
{"logTime": "0111/070625", "correlationVector":"5HNmT3lFb5nz4qTCMaDBai.24","action":"GetUpdates", "result":"DeleteReceived", "context":{"id":"9910292d-a278-4cfd-a953-c729cbcd57a7", "isDeleted:":"true", "version":"1711509784656"}}
{"logTime": "0111/070625", "correlationVector":"5HNmT3lFb5nz4qTCMaDBai.25","action":"GetUpdates", "result":"DeleteReceived", "context":{"id":"6c3f5f79-f8f1-4825-b702-32769b11ade8", "isDeleted:":"true", "version":"1712574838743"}}
{"logTime": "0111/070625", "correlationVector":"5HNmT3lFb5nz4qTCMaDBai.26","action":"GetUpdates", "result":"DeleteReceived", "context":{"id":"eaf24aa9-6de5-4b16-943a-49c40de78f39", "isDeleted:":"true", "version":"1713359247893"}}
{"logTime": "0111/070625", "correlationVector":"5HNmT3lFb5nz4qTCMaDBai.27","action":"GetUpdates", "result":"DeleteReceived", "context":{"id":"98477ec1-34be-4253-81a9-fcc1aa235b24", "isDeleted:":"true", "version":"1716957318201"}}
{"logTime": "0111/070625", "correlationVector":"5HNmT3lFb5nz4qTCMaDBai.28","action":"GetUpdates", "result":"DeleteReceived", "context":{"id":"00cc41a5-fde6-49dc-98cc-cb430e2e3a6c", "isDeleted:":"true", "version":"1717585864097"}}
{"logTime": "0111/070625", "correlationVector":"5HNmT3lFb5nz4qTCMaDBai.29","action":"GetUpdates", "result":"DeleteReceived", "context":{"id":"3a581306-dc5e-45f8-91b5-0a0e0011bd8c", "isDeleted:":"true", "version":"1720798363857"}}
{"logTime": "0111/070625", "correlationVector":"5HNmT3lFb5nz4qTCMaDBai.30","action":"GetUpdates", "result":"DeleteReceived", "context":{"id":"4ee38176-3097-4bc5-9ac3-1dd4f4407c6e", "isDeleted:":"true", "version":"1723636703672"}}
{"logTime": "0111/070625", "correlationVector":"5HNmT3lFb5nz4qTCMaDBai.31","action":"GetUpdates", "result":"DeleteReceived", "context":{"id":"9c08e1d1-c7de-452a-b2a7-3e5c741f25bb", "isDeleted:":"true", "version":"1733148470417"}}
{"logTime": "0111/070625", "correlationVector":"5HNmT3lFb5nz4qTCMaDBai.32","action":"GetUpdates", "result":"DeleteReceived", "context":{"id":"c582587b-7b64-433b-861f-a24b9e300199", "isDeleted:":"true", "version":"1735453954990"}}
{"logTime": "0111/070625", "correlationVector":"5HNmT3lFb5nz4qTCMaDBai.33","action":"GetUpdates", "result":"DeleteReceived", "context":{"id":"9861ee96-d447-4247-9b7b-c492c96e32f1", "isDeleted:":"true", "version":"1735453956095"}}
{"logTime": "0111/070625", "correlationVector":"5HNmT3lFb5nz4qTCMaDBai.34","action":"GetUpdates", "result":"DeleteReceived", "context":{"id":"a240d656-243c-4f55-a706-288db06c48a2", "isDeleted:":"true", "version":"1735453958159"}}
{"logTime": "0111/070625", "correlationVector":"5HNmT3lFb5nz4qTCMaDBai.35","action":"GetUpdates", "result":"DeleteReceived", "context":{"id":"d868e2a0-4e90-4004-9827-7c47a76938ad", "isDeleted:":"true", "version":"1735453959109"}}
{"logTime": "0111/070625", "correlationVector":"5HNmT3lFb5nz4qTCMaDBai.36","action":"GetUpdates", "result":"DeleteReceived", "context":{"id":"b0447136-ca4d-4c96-ab25-b4ffd7268bf6", "isDeleted:":"true", "version":"1735453970645"}}
{"logTime": "0111/070625", "correlationVector":"5HNmT3lFb5nz4qTCMaDBai.37","action":"GetUpdates", "result":"DeleteReceived", "context":{"id":"9da7af14-1a1c-4d68-ba6c-4ba45f2e0ee2", "isDeleted:":"true", "version":"1736490686567"}}
{"logTime": "0111/070625", "correlationVector":"5HNmT3lFb5nz4qTCMaDBai.38","action":"GetUpdates Response", "result":"Success", "context":Received 175 update(s). cV=5HNmT3lFb5nz4qTCMaDBai.0;server=akswtt003000001;cloudType=Consumer;environment=Prod_japaneast_prod-s01-061-apac-japaneast;migrationStage=NotStarted}
{"logTime": "0111/070625", "correlationVector":"Ln54RnQFxuB1ctB3lhJMuG","action":"Normal GetUpdate request", "result":"", "context":cV=Ln54RnQFxuB1ctB3lhJMuG
Nudged types: History
Refresh requested types: Bookmarks, Passwords, Autofill Profiles, Autofill, History, Edge Wallet, Encryption Keys}
{"logTime": "0111/070626", "correlationVector":"Ln54RnQFxuB1ctB3lhJMuG.1","action":"SyncServerConnectionManagerRequest", "result":"SYNC_SERVER_OK", "context":{"environment":"Prod_japaneast_prod-s01-061-apac-japaneast", "migrationStage":"NotStarted", "server":"akswtt00300002f"}}
{"logTime": "0111/070626", "correlationVector":"Ln54RnQFxuB1ctB3lhJMuG.2","action":"GetUpdates Response", "result":"Success", "context":Received 4 update(s). cV=Ln54RnQFxuB1ctB3lhJMuG.0;server=akswtt00300002f;cloudType=Consumer;environment=Prod_japaneast_prod-s01-061-apac-japaneast;migrationStage=NotStarted}
{"logTime": "0111/070700", "correlationVector":"0fhq/LaC68psUwRQFHtren","action":"Commit Request", "result":"", "context":Item count: 7
Contributing types: History}
{"logTime": "0111/070702", "correlationVector":"0fhq/LaC68psUwRQFHtren.1","action":"SyncServerConnectionManagerRequest", "result":"SYNC_SERVER_OK", "context":{"environment":"Prod_japaneast_prod-s01-061-apac-japaneast", "migrationStage":"NotStarted", "server":"akswtt003000008"}}
{"logTime": "0111/070702", "correlationVector":"0fhq/LaC68psUwRQFHtren.2","action":"Commit Response", "result":"Success", "context":Result: Success. cV=0fhq/LaC68psUwRQFHtren.0;server=akswtt003000008;cloudType=Consumer;environment=Prod_japaneast_prod-s01-061-apac-japaneast;migrationStage=NotStarted}
{"logTime": "0111/070907", "correlationVector":"RH/Tj/Fh8N/DrE00eMefvO","action":"Commit Request", "result":"", "context":Item count: 3
Contributing types: History}
{"logTime": "0111/070911", "correlationVector":"RH/Tj/Fh8N/DrE00eMefvO.1","action":"SyncServerConnectionManagerRequest", "result":"SYNC_SERVER_OK", "context":{"environment":"Prod_japaneast_prod-s01-061-apac-japaneast", "migrationStage":"NotStarted", "server":"akswtt003000029"}}
{"logTime": "0111/070911", "correlationVector":"RH/Tj/Fh8N/DrE00eMefvO.2","action":"Commit Response", "result":"Success", "context":Result: Success. cV=RH/Tj/Fh8N/DrE00eMefvO.0;server=akswtt003000029;cloudType=Consumer;environment=Prod_japaneast_prod-s01-061-apac-japaneast;migrationStage=NotStarted}
{"logTime": "0111/071110", "correlationVector":"VclyKLt7YMUqMiNEBUvxUT","action":"Commit Request", "result":"", "context":Item count: 2
Contributing types: History}
{"logTime": "0111/071115", "correlationVector":"VclyKLt7YMUqMiNEBUvxUT.1","action":"SyncServerConnectionManagerRequest", "result":"SYNC_SERVER_OK", "context":{"environment":"Prod_japaneast_prod-s01-061-apac-japaneast", "migrationStage":"NotStarted", "server":"akswtt00300008l"}}
{"logTime": "0111/071115", "correlationVector":"VclyKLt7YMUqMiNEBUvxUT.2","action":"Commit Response", "result":"Success", "context":Result: Success. cV=VclyKLt7YMUqMiNEBUvxUT.0;server=akswtt00300008l;cloudType=Consumer;environment=Prod_japaneast_prod-s01-061-apac-japaneast;migrationStage=NotStarted}
{"logTime": "0111/071122", "correlationVector":"olN2evhVUl0sNGKSMgXXd1","action":"Normal GetUpdate request", "result":"", "context":cV=olN2evhVUl0sNGKSMgXXd1
Nudged types: History
Refresh requested types: Bookmarks, Passwords, Autofill Profiles, Autofill, History, Edge Wallet, Encryption Keys}
{"logTime": "0111/071124", "correlationVector":"olN2evhVUl0sNGKSMgXXd1.1","action":"SyncServerConnectionManagerRequest", "result":"SYNC_SERVER_OK", "context":{"environment":"Prod_japaneast_prod-s01-061-apac-japaneast", "migrationStage":"NotStarted", "server":"akswtt00300005e"}}
{"logTime": "0111/071124", "correlationVector":"olN2evhVUl0sNGKSMgXXd1.2","action":"GetUpdates Response", "result":"Success", "context":Received 10 update(s). cV=olN2evhVUl0sNGKSMgXXd1.0;server=akswtt00300005e;cloudType=Consumer;environment=Prod_japaneast_prod-s01-061-apac-japaneast;migrationStage=NotStarted}
{"logTime": "0111/071124", "correlationVector":"Tu6CvFNukm/JYXyordHzVn","action":"Commit Request", "result":"", "context":Item count: 2
Contributing types: History}
{"logTime": "0111/071124", "correlationVector":"Tu6CvFNukm/JYXyordHzVn.1","action":"SyncServerConnectionManagerRequest", "result":"SYNC_SERVER_OK", "context":{"environment":"Prod_japaneast_prod-s01-061-apac-japaneast", "migrationStage":"NotStarted", "server":"akswtt003000049"}}
{"logTime": "0111/071124", "correlationVector":"Tu6CvFNukm/JYXyordHzVn.2","action":"Commit Response", "result":"Success", "context":Result: Success. cV=Tu6CvFNukm/JYXyordHzVn.0;server=akswtt003000049;cloudType=Consumer;environment=Prod_japaneast_prod-s01-061-apac-japaneast;migrationStage=NotStarted}
{"logTime": "0111/071154", "correlationVector":"uGp0y4MgZMQbL2YhyZhnIK","action":"Commit Request", "result":"", "context":Item count: 4
Contributing types: History}
{"logTime": "0111/071156", "correlationVector":"uGp0y4MgZMQbL2YhyZhnIK.1","action":"SyncServerConnectionManagerRequest", "result":"SYNC_SERVER_OK", "context":{"environment":"Prod_japaneast_prod-s01-061-apac-japaneast", "migrationStage":"NotStarted", "server":"akswtt00300003t"}}
{"logTime": "0111/071156", "correlationVector":"uGp0y4MgZMQbL2YhyZhnIK.2","action":"Commit Response", "result":"Success", "context":Result: Success. cV=uGp0y4MgZMQbL2YhyZhnIK.0;server=akswtt00300003t;cloudType=Consumer;environment=Prod_japaneast_prod-s01-061-apac-japaneast;migrationStage=NotStarted}
{"logTime": "0111/071742", "correlationVector":"VnAjrbhdK2cbNUsUgT4lA7","action":"Commit Request", "result":"", "context":Item count: 3
Contributing types: History}
{"logTime": "0111/071746", "correlationVector":"VnAjrbhdK2cbNUsUgT4lA7.1","action":"SyncServerConnectionManagerRequest", "result":"SYNC_SERVER_OK", "context":{"environment":"Prod_japaneast_prod-s01-061-apac-japaneast", "migrationStage":"NotStarted", "server":"akswtt003000071"}}
{"logTime": "0111/071746", "correlationVector":"VnAjrbhdK2cbNUsUgT4lA7.2","action":"Commit Response", "result":"Success", "context":Result: Success. cV=VnAjrbhdK2cbNUsUgT4lA7.0;server=akswtt003000071;cloudType=Consumer;environment=Prod_japaneast_prod-s01-061-apac-japaneast;migrationStage=NotStarted}
{"logTime": "0111/071951", "correlationVector":"3ScBgTHzLXiqux9fazmKQn","action":"Commit Request", "result":"", "context":Item count: 3
Contributing types: History}
{"logTime": "0111/071953", "correlationVector":"3ScBgTHzLXiqux9fazmKQn.1","action":"SyncServerConnectionManagerRequest", "result":"SYNC_SERVER_OK", "context":{"environment":"Prod_japaneast_prod-s01-061-apac-japaneast", "migrationStage":"NotStarted", "server":"akswtt003000042"}}
{"logTime": "0111/071953", "correlationVector":"3ScBgTHzLXiqux9fazmKQn.2","action":"Commit Response", "result":"Success", "context":Result: Success. cV=3ScBgTHzLXiqux9fazmKQn.0;server=akswtt003000042;cloudType=Consumer;environment=Prod_japaneast_prod-s01-061-apac-japaneast;migrationStage=NotStarted}
{"logTime": "0111/072029", "correlationVector":"9L99tkLt2CHHu/Vy6zRidN","action":"Commit Request", "result":"", "context":Item count: 2
Contributing types: History}
{"logTime": "0111/072029", "correlationVector":"9L99tkLt2CHHu/Vy6zRidN.1","action":"SyncServerConnectionManagerRequest", "result":"SYNC_SERVER_OK", "context":{"environment":"Prod_japaneast_prod-s01-061-apac-japaneast", "migrationStage":"NotStarted", "server":"akswtt00300008w"}}
{"logTime": "0111/072029", "correlationVector":"9L99tkLt2CHHu/Vy6zRidN.2","action":"Commit Response", "result":"Success", "context":Result: Success. cV=9L99tkLt2CHHu/Vy6zRidN.0;server=akswtt00300008w;cloudType=Consumer;environment=Prod_japaneast_prod-s01-061-apac-japaneast;migrationStage=NotStarted}
{"logTime": "0111/072125", "correlationVector":"O2Jc6mhRuP0rdPMSh72wGf","action":"Commit Request", "result":"", "context":Item count: 2
Contributing types: History}
{"logTime": "0111/072131", "correlationVector":"O2Jc6mhRuP0rdPMSh72wGf.1","action":"SyncServerConnectionManagerRequest", "result":"SYNC_SERVER_OK", "context":{"environment":"Prod_japaneast_prod-s01-061-apac-japaneast", "migrationStage":"NotStarted", "server":"akswtt00300003k"}}
{"logTime": "0111/072131", "correlationVector":"O2Jc6mhRuP0rdPMSh72wGf.2","action":"Commit Response", "result":"Success", "context":Result: Success. cV=O2Jc6mhRuP0rdPMSh72wGf.0;server=akswtt00300003k;cloudType=Consumer;environment=Prod_japaneast_prod-s01-061-apac-japaneast;migrationStage=NotStarted}
{"logTime": "0111/072328", "correlationVector":"uRp4zirnZdtyrqsKdBLaeC","action":"Commit Request", "result":"", "context":Item count: 2
Contributing types: History}
{"logTime": "0111/072329", "correlationVector":"uRp4zirnZdtyrqsKdBLaeC.1","action":"SyncServerConnectionManagerRequest", "result":"SYNC_SERVER_OK", "context":{"environment":"Prod_japaneast_prod-s01-061-apac-japaneast", "migrationStage":"NotStarted", "server":"akswtt003000028"}}
{"logTime": "0111/072329", "correlationVector":"uRp4zirnZdtyrqsKdBLaeC.2","action":"Commit Response", "result":"Success", "context":Result: Success. cV=uRp4zirnZdtyrqsKdBLaeC.0;server=akswtt003000028;cloudType=Consumer;environment=Prod_japaneast_prod-s01-061-apac-japaneast;migrationStage=NotStarted}
{"logTime": "0111/072400", "correlationVector":"mvKlzTpD4v1uGN7Mb0UK0m","action":"Commit Request", "result":"", "context":Item count: 4
Contributing types: History}
{"logTime": "0111/072404", "correlationVector":"mvKlzTpD4v1uGN7Mb0UK0m.1","action":"SyncServerConnectionManagerRequest", "result":"SYNC_SERVER_OK", "context":{"environment":"Prod_japaneast_prod-s01-061-apac-japaneast", "migrationStage":"NotStarted", "server":"akswtt00300000y"}}
{"logTime": "0111/072404", "correlationVector":"mvKlzTpD4v1uGN7Mb0UK0m.2","action":"Commit Response", "result":"Success", "context":Result: Success. cV=mvKlzTpD4v1uGN7Mb0UK0m.0;server=akswtt00300000y;cloudType=Consumer;environment=Prod_japaneast_prod-s01-061-apac-japaneast;migrationStage=NotStarted}
{"logTime": "0111/072443", "correlationVector":"fDjrQyh7JjgtDJxh7e2EG4","action":"Commit Request", "result":"", "context":Item count: 3
Contributing types: History}
{"logTime": "0111/072444", "correlationVector":"fDjrQyh7JjgtDJxh7e2EG4.1","action":"SyncServerConnectionManagerRequest", "result":"SYNC_SERVER_OK", "context":{"environment":"Prod_japaneast_prod-s01-061-apac-japaneast", "migrationStage":"NotStarted", "server":"akswtt003000046"}}
{"logTime": "0111/072444", "correlationVector":"fDjrQyh7JjgtDJxh7e2EG4.2","action":"Commit Response", "result":"Success", "context":Result: Success. cV=fDjrQyh7JjgtDJxh7e2EG4.0;server=akswtt003000046;cloudType=Consumer;environment=Prod_japaneast_prod-s01-061-apac-japaneast;migrationStage=NotStarted}
{"logTime": "0111/072607", "correlationVector":"ZtLOy7UZF+CIdLvh4CddcC","action":"Commit Request", "result":"", "context":Item count: 3
Contributing types: History}
{"logTime": "0111/072608", "correlationVector":"ZtLOy7UZF+CIdLvh4CddcC.1","action":"SyncServerConnectionManagerRequest", "result":"SYNC_SERVER_OK", "context":{"environment":"Prod_japaneast_prod-s01-061-apac-japaneast", "migrationStage":"NotStarted", "server":"akswtt00300000p"}}
{"logTime": "0111/072608", "correlationVector":"ZtLOy7UZF+CIdLvh4CddcC.2","action":"Commit Response", "result":"Success", "context":Result: Success. cV=ZtLOy7UZF+CIdLvh4CddcC.0;server=akswtt00300000p;cloudType=Consumer;environment=Prod_japaneast_prod-s01-061-apac-japaneast;migrationStage=NotStarted}
{"logTime": "0111/072640", "correlationVector":"7ShRoA9GJQyagMmjdE2HjN","action":"Commit Request", "result":"", "context":Item count: 2
Contributing types: History}
{"logTime": "0111/072641", "correlationVector":"7ShRoA9GJQyagMmjdE2HjN.1","action":"SyncServerConnectionManagerRequest", "result":"SYNC_SERVER_OK", "context":{"environment":"Prod_japaneast_prod-s01-061-apac-japaneast", "migrationStage":"NotStarted", "server":"akswtt00300003o"}}
{"logTime": "0111/072641", "correlationVector":"7ShRoA9GJQyagMmjdE2HjN.2","action":"Commit Response", "result":"Success", "context":Result: Success. cV=7ShRoA9GJQyagMmjdE2HjN.0;server=akswtt00300003o;cloudType=Consumer;environment=Prod_japaneast_prod-s01-061-apac-japaneast;migrationStage=NotStarted}
{"logTime": "0111/072740", "correlationVector":"P5n9/Lk1ic+sSWmuS+lafm","action":"Commit Request", "result":"", "context":Item count: 2
Contributing types: History}
{"logTime": "0111/072741", "correlationVector":"P5n9/Lk1ic+sSWmuS+lafm.1","action":"SyncServerConnectionManagerRequest", "result":"SYNC_SERVER_OK", "context":{"environment":"Prod_japaneast_prod-s01-061-apac-japaneast", "migrationStage":"NotStarted", "server":"akswtt003000037"}}
{"logTime": "0111/072741", "correlationVector":"P5n9/Lk1ic+sSWmuS+lafm.2","action":"Commit Response", "result":"Success", "context":Result: Success. cV=P5n9/Lk1ic+sSWmuS+lafm.0;server=akswtt003000037;cloudType=Consumer;environment=Prod_japaneast_prod-s01-061-apac-japaneast;migrationStage=NotStarted}
{"logTime": "0111/072906", "correlationVector":"fA/MMm+rk4WeB22NRHi2V4","action":"Commit Request", "result":"", "context":Item count: 3
Contributing types: History}
{"logTime": "0111/072907", "correlationVector":"fA/MMm+rk4WeB22NRHi2V4.1","action":"SyncServerConnectionManagerRequest", "result":"SYNC_SERVER_OK", "context":{"environment":"Prod_japaneast_prod-s01-061-apac-japaneast", "migrationStage":"NotStarted", "server":"akswtt00300001h"}}
{"logTime": "0111/072907", "correlationVector":"fA/MMm+rk4WeB22NRHi2V4.2","action":"Commit Response", "result":"Success", "context":Result: Success. cV=fA/MMm+rk4WeB22NRHi2V4.0;server=akswtt00300001h;cloudType=Consumer;environment=Prod_japaneast_prod-s01-061-apac-japaneast;migrationStage=NotStarted}
{"logTime": "0111/073336", "correlationVector":"bXy6d3GeC2KddkqIm299JG","action":"Commit Request", "result":"", "context":Item count: 3
Contributing types: History}
{"logTime": "0111/073337", "correlationVector":"bXy6d3GeC2KddkqIm299JG.1","action":"SyncServerConnectionManagerRequest", "result":"SYNC_SERVER_OK", "context":{"environment":"Prod_japaneast_prod-s01-061-apac-japaneast", "migrationStage":"NotStarted", "server":"akswtt003000071"}}
{"logTime": "0111/073337", "correlationVector":"bXy6d3GeC2KddkqIm299JG.2","action":"Commit Response", "result":"Success", "context":Result: Success. cV=bXy6d3GeC2KddkqIm299JG.0;server=akswtt003000071;cloudType=Consumer;environment=Prod_japaneast_prod-s01-061-apac-japaneast;migrationStage=NotStarted}
{"logTime": "0111/073600", "correlationVector":"FPAMiazJANc6u/Uy7Go8mq","action":"Commit Request", "result":"", "context":Item count: 2
Contributing types: History}
{"logTime": "0111/073601", "correlationVector":"FPAMiazJANc6u/Uy7Go8mq.1","action":"SyncServerConnectionManagerRequest", "result":"SYNC_SERVER_OK", "context":{"environment":"Prod_japaneast_prod-s01-061-apac-japaneast", "migrationStage":"NotStarted", "server":"akswtt00300004k"}}
{"logTime": "0111/073601", "correlationVector":"FPAMiazJANc6u/Uy7Go8mq.2","action":"Commit Response", "result":"Success", "context":Result: Success. cV=FPAMiazJANc6u/Uy7Go8mq.0;server=akswtt00300004k;cloudType=Consumer;environment=Prod_japaneast_prod-s01-061-apac-japaneast;migrationStage=NotStarted}
{"logTime": "0111/073729", "correlationVector":"ehfLP/RvO7ZIiy41OiRPe7","action":"Commit Request", "result":"", "context":Item count: 2
Contributing types: History}
{"logTime": "0111/073731", "correlationVector":"ehfLP/RvO7ZIiy41OiRPe7.1","action":"SyncServerConnectionManagerRequest", "result":"SYNC_SERVER_OK", "context":{"environment":"Prod_japaneast_prod-s01-061-apac-japaneast", "migrationStage":"NotStarted", "server":"akswtt00300001h"}}
{"logTime": "0111/073731", "correlationVector":"ehfLP/RvO7ZIiy41OiRPe7.2","action":"Commit Response", "result":"Success", "context":Result: Success. cV=ehfLP/RvO7ZIiy41OiRPe7.0;server=akswtt00300001h;cloudType=Consumer;environment=Prod_japaneast_prod-s01-061-apac-japaneast;migrationStage=NotStarted}
{"logTime": "0111/073918", "correlationVector":"E1TirNsgPvIMXXV6s1WCiW","action":"Commit Request", "result":"", "context":Item count: 4
Contributing types: History}
{"logTime": "0111/073919", "correlationVector":"E1TirNsgPvIMXXV6s1WCiW.1","action":"SyncServerConnectionManagerRequest", "result":"SYNC_SERVER_OK", "context":{"environment":"Prod_japaneast_prod-s01-061-apac-japaneast", "migrationStage":"NotStarted", "server":"akswtt00300003o"}}
{"logTime": "0111/073919", "correlationVector":"E1TirNsgPvIMXXV6s1WCiW.2","action":"Commit Response", "result":"Success", "context":Result: Success. cV=E1TirNsgPvIMXXV6s1WCiW.0;server=akswtt00300003o;cloudType=Consumer;environment=Prod_japaneast_prod-s01-061-apac-japaneast;migrationStage=NotStarted}
{"logTime": "0111/074013", "correlationVector":"hedHRlMCiiOY+67Z0K9+5K","action":"Commit Request", "result":"", "context":Item count: 2
Contributing types: History}
{"logTime": "0111/074014", "correlationVector":"hedHRlMCiiOY+67Z0K9+5K.1","action":"SyncServerConnectionManagerRequest", "result":"SYNC_SERVER_OK", "context":{"environment":"Prod_japaneast_prod-s01-061-apac-japaneast", "migrationStage":"NotStarted", "server":"akswtt00300008q"}}
{"logTime": "0111/074014", "correlationVector":"hedHRlMCiiOY+67Z0K9+5K.2","action":"Commit Response", "result":"Success", "context":Result: Success. cV=hedHRlMCiiOY+67Z0K9+5K.0;server=akswtt00300008q;cloudType=Consumer;environment=Prod_japaneast_prod-s01-061-apac-japaneast;migrationStage=NotStarted}
{"logTime": "0111/074107", "correlationVector":"9NbrEWYZeN648W8lEGf5LS","action":"Commit Request", "result":"", "context":Item count: 3
Contributing types: History}
{"logTime": "0111/074108", "correlationVector":"9NbrEWYZeN648W8lEGf5LS.1","action":"SyncServerConnectionManagerRequest", "result":"SYNC_SERVER_OK", "context":{"environment":"Prod_japaneast_prod-s01-061-apac-japaneast", "migrationStage":"NotStarted", "server":"akswtt00300003q"}}
{"logTime": "0111/074108", "correlationVector":"9NbrEWYZeN648W8lEGf5LS.2","action":"Commit Response", "result":"Success", "context":Result: Success. cV=9NbrEWYZeN648W8lEGf5LS.0;server=akswtt00300003q;cloudType=Consumer;environment=Prod_japaneast_prod-s01-061-apac-japaneast;migrationStage=NotStarted}
{"logTime": "0111/074144", "correlationVector":"Ivn7Ga8szpcdV/PYbkg7pE","action":"Commit Request", "result":"", "context":Item count: 2
Contributing types: History}
{"logTime": "0111/074145", "correlationVector":"Ivn7Ga8szpcdV/PYbkg7pE.1","action":"SyncServerConnectionManagerRequest", "result":"SYNC_SERVER_OK", "context":{"environment":"Prod_japaneast_prod-s01-061-apac-japaneast", "migrationStage":"NotStarted", "server":"akswtt00300006u"}}
{"logTime": "0111/074145", "correlationVector":"Ivn7Ga8szpcdV/PYbkg7pE.2","action":"Commit Response", "result":"Success", "context":Result: Success. cV=Ivn7Ga8szpcdV/PYbkg7pE.0;server=akswtt00300006u;cloudType=Consumer;environment=Prod_japaneast_prod-s01-061-apac-japaneast;migrationStage=NotStarted}
{"logTime": "0111/074249", "correlationVector":"VBCXlPvag8kOGufMsrCCYM","action":"Commit Request", "result":"", "context":Item count: 4
Contributing types: History}
{"logTime": "0111/074251", "correlationVector":"VBCXlPvag8kOGufMsrCCYM.1","action":"SyncServerConnectionManagerRequest", "result":"SYNC_SERVER_OK", "context":{"environment":"Prod_japaneast_prod-s01-061-apac-japaneast", "migrationStage":"NotStarted", "server":"akswtt003000023"}}
{"logTime": "0111/074251", "correlationVector":"VBCXlPvag8kOGufMsrCCYM.2","action":"Commit Response", "result":"Success", "context":Result: Success. cV=VBCXlPvag8kOGufMsrCCYM.0;server=akswtt003000023;cloudType=Consumer;environment=Prod_japaneast_prod-s01-061-apac-japaneast;migrationStage=NotStarted}
{"logTime": "0111/074326", "correlationVector":"afrc0Kq/Qb3JBC5ckB/npI","action":"Commit Request", "result":"", "context":Item count: 2
Contributing types: History}
{"logTime": "0111/074328", "correlationVector":"afrc0Kq/Qb3JBC5ckB/npI.1","action":"SyncServerConnectionManagerRequest", "result":"SYNC_SERVER_OK", "context":{"environment":"Prod_japaneast_prod-s01-061-apac-japaneast", "migrationStage":"NotStarted", "server":"akswtt003000014"}}
{"logTime": "0111/074328", "correlationVector":"afrc0Kq/Qb3JBC5ckB/npI.2","action":"Commit Response", "result":"Success", "context":Result: Success. cV=afrc0Kq/Qb3JBC5ckB/npI.0;server=akswtt003000014;cloudType=Consumer;environment=Prod_japaneast_prod-s01-061-apac-japaneast;migrationStage=NotStarted}
{"logTime": "0111/074627", "correlationVector":"VmwW7W4P9iGjPnjY1uFdPP","action":"Commit Request", "result":"", "context":Item count: 2
Contributing types: History}
{"logTime": "0111/074628", "correlationVector":"VmwW7W4P9iGjPnjY1uFdPP.1","action":"SyncServerConnectionManagerRequest", "result":"SYNC_SERVER_OK", "context":{"environment":"Prod_japaneast_prod-s01-061-apac-japaneast", "migrationStage":"NotStarted", "server":"akswtt00300000l"}}
{"logTime": "0111/074628", "correlationVector":"VmwW7W4P9iGjPnjY1uFdPP.2","action":"Commit Response", "result":"Success", "context":Result: Success. cV=VmwW7W4P9iGjPnjY1uFdPP.0;server=akswtt00300000l;cloudType=Consumer;environment=Prod_japaneast_prod-s01-061-apac-japaneast;migrationStage=NotStarted}
{"logTime": "0111/074659", "correlationVector":"rzB9X6gkeJ5cn7vjfnXqqf","action":"Commit Request", "result":"", "context":Item count: 2
Contributing types: History}
{"logTime": "0111/074705", "correlationVector":"rzB9X6gkeJ5cn7vjfnXqqf.1","action":"SyncServerConnectionManagerRequest", "result":"SYNC_SERVER_OK", "context":{"environment":"Prod_japaneast_prod-s01-061-apac-japaneast", "migrationStage":"NotStarted", "server":"akswtt00300008v"}}
{"logTime": "0111/074705", "correlationVector":"rzB9X6gkeJ5cn7vjfnXqqf.2","action":"Commit Response", "result":"Success", "context":Result: Success. cV=rzB9X6gkeJ5cn7vjfnXqqf.0;server=akswtt00300008v;cloudType=Consumer;environment=Prod_japaneast_prod-s01-061-apac-japaneast;migrationStage=NotStarted}
{"logTime": "0111/074735", "correlationVector":"obGQ/YvncdKw6cZwCesrLh","action":"Commit Request", "result":"", "context":Item count: 2
Contributing types: History}
{"logTime": "0111/074736", "correlationVector":"obGQ/YvncdKw6cZwCesrLh.1","action":"SyncServerConnectionManagerRequest", "result":"SYNC_SERVER_OK", "context":{"environment":"Prod_japaneast_prod-s01-061-apac-japaneast", "migrationStage":"NotStarted", "server":"akswtt00300006o"}}
{"logTime": "0111/074736", "correlationVector":"obGQ/YvncdKw6cZwCesrLh.2","action":"Commit Response", "result":"Success", "context":Result: Success. cV=obGQ/YvncdKw6cZwCesrLh.0;server=akswtt00300006o;cloudType=Consumer;environment=Prod_japaneast_prod-s01-061-apac-japaneast;migrationStage=NotStarted}
{"logTime": "0111/074823", "correlationVector":"z3Y0r3QdSl7cNNr8wDbdUO","action":"Commit Request", "result":"", "context":Item count: 3
Contributing types: History}
{"logTime": "0111/074829", "correlationVector":"z3Y0r3QdSl7cNNr8wDbdUO.1","action":"SyncServerConnectionManagerRequest", "result":"SYNC_SERVER_OK", "context":{"environment":"Prod_japaneast_prod-s01-061-apac-japaneast", "migrationStage":"NotStarted", "server":"akswtt00300003q"}}
{"logTime": "0111/074829", "correlationVector":"z3Y0r3QdSl7cNNr8wDbdUO.2","action":"Commit Response", "result":"Success", "context":Result: Success. cV=z3Y0r3QdSl7cNNr8wDbdUO.0;server=akswtt00300003q;cloudType=Consumer;environment=Prod_japaneast_prod-s01-061-apac-japaneast;migrationStage=NotStarted}
{"logTime": "0111/074926", "correlationVector":"+255r4MIbLhHZuaA5Fj6vl","action":"Commit Request", "result":"", "context":Item count: 2
Contributing types: History}
{"logTime": "0111/074932", "correlationVector":"+255r4MIbLhHZuaA5Fj6vl.1","action":"SyncServerConnectionManagerRequest", "result":"SYNC_SERVER_OK", "context":{"environment":"Prod_japaneast_prod-s01-061-apac-japaneast", "migrationStage":"NotStarted", "server":"akswtt00300006a"}}
{"logTime": "0111/074932", "correlationVector":"+255r4MIbLhHZuaA5Fj6vl.2","action":"Commit Response", "result":"Success", "context":Result: Success. cV=+255r4MIbLhHZuaA5Fj6vl.0;server=akswtt00300006a;cloudType=Consumer;environment=Prod_japaneast_prod-s01-061-apac-japaneast;migrationStage=NotStarted}
{"logTime": "0111/075741", "correlationVector":"EuIZ/48nq4mzLWAvJQG+NM","action":"Commit Request", "result":"", "context":Item count: 4
Contributing types: History}
{"logTime": "0111/075744", "correlationVector":"EuIZ/48nq4mzLWAvJQG+NM.1","action":"SyncServerConnectionManagerRequest", "result":"SYNC_SERVER_OK", "context":{"environment":"Prod_japaneast_prod-s01-061-apac-japaneast", "migrationStage":"NotStarted", "server":"akswtt00300006h"}}
{"logTime": "0111/075744", "correlationVector":"EuIZ/48nq4mzLWAvJQG+NM.2","action":"Commit Response", "result":"Success", "context":Result: Success. cV=EuIZ/48nq4mzLWAvJQG+NM.0;server=akswtt00300006h;cloudType=Consumer;environment=Prod_japaneast_prod-s01-061-apac-japaneast;migrationStage=NotStarted}
{"logTime": "0111/080935", "correlationVector":"S3uV90nYzcJTs6P1rO/PcM","action":"Commit Request", "result":"", "context":Item count: 3
Contributing types: History}
{"logTime": "0111/080937", "correlationVector":"S3uV90nYzcJTs6P1rO/PcM.1","action":"SyncServerConnectionManagerRequest", "result":"SYNC_SERVER_OK", "context":{"environment":"Prod_japaneast_prod-s01-061-apac-japaneast", "migrationStage":"NotStarted", "server":"akswtt003000020"}}
{"logTime": "0111/081232", "correlationVector":"oRWQgVEkR2vFxRGHrBI/X5.1","action":"SyncServerConnectionManagerRequest", "result":"SYNC_SERVER_OK", "context":{"environment":"Prod_japaneast_prod-s01-061-apac-japaneast", "migrationStage":"NotStarted", "server":"akswtt00300003l"}}
{"logTime": "0111/081237", "correlationVector":"N/cgGmPralee+auw+ZWhki","action":"SyncServerConnectionManagerRequest", "result":"SYNC_SERVER_OK", "context":{"environment":"", "migrationStage":"", "server":""}}
{"logTime": "0111/081237", "correlationVector":"oRWQgVEkR2vFxRGHrBI/X5","action":"Initial GetUpdates", "result":"", "context":Reason: NEW_CLIENT. cV=oRWQgVEkR2vFxRGHrBI/X5}
{"logTime": "0111/081237", "correlationVector":"oRWQgVEkR2vFxRGHrBI/X5.2","action":"GetUpdates Response", "result":"Success", "context":Received 1 update(s). cV=oRWQgVEkR2vFxRGHrBI/X5.0;server=akswtt00300003l;cloudType=Consumer;environment=Prod_japaneast_prod-s01-061-apac-japaneast;migrationStage=NotStarted}
{"logTime": "0111/081237", "correlationVector":"IBCurLTbTV9gwXNf/xADFx","action":"Initial GetUpdates", "result":"", "context":Reason: NEWLY_SUPPORTED_DATATYPE. cV=IBCurLTbTV9gwXNf/xADFx}
{"logTime": "0111/081239", "correlationVector":"IBCurLTbTV9gwXNf/xADFx.1","action":"SyncServerConnectionManagerRequest", "result":"SYNC_SERVER_OK", "context":{"environment":"Prod_japaneast_prod-s01-061-apac-japaneast", "migrationStage":"NotStarted", "server":"akswtt003000015"}}
{"logTime": "0111/081239", "correlationVector":"IBCurLTbTV9gwXNf/xADFx.2","action":"GetUpdates", "result":"DeleteReceived", "context":{"id":"90ec0c88-0d37-45ea-97af-8d848bb85025", "isDeleted:":"true", "version":"1706253799910"}}
{"logTime": "0111/081239", "correlationVector":"IBCurLTbTV9gwXNf/xADFx.3","action":"GetUpdates", "result":"DeleteReceived", "context":{"id":"604cfdc1-7b77-4050-9d28-c7613170c75e", "isDeleted:":"true", "version":"1706253801288"}}
{"logTime": "0111/081239", "correlationVector":"IBCurLTbTV9gwXNf/xADFx.4","action":"GetUpdates", "result":"DeleteReceived", "context":{"id":"471788b6-24d6-45dd-a6de-5b2402cad0d5", "isDeleted:":"true", "version":"1706253820563"}}
{"logTime": "0111/081239", "correlationVector":"IBCurLTbTV9gwXNf/xADFx.5","action":"GetUpdates", "result":"DeleteReceived", "context":{"id":"ef6695c5-52c6-48cb-a81a-32eade68099b", "isDeleted:":"true", "version":"1706253822658"}}
{"logTime": "0111/081239", "correlationVector":"IBCurLTbTV9gwXNf/xADFx.6","action":"GetUpdates", "result":"DeleteReceived", "context":{"id":"4940d30d-d8bc-4f53-8ce1-5b3a2bb1d092", "isDeleted:":"true", "version":"1706253824602"}}
{"logTime": "0111/081239", "correlationVector":"IBCurLTbTV9gwXNf/xADFx.7","action":"GetUpdates", "result":"DeleteReceived", "context":{"id":"8c3b4b96-4fa4-443b-a5ce-e1a6043eb034", "isDeleted:":"true", "version":"1706253830237"}}
{"logTime": "0111/081239", "correlationVector":"IBCurLTbTV9gwXNf/xADFx.8","action":"GetUpdates", "result":"DeleteReceived", "context":{"id":"cc6363a5-6b86-4244-ac56-dbb56ab83c3d", "isDeleted:":"true", "version":"1706253845405"}}
{"logTime": "0111/081239", "correlationVector":"IBCurLTbTV9gwXNf/xADFx.9","action":"GetUpdates", "result":"DeleteReceived", "context":{"id":"270eaee0-4a9e-4465-b283-ed46d701111e", "isDeleted:":"true", "version":"1706253964475"}}
{"logTime": "0111/081239", "correlationVector":"IBCurLTbTV9gwXNf/xADFx.10","action":"GetUpdates", "result":"DeleteReceived", "context":{"id":"9244f4a6-2eb6-478a-8990-faf6d431b4ca", "isDeleted:":"true", "version":"1707052312806"}}
{"logTime": "0111/081239", "correlationVector":"IBCurLTbTV9gwXNf/xADFx.11","action":"GetUpdates", "result":"DeleteReceived", "context":{"id":"a5022c92-2c61-46ff-97be-b735474d5b92", "isDeleted:":"true", "version":"1708352247900"}}
{"logTime": "0111/081239", "correlationVector":"IBCurLTbTV9gwXNf/xADFx.12","action":"GetUpdates", "result":"DeleteReceived", "context":{"id":"b366baab-5229-4edc-baee-fe8b8a56e8d3", "isDeleted:":"true", "version":"1708953819872"}}
{"logTime": "0111/081239", "correlationVector":"IBCurLTbTV9gwXNf/xADFx.13","action":"GetUpdates", "result":"DeleteReceived", "context":{"id":"53ffe2b0-6b11-40f5-87be-42b671df7a1c", "isDeleted:":"true", "version":"1709290811744"}}
{"logTime": "0111/081239", "correlationVector":"IBCurLTbTV9gwXNf/xADFx.14","action":"GetUpdates", "result":"DeleteReceived", "context":{"id":"a28d56fe-eb3f-4343-96e4-aaa3b34339ae", "isDeleted:":"true", "version":"1709291371587"}}
{"logTime": "0111/081239", "correlationVector":"IBCurLTbTV9gwXNf/xADFx.15","action":"GetUpdates", "result":"DeleteReceived", "context":{"id":"4468d396-10a5-4822-b9bf-2c5a41a146c9", "isDeleted:":"true", "version":"1709291410225"}}
{"logTime": "0111/081239", "correlationVector":"IBCurLTbTV9gwXNf/xADFx.16","action":"GetUpdates", "result":"DeleteReceived", "context":{"id":"7fc51ea1-ac51-4410-9d7a-e36132b6d2d0", "isDeleted:":"true", "version":"1709291425330"}}
{"logTime": "0111/081239", "correlationVector":"IBCurLTbTV9gwXNf/xADFx.17","action":"GetUpdates", "result":"DeleteReceived", "context":{"id":"28848c1b-ac53-4899-b715-9cf5b800c056", "isDeleted:":"true", "version":"1709291446789"}}
{"logTime": "0111/081239", "correlationVector":"IBCurLTbTV9gwXNf/xADFx.18","action":"GetUpdates", "result":"DeleteReceived", "context":{"id":"dc2d9562-f8eb-4ed1-a500-f25ead372b62", "isDeleted:":"true", "version":"1709291451572"}}
{"logTime": "0111/081239", "correlationVector":"IBCurLTbTV9gwXNf/xADFx.19","action":"GetUpdates", "result":"DeleteReceived", "context":{"id":"90938b7f-3313-46f9-8da7-cdb6d3630a7c", "isDeleted:":"true", "version":"1709291454889"}}
{"logTime": "0111/081239", "correlationVector":"IBCurLTbTV9gwXNf/xADFx.20","action":"GetUpdates", "result":"DeleteReceived", "context":{"id":"aeace70d-bc55-4e5b-87ae-6d7845828d3a", "isDeleted:":"true", "version":"1709291456676"}}
{"logTime": "0111/081239", "correlationVector":"IBCurLTbTV9gwXNf/xADFx.21","action":"GetUpdates", "result":"DeleteReceived", "context":{"id":"314b16c1-b1fb-43e3-bad6-355119538c76", "isDeleted:":"true", "version":"1709291458171"}}
{"logTime": "0111/081239", "correlationVector":"IBCurLTbTV9gwXNf/xADFx.22","action":"GetUpdates", "result":"DeleteReceived", "context":{"id":"b07a59db-d341-471b-8973-034e81408e65", "isDeleted:":"true", "version":"1709291462397"}}
{"logTime": "0111/081239", "correlationVector":"IBCurLTbTV9gwXNf/xADFx.23","action":"GetUpdates", "result":"DeleteReceived", "context":{"id":"6a4f89d2-5f43-4790-8d8a-c615cc57a57c", "isDeleted:":"true", "version":"1710818712586"}}
{"logTime": "0111/081239", "correlationVector":"IBCurLTbTV9gwXNf/xADFx.24","action":"GetUpdates", "result":"DeleteReceived", "context":{"id":"9910292d-a278-4cfd-a953-c729cbcd57a7", "isDeleted:":"true", "version":"1711509784656"}}
{"logTime": "0111/081239", "correlationVector":"IBCurLTbTV9gwXNf/xADFx.25","action":"GetUpdates", "result":"DeleteReceived", "context":{"id":"6c3f5f79-f8f1-4825-b702-32769b11ade8", "isDeleted:":"true", "version":"1712574838743"}}
{"logTime": "0111/081239", "correlationVector":"IBCurLTbTV9gwXNf/xADFx.26","action":"GetUpdates", "result":"DeleteReceived", "context":{"id":"eaf24aa9-6de5-4b16-943a-49c40de78f39", "isDeleted:":"true", "version":"1713359247893"}}
{"logTime": "0111/081239", "correlationVector":"IBCurLTbTV9gwXNf/xADFx.27","action":"GetUpdates", "result":"DeleteReceived", "context":{"id":"98477ec1-34be-4253-81a9-fcc1aa235b24", "isDeleted:":"true", "version":"1716957318201"}}
{"logTime": "0111/081239", "correlationVector":"IBCurLTbTV9gwXNf/xADFx.28","action":"GetUpdates", "result":"DeleteReceived", "context":{"id":"00cc41a5-fde6-49dc-98cc-cb430e2e3a6c", "isDeleted:":"true", "version":"1717585864097"}}
{"logTime": "0111/081239", "correlationVector":"IBCurLTbTV9gwXNf/xADFx.29","action":"GetUpdates", "result":"DeleteReceived", "context":{"id":"3a581306-dc5e-45f8-91b5-0a0e0011bd8c", "isDeleted:":"true", "version":"1720798363857"}}
{"logTime": "0111/081239", "correlationVector":"IBCurLTbTV9gwXNf/xADFx.30","action":"GetUpdates", "result":"DeleteReceived", "context":{"id":"4ee38176-3097-4bc5-9ac3-1dd4f4407c6e", "isDeleted:":"true", "version":"1723636703672"}}
{"logTime": "0111/081239", "correlationVector":"IBCurLTbTV9gwXNf/xADFx.31","action":"GetUpdates", "result":"DeleteReceived", "context":{"id":"9c08e1d1-c7de-452a-b2a7-3e5c741f25bb", "isDeleted:":"true", "version":"1733148470417"}}
{"logTime": "0111/081239", "correlationVector":"IBCurLTbTV9gwXNf/xADFx.32","action":"GetUpdates", "result":"DeleteReceived", "context":{"id":"c582587b-7b64-433b-861f-a24b9e300199", "isDeleted:":"true", "version":"1735453954990"}}
{"logTime": "0111/081239", "correlationVector":"IBCurLTbTV9gwXNf/xADFx.33","action":"GetUpdates", "result":"DeleteReceived", "context":{"id":"9861ee96-d447-4247-9b7b-c492c96e32f1", "isDeleted:":"true", "version":"1735453956095"}}
{"logTime": "0111/081239", "correlationVector":"IBCurLTbTV9gwXNf/xADFx.34","action":"GetUpdates", "result":"DeleteReceived", "context":{"id":"a240d656-243c-4f55-a706-288db06c48a2", "isDeleted:":"true", "version":"1735453958159"}}
{"logTime": "0111/081239", "correlationVector":"IBCurLTbTV9gwXNf/xADFx.35","action":"GetUpdates", "result":"DeleteReceived", "context":{"id":"d868e2a0-4e90-4004-9827-7c47a76938ad", "isDeleted:":"true", "version":"1735453959109"}}
{"logTime": "0111/081239", "correlationVector":"IBCurLTbTV9gwXNf/xADFx.36","action":"GetUpdates", "result":"DeleteReceived", "context":{"id":"b0447136-ca4d-4c96-ab25-b4ffd7268bf6", "isDeleted:":"true", "version":"1735453970645"}}
{"logTime": "0111/081239", "correlationVector":"IBCurLTbTV9gwXNf/xADFx.37","action":"GetUpdates", "result":"DeleteReceived", "context":{"id":"9da7af14-1a1c-4d68-ba6c-4ba45f2e0ee2", "isDeleted:":"true", "version":"1736490686567"}}
{"logTime": "0111/081239", "correlationVector":"IBCurLTbTV9gwXNf/xADFx.38","action":"GetUpdates Response", "result":"Success", "context":Received 175 update(s). cV=IBCurLTbTV9gwXNf/xADFx.0;server=akswtt003000015;cloudType=Consumer;environment=Prod_japaneast_prod-s01-061-apac-japaneast;migrationStage=NotStarted}
{"logTime": "0111/081239", "correlationVector":"cDYL+vwV1JssQzMEBMb98q","action":"Normal GetUpdate request", "result":"", "context":cV=cDYL+vwV1JssQzMEBMb98q
Nudged types: History
Refresh requested types: Bookmarks, Passwords, Autofill Profiles, Autofill, History, Edge Wallet, Encryption Keys}
{"logTime": "0111/081240", "correlationVector":"cDYL+vwV1JssQzMEBMb98q.1","action":"SyncServerConnectionManagerRequest", "result":"SYNC_SERVER_OK", "context":{"environment":"Prod_japaneast_prod-s01-061-apac-japaneast", "migrationStage":"NotStarted", "server":"akswtt003000015"}}
{"logTime": "0111/081240", "correlationVector":"cDYL+vwV1JssQzMEBMb98q.2","action":"GetUpdates Response", "result":"Success", "context":Received 49 update(s). cV=cDYL+vwV1JssQzMEBMb98q.0;server=akswtt003000015;cloudType=Consumer;environment=Prod_japaneast_prod-s01-061-apac-japaneast;migrationStage=NotStarted}
{"logTime": "0111/081241", "correlationVector":"MjlxlwlpTQjt9GI9bW20Ap","action":"Commit Request", "result":"", "context":Item count: 8
Contributing types: History}
{"logTime": "0111/081242", "correlationVector":"MjlxlwlpTQjt9GI9bW20Ap.1","action":"SyncServerConnectionManagerRequest", "result":"SYNC_SERVER_OK", "context":{"environment":"Prod_japaneast_prod-s01-061-apac-japaneast", "migrationStage":"NotStarted", "server":"akswtt003000039"}}
{"logTime": "0111/081242", "correlationVector":"MjlxlwlpTQjt9GI9bW20Ap.2","action":"Commit Response", "result":"Success", "context":Result: Success. cV=MjlxlwlpTQjt9GI9bW20Ap.0;server=akswtt003000039;cloudType=Consumer;environment=Prod_japaneast_prod-s01-061-apac-japaneast;migrationStage=NotStarted}
