2025-01-10 07:03:00.889: [INFO][Sync] Reset engine, reason: 8
2025-01-10 07:03:00.889: [INFO][Sync] Stopped: Bookmarks
2025-01-10 07:03:00.889: [INFO][Sync] Stopped: Preferences
2025-01-10 07:03:00.889: [INFO][Sync] Stopped: Passwords
2025-01-10 07:03:00.889: [INFO][Sync] Stopped: Autofill Profiles
2025-01-10 07:03:00.889: [INFO][Sync] Stopped: Autofill
2025-01-10 07:03:00.889: [INFO][Sync] Stopped: Typed URLs
2025-01-10 07:03:00.889: [INFO][Sync] Stopped: Extensions
2025-01-10 07:03:00.889: [INFO][Sync] Stopped: Sessions
2025-01-10 07:03:00.889: [INFO][Sync] Stopped: Extension settings
2025-01-10 07:03:00.889: [INFO][Sync] Stopped: History Delete Directives
2025-01-10 07:03:00.889: [INFO][Sync] Stopped: Device Info
2025-01-10 07:03:00.889: [INFO][Sync] Stopped: User Consents
2025-01-10 07:03:00.889: [INFO][Sync] Stopped: Send Tab To Self
2025-01-10 07:03:00.889: [INFO][Sync] Stopped: Web Apps
2025-01-10 07:03:00.889: [INFO][Sync] Stopped: History
2025-01-10 07:03:00.889: [INFO][Sync] Stopped: Collection
2025-01-10 07:03:00.889: [INFO][Sync] Stopped: Edge E Drop
2025-01-10 07:03:00.889: [INFO][Sync] Stopped: Edge Hub App Usage
2025-01-10 07:03:00.889: [INFO][Sync] Stopped: Edge Tab Group
2025-01-10 07:03:00.889: [INFO][Sync] Stopped: Edge Wallet
2025-01-10 07:03:00.889: [INFO][Sync] SyncState after authenticated was: NotSignedIn
2025-01-10 07:03:01.125: [INFO][Sync] Reset engine, reason: 8
2025-01-10 07:03:01.125: [INFO][Sync] Stopped: Bookmarks
2025-01-10 07:03:01.125: [INFO][Sync] Stopped: Preferences
2025-01-10 07:03:01.125: [INFO][Sync] Stopped: Passwords
2025-01-10 07:03:01.125: [INFO][Sync] Stopped: Autofill Profiles
2025-01-10 07:03:01.125: [INFO][Sync] Stopped: Autofill
2025-01-10 07:03:01.125: [INFO][Sync] Stopped: Typed URLs
2025-01-10 07:03:01.125: [INFO][Sync] Stopped: Extensions
2025-01-10 07:03:01.125: [INFO][Sync] Stopped: Sessions
2025-01-10 07:03:01.125: [INFO][Sync] Stopped: Extension settings
2025-01-10 07:03:01.125: [INFO][Sync] Stopped: History Delete Directives
2025-01-10 07:03:01.125: [INFO][Sync] Stopped: Device Info
2025-01-10 07:03:01.125: [INFO][Sync] Stopped: User Consents
2025-01-10 07:03:01.125: [INFO][Sync] Stopped: Send Tab To Self
2025-01-10 07:03:01.125: [INFO][Sync] Stopped: Web Apps
2025-01-10 07:03:01.125: [INFO][Sync] Stopped: History
2025-01-10 07:03:01.125: [INFO][Sync] Stopped: Collection
2025-01-10 07:03:01.125: [INFO][Sync] Stopped: Edge E Drop
2025-01-10 07:03:01.125: [INFO][Sync] Stopped: Edge Hub App Usage
2025-01-10 07:03:01.125: [INFO][Sync] Stopped: Edge Tab Group
2025-01-10 07:03:01.125: [INFO][Sync] Stopped: Edge Wallet
2025-01-10 07:03:01.198: [INFO][Sync] Try to start sync engine
2025-01-10 07:03:01.200: [INFO][SyncManagerImpl::NudgeForInitialDownload] Initial download nudge for Encryption Keys
2025-01-10 07:03:01.200: [INFO][SyncEngineBackend::LoadAndConnectNigoriController] Load and connect Nigori controller
2025-01-10 07:03:01.200: [INFO][SyncEngineBackend::DoInitialize] Control Types added: Encryption Keys
2025-01-10 07:03:01.200: [INFO][SyncManagerImpl::ConfigureSyncer] Types to download: Encryption Keys with reason: 3
2025-01-10 07:03:01.200: [INFO][SyncSchedulerImpl::DoConfigurationSyncCycleJob] Configure job was blocked
2025-01-10 07:03:01.258: [INFO][SyncAuthManager::SetLastAuthError] Current auth error: None
2025-01-10 07:03:01.259: [INFO][SyncAuthManager::EdgeLogTokenErrorState] Token error with: None for account type: MSA
2025-01-10 07:03:01.259: [INFO][Sync] Credentials changed for: EdgeSyncScopeNew
2025-01-10 07:03:09.431: [INFO][SyncAuthManager::SetLastAuthError] Current auth error: None
2025-01-10 07:03:09.431: [INFO][SyncAuthManager::EdgeLogTokenErrorState] Token error with: None for account type: MSA
2025-01-10 07:03:09.431: [INFO][Sync] Credentials changed for: EdgeSyncKeyDataScope
2025-01-10 07:03:09.431: [INFO][SyncEngineBackend::DoUpdateKeyDataCredentials] Update key data credentials
2025-01-10 07:03:09.431: [INFO][SyncEngineBackend::DoUpdateCredentials] Update credentials
2025-01-10 07:03:09.431: [INFO][SyncSchedulerImpl::DoConfigurationSyncCycleJob] Blocked types:  and types to download: Encryption Keys
2025-01-10 07:03:16.101: [INFO][Sync] Started DataTypeManager configuration, reason: 4
2025-01-10 07:03:16.101: [INFO][Sync] Configuring for: Bookmarks, Preferences, Passwords, Autofill Profiles, Autofill, Typed URLs, Extensions, Sessions, Extension settings, History Delete Directives, Device Info, User Consents, Send Tab To Self, Web Apps, History, Collection, Edge E Drop, Edge Hub App Usage, Edge Tab Group, Edge Wallet, Encryption Keys, reason: 3, current state: 0
2025-01-10 07:03:16.102: [INFO][Sync] Configure, desired: Bookmarks, Preferences, Typed URLs, Extensions, Sessions, Extension settings, History Delete Directives, Device Info, User Consents, Send Tab To Self, Web Apps, History, Collection, Edge E Drop, Edge Hub App Usage, Edge Tab Group, Edge Wallet, Encryption Keys; Allow fail: Passwords, Autofill Profiles, Autofill
2025-01-10 07:03:16.102: [INFO][Sync] Loading: Bookmarks
2025-01-10 07:03:16.102: [INFO][Sync] Loading: Preferences
2025-01-10 07:03:16.102: [INFO][Sync] Loading: Typed URLs
2025-01-10 07:03:16.102: [INFO][Sync] Loading: Extensions
2025-01-10 07:03:16.102: [INFO][Sync] Loading: Sessions
2025-01-10 07:03:16.102: [INFO][Sync] Loading: Extension settings
2025-01-10 07:03:16.102: [INFO][Sync] Loading: History Delete Directives
2025-01-10 07:03:16.103: [INFO][Sync] Loading: Device Info
2025-01-10 07:03:16.103: [INFO][Sync] Loading: User Consents
2025-01-10 07:03:16.103: [INFO][Sync] Loading: Send Tab To Self
2025-01-10 07:03:16.103: [INFO][Sync] Loading: Web Apps
2025-01-10 07:03:16.103: [INFO][Sync] Loading: History
2025-01-10 07:03:16.103: [INFO][Sync] Loading: Collection
2025-01-10 07:03:16.103: [INFO][Sync] Loading: Edge E Drop
2025-01-10 07:03:16.103: [INFO][Sync] Loading: Edge Hub App Usage
2025-01-10 07:03:16.103: [INFO][Sync] Loading: Edge Tab Group
2025-01-10 07:03:16.103: [INFO][Sync] Loading: Edge Wallet
2025-01-10 07:03:16.108: [INFO][Sync] All data types are ready for configure.
2025-01-10 07:03:21.438: [INFO][Sync] Started DataTypeManager configuration, reason: 5
2025-01-10 07:03:21.438: [INFO][Sync] Configuring for: Bookmarks, Preferences, Passwords, Autofill Profiles, Autofill, Typed URLs, Extensions, Sessions, Extension settings, History Delete Directives, Device Info, User Consents, Send Tab To Self, Web Apps, History, Collection, Edge E Drop, Edge Hub App Usage, Edge Tab Group, Edge Wallet, Encryption Keys, reason: 5, current state: 1
2025-01-10 07:03:21.439: [INFO][SyncEngineBackend::DoStartConfiguration] Start configuration
2025-01-10 07:03:21.439: [INFO][SyncManagerImpl::NudgeForInitialDownload] Initial download nudge for Bookmarks
2025-01-10 07:03:21.439: [INFO][SyncManagerImpl::NudgeForInitialDownload] Initial download nudge for Preferences
2025-01-10 07:03:21.439: [INFO][SyncManagerImpl::NudgeForInitialDownload] Initial download nudge for Typed URLs
2025-01-10 07:03:21.439: [INFO][SyncManagerImpl::NudgeForInitialDownload] Initial download nudge for Extensions
2025-01-10 07:03:21.439: [INFO][SyncManagerImpl::NudgeForInitialDownload] Initial download nudge for Sessions
2025-01-10 07:03:21.439: [INFO][SyncManagerImpl::NudgeForInitialDownload] Initial download nudge for Extension settings
2025-01-10 07:03:21.439: [INFO][SyncManagerImpl::NudgeForInitialDownload] Initial download nudge for History Delete Directives
2025-01-10 07:03:21.439: [INFO][SyncManagerImpl::NudgeForInitialDownload] Initial download nudge for Device Info
2025-01-10 07:03:21.439: [INFO][SyncManagerImpl::NudgeForInitialDownload] Initial download nudge for Send Tab To Self
2025-01-10 07:03:21.439: [INFO][SyncManagerImpl::NudgeForInitialDownload] Initial download nudge for Web Apps
2025-01-10 07:03:21.439: [INFO][SyncManagerImpl::NudgeForInitialDownload] Initial download nudge for History
2025-01-10 07:03:21.439: [INFO][SyncManagerImpl::NudgeForInitialDownload] Initial download nudge for Collection
2025-01-10 07:03:21.439: [INFO][SyncManagerImpl::NudgeForInitialDownload] Initial download nudge for Edge E Drop
2025-01-10 07:03:21.439: [INFO][SyncManagerImpl::NudgeForInitialDownload] Initial download nudge for Edge Hub App Usage
2025-01-10 07:03:21.439: [INFO][SyncManagerImpl::NudgeForInitialDownload] Initial download nudge for Edge Tab Group
2025-01-10 07:03:21.439: [INFO][SyncManagerImpl::NudgeForInitialDownload] Initial download nudge for Edge Wallet
2025-01-10 07:03:21.439: [INFO][SyncManagerImpl::ConfigureSyncer] Types to download:  with reason: 3
2025-01-10 07:03:21.439: [INFO][SyncEngineBackend::DoFinishConfigureDataTypes] Failed to download types:  and succeeded types: 
2025-01-10 07:03:21.440: [INFO][Sync] ConfigurationDone, failed: , succeeded: , remaining count: 4
2025-01-10 07:03:21.440: [WARN][Sync]     Reconfigure requested while configuration ongoing.
2025-01-10 07:03:21.440: [INFO][Sync] Configuring for: Bookmarks, Preferences, Passwords, Autofill Profiles, Autofill, Typed URLs, Extensions, Sessions, Extension settings, History Delete Directives, Device Info, User Consents, Send Tab To Self, Web Apps, History, Collection, Edge E Drop, Edge Hub App Usage, Edge Tab Group, Edge Wallet, Encryption Keys, reason: 5, current state: 2
2025-01-10 07:03:21.440: [INFO][Sync] Configure, desired: Bookmarks, Preferences, Passwords, Autofill Profiles, Autofill, Typed URLs, Extensions, Sessions, Extension settings, History Delete Directives, Device Info, User Consents, Send Tab To Self, Web Apps, History, Collection, Edge E Drop, Edge Hub App Usage, Edge Tab Group, Edge Wallet, Encryption Keys; Allow fail: 
2025-01-10 07:03:21.440: [INFO][Sync] Loading: Passwords
2025-01-10 07:03:21.440: [INFO][Sync] Loading: Autofill Profiles
2025-01-10 07:03:21.440: [INFO][Sync] Loading: Autofill
2025-01-10 07:03:21.440: [INFO][Sync] All data types are ready for configure.
2025-01-10 07:03:21.440: [INFO][SyncManagerImpl::NudgeForInitialDownload] Initial download nudge for Passwords
2025-01-10 07:03:21.440: [INFO][SyncManagerImpl::NudgeForInitialDownload] Initial download nudge for Autofill Profiles
2025-01-10 07:03:21.440: [INFO][SyncManagerImpl::NudgeForInitialDownload] Initial download nudge for Autofill
2025-01-10 07:03:21.440: [INFO][SyncManagerImpl::ConfigureSyncer] Types to download:  with reason: 5
2025-01-10 07:03:21.440: [INFO][SyncEngineBackend::DoFinishConfigureDataTypes] Failed to download types:  and succeeded types: 
2025-01-10 07:03:21.440: [INFO][Sync] ConfigurationDone, failed: , succeeded: , remaining count: 4
2025-01-10 07:03:21.440: [INFO][Sync] Prepare to configure types: Preferences, Passwords, Device Info, Send Tab To Self, Edge E Drop, Encryption Keys
2025-01-10 07:03:21.440: [INFO][SyncManagerImpl::ConfigureSyncer] Types to download: Preferences, Passwords, Device Info, Send Tab To Self, Edge E Drop, Encryption Keys with reason: 5
2025-01-10 07:03:21.440: [INFO][SyncSchedulerImpl::DoConfigurationSyncCycleJob] Blocked types:  and types to download: Preferences, Passwords, Device Info, Send Tab To Self, Edge E Drop, Encryption Keys
2025-01-10 07:03:24.363: [INFO][SyncEngineBackend::DoFinishConfigureDataTypes] Failed to download types:  and succeeded types: Preferences, Passwords, Device Info, Send Tab To Self, Edge E Drop, Encryption Keys
2025-01-10 07:03:24.367: [INFO][Sync] ConfigurationDone, failed: , succeeded: Preferences, Passwords, Device Info, Send Tab To Self, Edge E Drop, Encryption Keys, remaining count: 3
2025-01-10 07:03:24.367: [INFO][Sync] Prepare to configure types: Bookmarks, Encryption Keys
2025-01-10 07:03:24.367: [INFO][SyncManagerImpl::ConfigureSyncer] Types to download: Bookmarks, Encryption Keys with reason: 5
2025-01-10 07:03:24.367: [INFO][SyncSchedulerImpl::DoConfigurationSyncCycleJob] Blocked types:  and types to download: Bookmarks, Encryption Keys
2025-01-10 07:03:24.867: [INFO][SyncEngineBackend::DoFinishConfigureDataTypes] Failed to download types:  and succeeded types: Bookmarks, Encryption Keys
2025-01-10 07:03:24.883: [INFO][Sync] ConfigurationDone, failed: , succeeded: Bookmarks, Encryption Keys, remaining count: 2
2025-01-10 07:03:24.883: [INFO][Sync] Prepare to configure types: Autofill Profiles, Autofill, Typed URLs, Extensions, Sessions, Extension settings, History Delete Directives, Web Apps, Collection, Edge Hub App Usage, Edge Tab Group, Edge Wallet, Encryption Keys
2025-01-10 07:03:24.883: [INFO][SyncManagerImpl::ConfigureSyncer] Types to download: Autofill Profiles, Autofill, Typed URLs, Extensions, Sessions, Extension settings, History Delete Directives, Web Apps, Collection, Edge Hub App Usage, Edge Tab Group, Edge Wallet, Encryption Keys with reason: 5
2025-01-10 07:03:24.883: [INFO][SyncSchedulerImpl::DoConfigurationSyncCycleJob] Blocked types:  and types to download: Autofill Profiles, Autofill, Typed URLs, Extensions, Sessions, Extension settings, History Delete Directives, Web Apps, Collection, Edge Hub App Usage, Edge Tab Group, Edge Wallet, Encryption Keys
2025-01-10 07:03:56.206: [INFO][SyncEngineBackend::DoFinishConfigureDataTypes] Failed to download types:  and succeeded types: Autofill Profiles, Autofill, Typed URLs, Extensions, Sessions, Extension settings, History Delete Directives, Web Apps, Collection, Edge Hub App Usage, Edge Tab Group, Edge Wallet, Encryption Keys
2025-01-10 07:03:56.215: [INFO][Sync] ConfigurationDone, failed: , succeeded: Autofill Profiles, Autofill, Typed URLs, Extensions, Sessions, Extension settings, History Delete Directives, Web Apps, Collection, Edge Hub App Usage, Edge Tab Group, Edge Wallet, Encryption Keys, remaining count: 1
2025-01-10 07:03:56.216: [INFO][Sync] Prepare to configure types: History, Encryption Keys
2025-01-10 07:03:56.216: [INFO][SyncManagerImpl::ConfigureSyncer] Types to download: History, Encryption Keys with reason: 5
2025-01-10 07:03:56.216: [INFO][SyncSchedulerImpl::DoConfigurationSyncCycleJob] Blocked types:  and types to download: History, Encryption Keys
2025-01-10 07:03:58.246: [INFO][Sync] Reset engine, reason: 0
2025-01-10 07:03:58.246: [INFO][Sync] Reset engine with reason: 0
2025-01-10 07:03:58.246: [INFO][SyncSchedulerImpl::OnSyncNetworkError] Syncer error: Network error (ERR_ABORTED)
2025-01-10 07:03:58.247: [INFO][SyncSchedulerImpl::DoConfigurationSyncCycleJob] Syncer error: Success
2025-01-10 08:28:07.438: [INFO][Sync] SyncState after authenticated was: FeatureCanStart
2025-01-10 08:28:11.471: [INFO][Sync] Try to start sync engine
2025-01-10 08:28:11.474: [INFO][SyncManagerImpl::NudgeForInitialDownload] Initial download nudge for Encryption Keys
2025-01-10 08:28:11.474: [INFO][SyncEngineBackend::LoadAndConnectNigoriController] Load and connect Nigori controller
2025-01-10 08:28:11.474: [INFO][SyncEngineBackend::DoInitialize] Control Types added: Encryption Keys
2025-01-10 08:28:11.474: [INFO][SyncManagerImpl::ConfigureSyncer] Types to download: Encryption Keys with reason: 3
2025-01-10 08:28:11.474: [INFO][SyncSchedulerImpl::DoConfigurationSyncCycleJob] Configure job was blocked
2025-01-10 08:28:11.564: [INFO][SyncAuthManager::SetLastAuthError] Current auth error: None
2025-01-10 08:28:11.564: [INFO][SyncAuthManager::EdgeLogTokenErrorState] Token error with: None for account type: MSA
2025-01-10 08:28:11.564: [INFO][Sync] Credentials changed for: EdgeSyncScopeNew
2025-01-10 08:28:16.094: [INFO][SyncAuthManager::SetLastAuthError] Current auth error: None
2025-01-10 08:28:16.094: [INFO][SyncAuthManager::EdgeLogTokenErrorState] Token error with: None for account type: MSA
2025-01-10 08:28:16.094: [INFO][Sync] Credentials changed for: EdgeSyncKeyDataScope
2025-01-10 08:28:16.094: [INFO][SyncEngineBackend::DoUpdateKeyDataCredentials] Update key data credentials
2025-01-10 08:28:16.094: [INFO][SyncEngineBackend::DoUpdateCredentials] Update credentials
2025-01-10 08:28:16.095: [INFO][SyncSchedulerImpl::DoConfigurationSyncCycleJob] Blocked types:  and types to download: Encryption Keys
2025-01-10 08:28:18.872: [INFO][Sync] Started DataTypeManager configuration, reason: 4
2025-01-10 08:28:18.872: [INFO][Sync] Configuring for: Bookmarks, Preferences, Passwords, Autofill Profiles, Autofill, Extensions, Sessions, Extension settings, History Delete Directives, Device Info, User Consents, Send Tab To Self, Web Apps, History, Collection, Edge E Drop, Edge Hub App Usage, Edge Tab Group, Edge Wallet, Encryption Keys, reason: 4, current state: 0
2025-01-10 08:28:18.903: [INFO][Sync] Configure, desired: Bookmarks, Preferences, Extensions, Sessions, Extension settings, History Delete Directives, Device Info, User Consents, Send Tab To Self, Web Apps, History, Collection, Edge E Drop, Edge Hub App Usage, Edge Tab Group, Edge Wallet, Encryption Keys; Allow fail: Passwords, Autofill Profiles, Autofill
2025-01-10 08:28:18.903: [INFO][Sync] Loading: Bookmarks
2025-01-10 08:28:18.904: [INFO][Sync] Loading: Preferences
2025-01-10 08:28:18.904: [INFO][Sync] Loading: Extensions
2025-01-10 08:28:18.904: [INFO][Sync] Loading: Sessions
2025-01-10 08:28:18.904: [INFO][Sync] Loading: Extension settings
2025-01-10 08:28:18.904: [INFO][Sync] Loading: History Delete Directives
2025-01-10 08:28:18.905: [INFO][Sync] Loading: Device Info
2025-01-10 08:28:18.905: [INFO][Sync] Loading: User Consents
2025-01-10 08:28:18.905: [INFO][Sync] Loading: Send Tab To Self
2025-01-10 08:28:18.905: [INFO][Sync] Loading: Web Apps
2025-01-10 08:28:18.905: [INFO][Sync] Loading: History
2025-01-10 08:28:18.905: [INFO][Sync] Loading: Collection
2025-01-10 08:28:18.905: [INFO][Sync] Loading: Edge E Drop
2025-01-10 08:28:18.905: [INFO][Sync] Loading: Edge Hub App Usage
2025-01-10 08:28:18.905: [INFO][Sync] Loading: Edge Tab Group
2025-01-10 08:28:18.905: [INFO][Sync] Loading: Edge Wallet
2025-01-10 08:28:18.936: [INFO][Sync] All data types are ready for configure.
2025-01-10 08:28:21.531: [INFO][SyncEngineBackend::DoStartConfiguration] Start configuration
2025-01-10 08:28:21.532: [INFO][SyncManagerImpl::NudgeForInitialDownload] Initial download nudge for History
2025-01-10 08:28:21.532: [INFO][SyncManagerImpl::NudgeForInitialDownload] Initial download nudge for Edge Tab Group
2025-01-10 08:28:21.533: [INFO][SyncManagerImpl::ConfigureSyncer] Types to download:  with reason: 4
2025-01-10 08:28:21.533: [INFO][SyncEngineBackend::DoFinishConfigureDataTypes] Failed to download types:  and succeeded types: 
2025-01-10 08:28:21.546: [INFO][Sync] Started DataTypeManager configuration, reason: 5
2025-01-10 08:28:21.546: [INFO][Sync] Configuring for: Bookmarks, Preferences, Passwords, Autofill Profiles, Autofill, Extensions, Sessions, Extension settings, History Delete Directives, Device Info, User Consents, Send Tab To Self, Web Apps, History, Collection, Edge E Drop, Edge Hub App Usage, Edge Tab Group, Edge Wallet, Encryption Keys, reason: 5, current state: 1
2025-01-10 08:28:21.579: [INFO][Sync] ConfigurationDone, failed: , succeeded: , remaining count: 4
2025-01-10 08:28:21.579: [WARN][Sync]     Reconfigure requested while configuration ongoing.
2025-01-10 08:28:21.579: [INFO][Sync] Configuring for: Bookmarks, Preferences, Passwords, Autofill Profiles, Autofill, Extensions, Sessions, Extension settings, History Delete Directives, Device Info, User Consents, Send Tab To Self, Web Apps, History, Collection, Edge E Drop, Edge Hub App Usage, Edge Tab Group, Edge Wallet, Encryption Keys, reason: 5, current state: 2
2025-01-10 08:28:21.579: [INFO][Sync] Configure, desired: Bookmarks, Preferences, Passwords, Autofill Profiles, Autofill, Extensions, Sessions, Extension settings, History Delete Directives, Device Info, User Consents, Send Tab To Self, Web Apps, History, Collection, Edge E Drop, Edge Hub App Usage, Edge Tab Group, Edge Wallet, Encryption Keys; Allow fail: 
2025-01-10 08:28:21.579: [INFO][Sync] Loading: Passwords
2025-01-10 08:28:21.579: [INFO][Sync] Loading: Autofill Profiles
2025-01-10 08:28:21.579: [INFO][Sync] Loading: Autofill
2025-01-10 08:28:21.582: [INFO][Sync] All data types are ready for configure.
2025-01-10 08:28:21.582: [INFO][SyncManagerImpl::NudgeForInitialDownload] Initial download nudge for Passwords
2025-01-10 08:28:21.583: [INFO][SyncManagerImpl::ConfigureSyncer] Types to download:  with reason: 5
2025-01-10 08:28:21.583: [INFO][SyncEngineBackend::DoFinishConfigureDataTypes] Failed to download types:  and succeeded types: 
2025-01-10 08:28:21.587: [INFO][Sync] ConfigurationDone, failed: , succeeded: , remaining count: 4
2025-01-10 08:28:21.587: [INFO][Sync] Prepare to configure types: Passwords, Encryption Keys
2025-01-10 08:28:21.588: [INFO][SyncManagerImpl::ConfigureSyncer] Types to download: Passwords, Encryption Keys with reason: 5
2025-01-10 08:28:21.588: [INFO][SyncSchedulerImpl::DoConfigurationSyncCycleJob] Blocked types:  and types to download: Passwords, Encryption Keys
2025-01-10 08:28:23.189: [INFO][SyncEngineBackend::DoFinishConfigureDataTypes] Failed to download types:  and succeeded types: Passwords, Encryption Keys
2025-01-10 08:28:23.224: [INFO][Sync] ConfigurationDone, failed: , succeeded: Passwords, Encryption Keys, remaining count: 3
2025-01-10 08:28:23.224: [INFO][SyncManagerImpl::ConfigureSyncer] Types to download:  with reason: 5
2025-01-10 08:28:23.225: [INFO][SyncEngineBackend::DoFinishConfigureDataTypes] Failed to download types:  and succeeded types: 
2025-01-10 08:28:23.225: [INFO][Sync] ConfigurationDone, failed: , succeeded: , remaining count: 2
2025-01-10 08:28:23.225: [INFO][Sync] Prepare to configure types: Edge Tab Group, Encryption Keys
2025-01-10 08:28:23.225: [INFO][SyncManagerImpl::ConfigureSyncer] Types to download: Edge Tab Group, Encryption Keys with reason: 5
2025-01-10 08:28:23.225: [INFO][SyncSchedulerImpl::DoConfigurationSyncCycleJob] Blocked types:  and types to download: Edge Tab Group, Encryption Keys
2025-01-10 08:28:23.564: [INFO][SyncEngineBackend::DoFinishConfigureDataTypes] Failed to download types:  and succeeded types: Edge Tab Group, Encryption Keys
2025-01-10 08:28:23.592: [INFO][Sync] ConfigurationDone, failed: , succeeded: Edge Tab Group, Encryption Keys, remaining count: 1
2025-01-10 08:28:23.622: [INFO][Sync] Prepare to configure types: History, Encryption Keys
2025-01-10 08:28:23.622: [INFO][SyncManagerImpl::ConfigureSyncer] Types to download: History, Encryption Keys with reason: 5
2025-01-10 08:28:23.622: [INFO][SyncSchedulerImpl::DoConfigurationSyncCycleJob] Blocked types:  and types to download: History, Encryption Keys
2025-01-10 08:28:26.967: [INFO][SyncEngineBackend::DoFinishConfigureDataTypes] Failed to download types:  and succeeded types: History, Encryption Keys
2025-01-10 08:28:27.004: [INFO][Sync] ConfigurationDone, failed: , succeeded: History, Encryption Keys, remaining count: 0
2025-01-10 08:28:27.032: [INFO][Sync]     Configuration completed, state: 7
2025-01-10 08:28:27.033: [INFO][Sync] Configured DataTypeManager: Ok
2025-01-10 08:28:27.064: [INFO][SyncEngineBackend::DoStartSyncing] Start syncing
2025-01-10 08:33:18.835: [ERROR][Sync] Load History, failed: UpdateDataTypeState@components\sync\model\sync_metadata_store_change_list.cc:34: Failed to update DataTypeState.
2025-01-10 08:33:18.835: [ERROR][Sync] Stoping type: History, error: Failed to update DataTypeState.
2025-01-10 08:33:18.835: [INFO][Sync] Configuring for: Bookmarks, Preferences, Passwords, Autofill Profiles, Autofill, Extensions, Sessions, Extension settings, History Delete Directives, Device Info, User Consents, Send Tab To Self, Web Apps, History, Collection, Edge E Drop, Edge Hub App Usage, Edge Tab Group, Edge Wallet, Encryption Keys, reason: 6, current state: 2
2025-01-10 08:33:18.835: [INFO][Sync] Configure, desired: Bookmarks, Preferences, Passwords, Autofill Profiles, Autofill, Extensions, Sessions, Extension settings, History Delete Directives, Device Info, User Consents, Send Tab To Self, Web Apps, Collection, Edge E Drop, Edge Hub App Usage, Edge Tab Group, Edge Wallet, Encryption Keys; Allow fail: History
2025-01-10 08:33:18.835: [INFO][Sync] All data types are ready for configure.
2025-01-10 08:33:18.839: [ERROR][Sync] Load Passwords, failed: UpdateDataTypeState@components\sync\model\sync_metadata_store_change_list.cc:34: Failed to update DataTypeState.
2025-01-10 08:33:18.839: [ERROR][Sync] Stoping type: Passwords, error: Failed to update DataTypeState.
2025-01-10 08:33:18.854: [ERROR][Sync] Load Autofill, failed: UpdateDataTypeState@components\sync\model\sync_metadata_store_change_list.cc:34: Failed to update DataTypeState.
2025-01-10 08:33:53.284: [INFO][Sync] Reset engine, reason: 0
2025-01-10 08:33:53.285: [INFO][Sync] Reset engine with reason: 0
2025-01-11 06:00:19.811: [INFO][Sync] SyncState after authenticated was: FeatureCanStart
2025-01-11 06:00:21.594: [INFO][SyncAuthManager::SetLastAuthError] Current auth error: None
2025-01-11 06:00:21.594: [INFO][SyncAuthManager::EdgeLogTokenErrorState] Token error with: None for account type: MSA
2025-01-11 06:00:21.594: [INFO][Sync] Credentials changed for: EdgeSyncKeyDataScope
2025-01-11 06:00:21.927: [INFO][Sync] Try to start sync engine
2025-01-11 06:00:21.928: [INFO][SyncManagerImpl::NudgeForInitialDownload] Initial download nudge for Encryption Keys
2025-01-11 06:00:21.928: [INFO][SyncEngineBackend::LoadAndConnectNigoriController] Load and connect Nigori controller
2025-01-11 06:00:21.928: [INFO][SyncEngineBackend::DoInitialize] Control Types added: Encryption Keys
2025-01-11 06:00:21.928: [INFO][SyncManagerImpl::ConfigureSyncer] Types to download: Encryption Keys with reason: 3
2025-01-11 06:00:21.928: [INFO][SyncEngineBackend::DoUpdateKeyDataCredentials] Update key data credentials
2025-01-11 06:00:21.928: [INFO][SyncSchedulerImpl::DoConfigurationSyncCycleJob] Configure job was blocked
2025-01-11 06:00:21.959: [INFO][SyncAuthManager::SetLastAuthError] Current auth error: None
2025-01-11 06:00:21.959: [INFO][SyncAuthManager::EdgeLogTokenErrorState] Token error with: None for account type: MSA
2025-01-11 06:00:21.959: [INFO][Sync] Credentials changed for: EdgeSyncScopeNew
2025-01-11 06:00:21.959: [INFO][SyncEngineBackend::DoUpdateCredentials] Update credentials
2025-01-11 06:00:21.959: [INFO][SyncEngineBackend::DoUpdateKeyDataCredentials] Update key data credentials
2025-01-11 06:00:21.959: [INFO][SyncSchedulerImpl::DoConfigurationSyncCycleJob] Blocked types:  and types to download: Encryption Keys
2025-01-11 06:00:23.584: [INFO][Sync] Started DataTypeManager configuration, reason: 4
2025-01-11 06:00:23.584: [INFO][Sync] Configuring for: Bookmarks, Preferences, Passwords, Autofill Profiles, Autofill, Extensions, Sessions, Extension settings, History Delete Directives, Device Info, User Consents, Send Tab To Self, Web Apps, History, Collection, Edge E Drop, Edge Hub App Usage, Edge Tab Group, Edge Wallet, Encryption Keys, reason: 4, current state: 0
2025-01-11 06:00:23.592: [INFO][Sync] Configure, desired: Bookmarks, Preferences, Extensions, Sessions, Extension settings, History Delete Directives, Device Info, User Consents, Send Tab To Self, Web Apps, History, Collection, Edge E Drop, Edge Hub App Usage, Edge Tab Group, Edge Wallet, Encryption Keys; Allow fail: Passwords, Autofill Profiles, Autofill
2025-01-11 06:00:23.592: [INFO][Sync] Loading: Bookmarks
2025-01-11 06:00:23.592: [INFO][Sync] Loading: Preferences
2025-01-11 06:00:23.593: [INFO][Sync] Loading: Extensions
2025-01-11 06:00:23.593: [INFO][Sync] Loading: Sessions
2025-01-11 06:00:23.593: [INFO][Sync] Loading: Extension settings
2025-01-11 06:00:23.593: [INFO][Sync] Loading: History Delete Directives
2025-01-11 06:00:23.593: [INFO][Sync] Loading: Device Info
2025-01-11 06:00:23.593: [INFO][Sync] Loading: User Consents
2025-01-11 06:00:23.593: [INFO][Sync] Loading: Send Tab To Self
2025-01-11 06:00:23.593: [INFO][Sync] Loading: Web Apps
2025-01-11 06:00:23.593: [INFO][Sync] Loading: History
2025-01-11 06:00:23.593: [INFO][Sync] Loading: Collection
2025-01-11 06:00:23.593: [INFO][Sync] Loading: Edge E Drop
2025-01-11 06:00:23.593: [INFO][Sync] Loading: Edge Hub App Usage
2025-01-11 06:00:23.593: [INFO][Sync] Loading: Edge Tab Group
2025-01-11 06:00:23.593: [INFO][Sync] Loading: Edge Wallet
2025-01-11 06:00:23.599: [ERROR][Sync] Load Preferences, failed: ConstructDataTypeStoreOnFrontendSequence@components\sync\model\data_type_store_service_impl.cc:105: DataTypeStore backend initialization failed
2025-01-11 06:00:23.599: [ERROR][Sync] Stoping type: Preferences, error: DataTypeStore backend initialization failed
2025-01-11 06:00:23.600: [ERROR][Sync] Load Extensions, failed: ConstructDataTypeStoreOnFrontendSequence@components\sync\model\data_type_store_service_impl.cc:105: DataTypeStore backend initialization failed
2025-01-11 06:00:23.600: [ERROR][Sync] Stoping type: Extensions, error: DataTypeStore backend initialization failed
2025-01-11 06:00:23.600: [ERROR][Sync] Load History Delete Directives, failed: ConstructDataTypeStoreOnFrontendSequence@components\sync\model\data_type_store_service_impl.cc:105: DataTypeStore backend initialization failed
2025-01-11 06:00:23.600: [ERROR][Sync] Stoping type: History Delete Directives, error: DataTypeStore backend initialization failed
2025-01-11 06:00:23.600: [ERROR][Sync] Load Device Info, failed: ConstructDataTypeStoreOnFrontendSequence@components\sync\model\data_type_store_service_impl.cc:105: DataTypeStore backend initialization failed
2025-01-11 06:00:23.600: [ERROR][Sync] Stoping type: Device Info, error: DataTypeStore backend initialization failed
2025-01-11 06:00:23.600: [ERROR][Sync] Load User Consents, failed: ConstructDataTypeStoreOnFrontendSequence@components\sync\model\data_type_store_service_impl.cc:105: DataTypeStore backend initialization failed
2025-01-11 06:00:23.600: [ERROR][Sync] Stoping type: User Consents, error: DataTypeStore backend initialization failed
2025-01-11 06:00:23.600: [ERROR][Sync] Load Send Tab To Self, failed: ConstructDataTypeStoreOnFrontendSequence@components\sync\model\data_type_store_service_impl.cc:105: DataTypeStore backend initialization failed
2025-01-11 06:00:23.600: [ERROR][Sync] Stoping type: Send Tab To Self, error: DataTypeStore backend initialization failed
2025-01-11 06:00:23.600: [ERROR][Sync] Load Web Apps, failed: ConstructDataTypeStoreOnFrontendSequence@components\sync\model\data_type_store_service_impl.cc:105: DataTypeStore backend initialization failed
2025-01-11 06:00:23.600: [ERROR][Sync] Stoping type: Web Apps, error: DataTypeStore backend initialization failed
2025-01-11 06:00:23.600: [ERROR][Sync] Load Collection, failed: ConstructDataTypeStoreOnFrontendSequence@components\sync\model\data_type_store_service_impl.cc:105: DataTypeStore backend initialization failed
2025-01-11 06:00:23.600: [ERROR][Sync] Stoping type: Collection, error: DataTypeStore backend initialization failed
2025-01-11 06:00:23.600: [ERROR][Sync] Load Edge Tab Group, failed: ConstructDataTypeStoreOnFrontendSequence@components\sync\model\data_type_store_service_impl.cc:105: DataTypeStore backend initialization failed
2025-01-11 06:00:23.600: [ERROR][Sync] Stoping type: Edge Tab Group, error: DataTypeStore backend initialization failed
2025-01-11 06:00:23.600: [ERROR][Sync] Load Extension settings, failed: ConstructDataTypeStoreOnFrontendSequence@components\sync\model\data_type_store_service_impl.cc:105: DataTypeStore backend initialization failed
2025-01-11 06:00:23.600: [ERROR][Sync] Stoping type: Extension settings, error: DataTypeStore backend initialization failed
2025-01-11 06:00:23.600: [ERROR][Sync] Load Edge E Drop, failed: EDropSyncBridge@components\edge_e_drop\core\browser\sync\e_drop_sync_bridge.cc:70: DataTypeStore for Drop initialization failed
2025-01-11 06:00:23.600: [ERROR][Sync] Stoping type: Edge E Drop, error: DataTypeStore for Drop initialization failed
2025-01-11 06:00:23.600: [ERROR][Sync] Load Edge Hub App Usage, failed: EdgeHubAppUsageSyncBridge@components\edge_hub_apps\sync\edge_hub_app_usage_sync_bridge.cc:55: ModelTypeStore for Hub App Usage initialization failed
2025-01-11 06:00:23.600: [ERROR][Sync] Stoping type: Edge Hub App Usage, error: ModelTypeStore for Hub App Usage initialization failed
2025-01-11 06:00:23.600: [ERROR][Sync] Load Sessions, failed: ConstructDataTypeStoreOnFrontendSequence@components\sync\model\data_type_store_service_impl.cc:105: DataTypeStore backend initialization failed
2025-01-11 06:00:23.600: [ERROR][Sync] Stoping type: Sessions, error: DataTypeStore backend initialization failed
2025-01-11 06:00:23.600: [INFO][Sync] Configuring for: Bookmarks, Preferences, Passwords, Autofill Profiles, Autofill, Extensions, Sessions, Extension settings, History Delete Directives, Device Info, User Consents, Send Tab To Self, Web Apps, History, Collection, Edge E Drop, Edge Hub App Usage, Edge Tab Group, Edge Wallet, Encryption Keys, reason: 6, current state: 2
2025-01-11 06:00:23.600: [INFO][Sync] Configure, desired: Bookmarks, History, Edge Wallet, Encryption Keys; Allow fail: Preferences, Passwords, Autofill Profiles, Autofill, Extensions, Sessions, Extension settings, History Delete Directives, Device Info, User Consents, Send Tab To Self, Web Apps, Collection, Edge E Drop, Edge Hub App Usage, Edge Tab Group
2025-01-11 06:00:23.600: [INFO][Sync] All data types are ready for configure.
2025-01-11 06:00:24.521: [INFO][SyncEngineBackend::DoStartConfiguration] Start configuration
2025-01-11 06:00:24.522: [INFO][SyncManagerImpl::NudgeForInitialDownload] Initial download nudge for History
2025-01-11 06:00:24.522: [INFO][SyncManagerImpl::ConfigureSyncer] Types to download:  with reason: 6
2025-01-11 06:00:24.522: [INFO][SyncEngineBackend::DoFinishConfigureDataTypes] Failed to download types:  and succeeded types: 
2025-01-11 06:00:24.525: [INFO][Sync] Started DataTypeManager configuration, reason: 5
2025-01-11 06:00:24.525: [INFO][Sync] Configuring for: Bookmarks, Preferences, Passwords, Autofill Profiles, Autofill, Extensions, Sessions, Extension settings, History Delete Directives, Device Info, User Consents, Send Tab To Self, Web Apps, History, Collection, Edge E Drop, Edge Hub App Usage, Edge Tab Group, Edge Wallet, Encryption Keys, reason: 5, current state: 1
2025-01-11 06:00:24.535: [INFO][Sync] ConfigurationDone, failed: , succeeded: , remaining count: 3
2025-01-11 06:00:24.535: [WARN][Sync]     Reconfigure requested while configuration ongoing.
2025-01-11 06:00:24.535: [INFO][Sync] Configuring for: Bookmarks, Preferences, Passwords, Autofill Profiles, Autofill, Extensions, Sessions, Extension settings, History Delete Directives, Device Info, User Consents, Send Tab To Self, Web Apps, History, Collection, Edge E Drop, Edge Hub App Usage, Edge Tab Group, Edge Wallet, Encryption Keys, reason: 5, current state: 2
2025-01-11 06:00:24.535: [INFO][Sync] Configure, desired: Bookmarks, Passwords, Autofill Profiles, Autofill, History, Edge Wallet, Encryption Keys; Allow fail: Preferences, Extensions, Sessions, Extension settings, History Delete Directives, Device Info, User Consents, Send Tab To Self, Web Apps, Collection, Edge E Drop, Edge Hub App Usage, Edge Tab Group
2025-01-11 06:00:24.536: [INFO][Sync] Loading: Passwords
2025-01-11 06:00:24.536: [INFO][Sync] Loading: Autofill Profiles
2025-01-11 06:00:24.536: [INFO][Sync] Loading: Autofill
2025-01-11 06:00:24.536: [INFO][Sync] All data types are ready for configure.
2025-01-11 06:00:24.536: [INFO][SyncManagerImpl::NudgeForInitialDownload] Initial download nudge for Passwords
2025-01-11 06:00:24.536: [INFO][SyncManagerImpl::ConfigureSyncer] Types to download:  with reason: 5
2025-01-11 06:00:24.536: [INFO][SyncEngineBackend::DoFinishConfigureDataTypes] Failed to download types:  and succeeded types: 
2025-01-11 06:00:24.537: [INFO][Sync] ConfigurationDone, failed: , succeeded: , remaining count: 4
2025-01-11 06:00:24.537: [INFO][Sync] Prepare to configure types: Passwords, Encryption Keys
2025-01-11 06:00:24.537: [INFO][SyncManagerImpl::ConfigureSyncer] Types to download: Passwords, Encryption Keys with reason: 5
2025-01-11 06:00:24.537: [INFO][SyncSchedulerImpl::DoConfigurationSyncCycleJob] Blocked types:  and types to download: Passwords, Encryption Keys
2025-01-11 06:00:25.545: [INFO][SyncEngineBackend::DoFinishConfigureDataTypes] Failed to download types:  and succeeded types: Passwords, Encryption Keys
2025-01-11 06:00:25.554: [INFO][Sync] ConfigurationDone, failed: , succeeded: Passwords, Encryption Keys, remaining count: 3
2025-01-11 06:00:25.554: [INFO][SyncManagerImpl::ConfigureSyncer] Types to download:  with reason: 5
2025-01-11 06:00:25.554: [INFO][SyncEngineBackend::DoFinishConfigureDataTypes] Failed to download types:  and succeeded types: 
2025-01-11 06:00:25.554: [INFO][Sync] ConfigurationDone, failed: , succeeded: , remaining count: 2
2025-01-11 06:00:25.554: [INFO][SyncManagerImpl::ConfigureSyncer] Types to download:  with reason: 5
2025-01-11 06:00:25.554: [INFO][SyncEngineBackend::DoFinishConfigureDataTypes] Failed to download types:  and succeeded types: 
2025-01-11 06:00:25.556: [INFO][Sync] ConfigurationDone, failed: , succeeded: , remaining count: 1
2025-01-11 06:00:25.561: [INFO][Sync] Prepare to configure types: History, Encryption Keys
2025-01-11 06:00:25.562: [INFO][SyncManagerImpl::ConfigureSyncer] Types to download: History, Encryption Keys with reason: 5
2025-01-11 06:00:25.562: [INFO][SyncSchedulerImpl::DoConfigurationSyncCycleJob] Blocked types:  and types to download: History, Encryption Keys
2025-01-11 06:00:28.649: [INFO][SyncEngineBackend::DoFinishConfigureDataTypes] Failed to download types:  and succeeded types: History, Encryption Keys
2025-01-11 06:00:28.663: [INFO][Sync] ConfigurationDone, failed: , succeeded: History, Encryption Keys, remaining count: 0
2025-01-11 06:00:28.671: [INFO][Sync]     Configuration completed, state: 7
2025-01-11 06:00:28.671: [INFO][Sync] Configured DataTypeManager: Ok
2025-01-11 06:00:28.678: [INFO][SyncEngineBackend::DoStartSyncing] Start syncing
2025-01-11 06:37:08.348: [INFO][Sync] SyncState after authenticated was: FeatureCanStart
2025-01-11 06:37:10.315: [INFO][SyncAuthManager::SetLastAuthError] Current auth error: None
2025-01-11 06:37:10.316: [INFO][SyncAuthManager::EdgeLogTokenErrorState] Token error with: None for account type: MSA
2025-01-11 06:37:10.316: [INFO][Sync] Credentials changed for: EdgeSyncKeyDataScope
2025-01-11 06:37:15.219: [INFO][Sync] Try to start sync engine
2025-01-11 06:37:15.221: [INFO][SyncManagerImpl::NudgeForInitialDownload] Initial download nudge for Encryption Keys
2025-01-11 06:37:15.221: [INFO][SyncEngineBackend::LoadAndConnectNigoriController] Load and connect Nigori controller
2025-01-11 06:37:15.221: [INFO][SyncEngineBackend::DoInitialize] Control Types added: Encryption Keys
2025-01-11 06:37:15.221: [INFO][SyncManagerImpl::ConfigureSyncer] Types to download: Encryption Keys with reason: 3
2025-01-11 06:37:15.221: [INFO][SyncEngineBackend::DoUpdateKeyDataCredentials] Update key data credentials
2025-01-11 06:37:15.221: [INFO][SyncSchedulerImpl::DoConfigurationSyncCycleJob] Configure job was blocked
2025-01-11 06:37:15.260: [INFO][SyncAuthManager::SetLastAuthError] Current auth error: None
2025-01-11 06:37:15.260: [INFO][SyncAuthManager::EdgeLogTokenErrorState] Token error with: None for account type: MSA
2025-01-11 06:37:15.260: [INFO][Sync] Credentials changed for: EdgeSyncScopeNew
2025-01-11 06:37:15.260: [INFO][SyncEngineBackend::DoUpdateCredentials] Update credentials
2025-01-11 06:37:15.260: [INFO][SyncSchedulerImpl::DoConfigurationSyncCycleJob] Blocked types:  and types to download: Encryption Keys
2025-01-11 06:37:16.357: [INFO][SyncEngineBackend::DoUpdateKeyDataCredentials] Update key data credentials
2025-01-11 06:37:16.409: [INFO][Sync] Started DataTypeManager configuration, reason: 4
2025-01-11 06:37:16.409: [INFO][Sync] Configuring for: Bookmarks, Preferences, Passwords, Autofill Profiles, Autofill, Extensions, Sessions, Extension settings, History Delete Directives, Device Info, User Consents, Send Tab To Self, Web Apps, History, Collection, Edge E Drop, Edge Hub App Usage, Edge Tab Group, Edge Wallet, Encryption Keys, reason: 4, current state: 0
2025-01-11 06:37:16.418: [INFO][Sync] Configure, desired: Bookmarks, Preferences, Extensions, Sessions, Extension settings, History Delete Directives, Device Info, User Consents, Send Tab To Self, Web Apps, History, Collection, Edge E Drop, Edge Hub App Usage, Edge Tab Group, Edge Wallet, Encryption Keys; Allow fail: Passwords, Autofill Profiles, Autofill
2025-01-11 06:37:16.418: [INFO][Sync] Loading: Bookmarks
2025-01-11 06:37:16.418: [INFO][Sync] Loading: Preferences
2025-01-11 06:37:16.418: [INFO][Sync] Loading: Extensions
2025-01-11 06:37:16.418: [INFO][Sync] Loading: Sessions
2025-01-11 06:37:16.418: [INFO][Sync] Loading: Extension settings
2025-01-11 06:37:16.418: [INFO][Sync] Loading: History Delete Directives
2025-01-11 06:37:16.418: [INFO][Sync] Loading: Device Info
2025-01-11 06:37:16.418: [INFO][Sync] Loading: User Consents
2025-01-11 06:37:16.418: [INFO][Sync] Loading: Send Tab To Self
2025-01-11 06:37:16.418: [INFO][Sync] Loading: Web Apps
2025-01-11 06:37:16.418: [INFO][Sync] Loading: History
2025-01-11 06:37:16.418: [INFO][Sync] Loading: Collection
2025-01-11 06:37:16.418: [INFO][Sync] Loading: Edge E Drop
2025-01-11 06:37:16.418: [INFO][Sync] Loading: Edge Hub App Usage
2025-01-11 06:37:16.418: [INFO][Sync] Loading: Edge Tab Group
2025-01-11 06:37:16.418: [INFO][Sync] Loading: Edge Wallet
2025-01-11 06:37:16.426: [ERROR][Sync] Load Preferences, failed: ConstructDataTypeStoreOnFrontendSequence@components\sync\model\data_type_store_service_impl.cc:105: DataTypeStore backend initialization failed
2025-01-11 06:37:16.426: [ERROR][Sync] Stoping type: Preferences, error: DataTypeStore backend initialization failed
2025-01-11 06:37:16.426: [ERROR][Sync] Load Extensions, failed: ConstructDataTypeStoreOnFrontendSequence@components\sync\model\data_type_store_service_impl.cc:105: DataTypeStore backend initialization failed
2025-01-11 06:37:16.426: [ERROR][Sync] Stoping type: Extensions, error: DataTypeStore backend initialization failed
2025-01-11 06:37:16.426: [ERROR][Sync] Load History Delete Directives, failed: ConstructDataTypeStoreOnFrontendSequence@components\sync\model\data_type_store_service_impl.cc:105: DataTypeStore backend initialization failed
2025-01-11 06:37:16.426: [ERROR][Sync] Stoping type: History Delete Directives, error: DataTypeStore backend initialization failed
2025-01-11 06:37:16.426: [ERROR][Sync] Load Device Info, failed: ConstructDataTypeStoreOnFrontendSequence@components\sync\model\data_type_store_service_impl.cc:105: DataTypeStore backend initialization failed
2025-01-11 06:37:16.426: [ERROR][Sync] Stoping type: Device Info, error: DataTypeStore backend initialization failed
2025-01-11 06:37:16.426: [ERROR][Sync] Load User Consents, failed: ConstructDataTypeStoreOnFrontendSequence@components\sync\model\data_type_store_service_impl.cc:105: DataTypeStore backend initialization failed
2025-01-11 06:37:16.426: [ERROR][Sync] Stoping type: User Consents, error: DataTypeStore backend initialization failed
2025-01-11 06:37:16.426: [ERROR][Sync] Load Send Tab To Self, failed: ConstructDataTypeStoreOnFrontendSequence@components\sync\model\data_type_store_service_impl.cc:105: DataTypeStore backend initialization failed
2025-01-11 06:37:16.426: [ERROR][Sync] Stoping type: Send Tab To Self, error: DataTypeStore backend initialization failed
2025-01-11 06:37:16.426: [ERROR][Sync] Load Extension settings, failed: ConstructDataTypeStoreOnFrontendSequence@components\sync\model\data_type_store_service_impl.cc:105: DataTypeStore backend initialization failed
2025-01-11 06:37:16.426: [ERROR][Sync] Stoping type: Extension settings, error: DataTypeStore backend initialization failed
2025-01-11 06:37:16.426: [ERROR][Sync] Load Web Apps, failed: ConstructDataTypeStoreOnFrontendSequence@components\sync\model\data_type_store_service_impl.cc:105: DataTypeStore backend initialization failed
2025-01-11 06:37:16.426: [ERROR][Sync] Stoping type: Web Apps, error: DataTypeStore backend initialization failed
2025-01-11 06:37:16.426: [ERROR][Sync] Load Collection, failed: ConstructDataTypeStoreOnFrontendSequence@components\sync\model\data_type_store_service_impl.cc:105: DataTypeStore backend initialization failed
2025-01-11 06:37:16.426: [ERROR][Sync] Stoping type: Collection, error: DataTypeStore backend initialization failed
2025-01-11 06:37:16.426: [ERROR][Sync] Load Edge E Drop, failed: EDropSyncBridge@components\edge_e_drop\core\browser\sync\e_drop_sync_bridge.cc:70: DataTypeStore for Drop initialization failed
2025-01-11 06:37:16.426: [ERROR][Sync] Stoping type: Edge E Drop, error: DataTypeStore for Drop initialization failed
2025-01-11 06:37:16.426: [ERROR][Sync] Load Edge Tab Group, failed: ConstructDataTypeStoreOnFrontendSequence@components\sync\model\data_type_store_service_impl.cc:105: DataTypeStore backend initialization failed
2025-01-11 06:37:16.426: [ERROR][Sync] Stoping type: Edge Tab Group, error: DataTypeStore backend initialization failed
2025-01-11 06:37:16.426: [ERROR][Sync] Load Edge Hub App Usage, failed: EdgeHubAppUsageSyncBridge@components\edge_hub_apps\sync\edge_hub_app_usage_sync_bridge.cc:55: ModelTypeStore for Hub App Usage initialization failed
2025-01-11 06:37:16.426: [ERROR][Sync] Stoping type: Edge Hub App Usage, error: ModelTypeStore for Hub App Usage initialization failed
2025-01-11 06:37:16.426: [ERROR][Sync] Load Sessions, failed: ConstructDataTypeStoreOnFrontendSequence@components\sync\model\data_type_store_service_impl.cc:105: DataTypeStore backend initialization failed
2025-01-11 06:37:16.426: [ERROR][Sync] Stoping type: Sessions, error: DataTypeStore backend initialization failed
2025-01-11 06:37:16.426: [INFO][Sync] Configuring for: Bookmarks, Preferences, Passwords, Autofill Profiles, Autofill, Extensions, Sessions, Extension settings, History Delete Directives, Device Info, User Consents, Send Tab To Self, Web Apps, History, Collection, Edge E Drop, Edge Hub App Usage, Edge Tab Group, Edge Wallet, Encryption Keys, reason: 6, current state: 2
2025-01-11 06:37:16.426: [INFO][Sync] Configure, desired: Bookmarks, History, Edge Wallet, Encryption Keys; Allow fail: Preferences, Passwords, Autofill Profiles, Autofill, Extensions, Sessions, Extension settings, History Delete Directives, Device Info, User Consents, Send Tab To Self, Web Apps, Collection, Edge E Drop, Edge Hub App Usage, Edge Tab Group
2025-01-11 06:37:16.427: [INFO][Sync] All data types are ready for configure.
2025-01-11 06:37:17.737: [INFO][SyncEngineBackend::DoStartConfiguration] Start configuration
2025-01-11 06:37:17.737: [INFO][SyncManagerImpl::ConfigureSyncer] Types to download:  with reason: 6
2025-01-11 06:37:17.737: [INFO][SyncEngineBackend::DoFinishConfigureDataTypes] Failed to download types:  and succeeded types: 
2025-01-11 06:37:17.742: [INFO][Sync] Started DataTypeManager configuration, reason: 5
2025-01-11 06:37:17.742: [INFO][Sync] Configuring for: Bookmarks, Preferences, Passwords, Autofill Profiles, Autofill, Extensions, Sessions, Extension settings, History Delete Directives, Device Info, User Consents, Send Tab To Self, Web Apps, History, Collection, Edge E Drop, Edge Hub App Usage, Edge Tab Group, Edge Wallet, Encryption Keys, reason: 5, current state: 1
2025-01-11 06:37:17.756: [INFO][Sync] ConfigurationDone, failed: , succeeded: , remaining count: 3
2025-01-11 06:37:17.756: [WARN][Sync]     Reconfigure requested while configuration ongoing.
2025-01-11 06:37:17.756: [INFO][Sync] Configuring for: Bookmarks, Preferences, Passwords, Autofill Profiles, Autofill, Extensions, Sessions, Extension settings, History Delete Directives, Device Info, User Consents, Send Tab To Self, Web Apps, History, Collection, Edge E Drop, Edge Hub App Usage, Edge Tab Group, Edge Wallet, Encryption Keys, reason: 5, current state: 2
2025-01-11 06:37:17.756: [INFO][Sync] Configure, desired: Bookmarks, Passwords, Autofill Profiles, Autofill, History, Edge Wallet, Encryption Keys; Allow fail: Preferences, Extensions, Sessions, Extension settings, History Delete Directives, Device Info, User Consents, Send Tab To Self, Web Apps, Collection, Edge E Drop, Edge Hub App Usage, Edge Tab Group
2025-01-11 06:37:17.756: [INFO][Sync] Loading: Passwords
2025-01-11 06:37:17.756: [INFO][Sync] Loading: Autofill Profiles
2025-01-11 06:37:17.756: [INFO][Sync] Loading: Autofill
2025-01-11 06:37:17.758: [INFO][Sync] All data types are ready for configure.
2025-01-11 06:37:17.758: [INFO][SyncManagerImpl::NudgeForInitialDownload] Initial download nudge for Passwords
2025-01-11 06:37:17.759: [INFO][SyncManagerImpl::ConfigureSyncer] Types to download:  with reason: 5
2025-01-11 06:37:17.759: [INFO][SyncEngineBackend::DoFinishConfigureDataTypes] Failed to download types:  and succeeded types: 
2025-01-11 06:37:17.759: [INFO][Sync] ConfigurationDone, failed: , succeeded: , remaining count: 4
2025-01-11 06:37:17.759: [INFO][Sync] Prepare to configure types: Passwords, Encryption Keys
2025-01-11 06:37:17.759: [INFO][SyncManagerImpl::ConfigureSyncer] Types to download: Passwords, Encryption Keys with reason: 5
2025-01-11 06:37:17.759: [INFO][SyncSchedulerImpl::DoConfigurationSyncCycleJob] Blocked types:  and types to download: Passwords, Encryption Keys
2025-01-11 06:37:18.589: [INFO][SyncEngineBackend::DoFinishConfigureDataTypes] Failed to download types:  and succeeded types: Passwords, Encryption Keys
2025-01-11 06:37:18.595: [INFO][Sync] ConfigurationDone, failed: , succeeded: Passwords, Encryption Keys, remaining count: 3
2025-01-11 06:37:18.595: [INFO][SyncManagerImpl::ConfigureSyncer] Types to download:  with reason: 5
2025-01-11 06:37:18.595: [INFO][SyncEngineBackend::DoFinishConfigureDataTypes] Failed to download types:  and succeeded types: 
2025-01-11 06:37:18.595: [INFO][Sync] ConfigurationDone, failed: , succeeded: , remaining count: 2
2025-01-11 06:37:18.595: [INFO][SyncManagerImpl::ConfigureSyncer] Types to download:  with reason: 5
2025-01-11 06:37:18.595: [INFO][SyncEngineBackend::DoFinishConfigureDataTypes] Failed to download types:  and succeeded types: 
2025-01-11 06:37:18.596: [INFO][Sync] ConfigurationDone, failed: , succeeded: , remaining count: 1
2025-01-11 06:37:18.603: [INFO][SyncManagerImpl::ConfigureSyncer] Types to download:  with reason: 5
2025-01-11 06:37:18.603: [INFO][SyncEngineBackend::DoFinishConfigureDataTypes] Failed to download types:  and succeeded types: 
2025-01-11 06:37:18.603: [INFO][Sync] ConfigurationDone, failed: , succeeded: , remaining count: 0
2025-01-11 06:37:18.611: [INFO][Sync]     Configuration completed, state: 7
2025-01-11 06:37:18.612: [INFO][Sync] Configured DataTypeManager: Ok
2025-01-11 06:37:18.619: [INFO][SyncEngineBackend::DoStartSyncing] Start syncing
2025-01-11 07:06:20.360: [INFO][Sync] SyncState after authenticated was: FeatureCanStart
2025-01-11 07:06:22.452: [INFO][Sync] Try to start sync engine
2025-01-11 07:06:22.453: [INFO][SyncManagerImpl::NudgeForInitialDownload] Initial download nudge for Encryption Keys
2025-01-11 07:06:22.453: [INFO][SyncEngineBackend::LoadAndConnectNigoriController] Load and connect Nigori controller
2025-01-11 07:06:22.453: [INFO][SyncEngineBackend::DoInitialize] Control Types added: Encryption Keys
2025-01-11 07:06:22.453: [INFO][SyncManagerImpl::ConfigureSyncer] Types to download: Encryption Keys with reason: 3
2025-01-11 07:06:22.454: [INFO][SyncSchedulerImpl::DoConfigurationSyncCycleJob] Configure job was blocked
2025-01-11 07:06:22.478: [INFO][SyncAuthManager::SetLastAuthError] Current auth error: None
2025-01-11 07:06:22.478: [INFO][SyncAuthManager::EdgeLogTokenErrorState] Token error with: None for account type: MSA
2025-01-11 07:06:22.478: [INFO][Sync] Credentials changed for: EdgeSyncScopeNew
2025-01-11 07:06:22.583: [INFO][SyncAuthManager::SetLastAuthError] Current auth error: None
2025-01-11 07:06:22.583: [INFO][SyncAuthManager::EdgeLogTokenErrorState] Token error with: None for account type: MSA
2025-01-11 07:06:22.583: [INFO][Sync] Credentials changed for: EdgeSyncKeyDataScope
2025-01-11 07:06:22.583: [INFO][SyncEngineBackend::DoUpdateKeyDataCredentials] Update key data credentials
2025-01-11 07:06:22.583: [INFO][SyncEngineBackend::DoUpdateCredentials] Update credentials
2025-01-11 07:06:22.583: [INFO][SyncSchedulerImpl::DoConfigurationSyncCycleJob] Blocked types:  and types to download: Encryption Keys
2025-01-11 07:06:23.778: [INFO][Sync] Started DataTypeManager configuration, reason: 4
2025-01-11 07:06:23.778: [INFO][Sync] Configuring for: Bookmarks, Preferences, Passwords, Autofill Profiles, Autofill, Extensions, Sessions, Extension settings, History Delete Directives, Device Info, User Consents, Send Tab To Self, Web Apps, History, Collection, Edge E Drop, Edge Hub App Usage, Edge Tab Group, Edge Wallet, Encryption Keys, reason: 4, current state: 0
2025-01-11 07:06:23.785: [INFO][Sync] Configure, desired: Bookmarks, Preferences, Extensions, Sessions, Extension settings, History Delete Directives, Device Info, User Consents, Send Tab To Self, Web Apps, History, Collection, Edge E Drop, Edge Hub App Usage, Edge Tab Group, Edge Wallet, Encryption Keys; Allow fail: Passwords, Autofill Profiles, Autofill
2025-01-11 07:06:23.785: [INFO][Sync] Loading: Bookmarks
2025-01-11 07:06:23.785: [INFO][Sync] Loading: Preferences
2025-01-11 07:06:23.785: [INFO][Sync] Loading: Extensions
2025-01-11 07:06:23.785: [INFO][Sync] Loading: Sessions
2025-01-11 07:06:23.785: [INFO][Sync] Loading: Extension settings
2025-01-11 07:06:23.785: [INFO][Sync] Loading: History Delete Directives
2025-01-11 07:06:23.785: [INFO][Sync] Loading: Device Info
2025-01-11 07:06:23.785: [INFO][Sync] Loading: User Consents
2025-01-11 07:06:23.785: [INFO][Sync] Loading: Send Tab To Self
2025-01-11 07:06:23.785: [INFO][Sync] Loading: Web Apps
2025-01-11 07:06:23.785: [INFO][Sync] Loading: History
2025-01-11 07:06:23.785: [INFO][Sync] Loading: Collection
2025-01-11 07:06:23.785: [INFO][Sync] Loading: Edge E Drop
2025-01-11 07:06:23.785: [INFO][Sync] Loading: Edge Hub App Usage
2025-01-11 07:06:23.785: [INFO][Sync] Loading: Edge Tab Group
2025-01-11 07:06:23.785: [INFO][Sync] Loading: Edge Wallet
2025-01-11 07:06:23.791: [ERROR][Sync] Load Preferences, failed: ConstructDataTypeStoreOnFrontendSequence@components\sync\model\data_type_store_service_impl.cc:105: DataTypeStore backend initialization failed
2025-01-11 07:06:23.791: [ERROR][Sync] Stoping type: Preferences, error: DataTypeStore backend initialization failed
2025-01-11 07:06:23.791: [ERROR][Sync] Load Extensions, failed: ConstructDataTypeStoreOnFrontendSequence@components\sync\model\data_type_store_service_impl.cc:105: DataTypeStore backend initialization failed
2025-01-11 07:06:23.791: [ERROR][Sync] Stoping type: Extensions, error: DataTypeStore backend initialization failed
2025-01-11 07:06:23.791: [ERROR][Sync] Load History Delete Directives, failed: ConstructDataTypeStoreOnFrontendSequence@components\sync\model\data_type_store_service_impl.cc:105: DataTypeStore backend initialization failed
2025-01-11 07:06:23.791: [ERROR][Sync] Stoping type: History Delete Directives, error: DataTypeStore backend initialization failed
2025-01-11 07:06:23.791: [ERROR][Sync] Load Device Info, failed: ConstructDataTypeStoreOnFrontendSequence@components\sync\model\data_type_store_service_impl.cc:105: DataTypeStore backend initialization failed
2025-01-11 07:06:23.791: [ERROR][Sync] Stoping type: Device Info, error: DataTypeStore backend initialization failed
2025-01-11 07:06:23.791: [ERROR][Sync] Load Extension settings, failed: ConstructDataTypeStoreOnFrontendSequence@components\sync\model\data_type_store_service_impl.cc:105: DataTypeStore backend initialization failed
2025-01-11 07:06:23.791: [ERROR][Sync] Stoping type: Extension settings, error: DataTypeStore backend initialization failed
2025-01-11 07:06:23.791: [ERROR][Sync] Load User Consents, failed: ConstructDataTypeStoreOnFrontendSequence@components\sync\model\data_type_store_service_impl.cc:105: DataTypeStore backend initialization failed
2025-01-11 07:06:23.791: [ERROR][Sync] Stoping type: User Consents, error: DataTypeStore backend initialization failed
2025-01-11 07:06:23.791: [ERROR][Sync] Load Send Tab To Self, failed: ConstructDataTypeStoreOnFrontendSequence@components\sync\model\data_type_store_service_impl.cc:105: DataTypeStore backend initialization failed
2025-01-11 07:06:23.791: [ERROR][Sync] Stoping type: Send Tab To Self, error: DataTypeStore backend initialization failed
2025-01-11 07:06:23.791: [ERROR][Sync] Load Web Apps, failed: ConstructDataTypeStoreOnFrontendSequence@components\sync\model\data_type_store_service_impl.cc:105: DataTypeStore backend initialization failed
2025-01-11 07:06:23.791: [ERROR][Sync] Stoping type: Web Apps, error: DataTypeStore backend initialization failed
2025-01-11 07:06:23.791: [ERROR][Sync] Load Collection, failed: ConstructDataTypeStoreOnFrontendSequence@components\sync\model\data_type_store_service_impl.cc:105: DataTypeStore backend initialization failed
2025-01-11 07:06:23.791: [ERROR][Sync] Stoping type: Collection, error: DataTypeStore backend initialization failed
2025-01-11 07:06:23.791: [ERROR][Sync] Load Edge Tab Group, failed: ConstructDataTypeStoreOnFrontendSequence@components\sync\model\data_type_store_service_impl.cc:105: DataTypeStore backend initialization failed
2025-01-11 07:06:23.791: [ERROR][Sync] Stoping type: Edge Tab Group, error: DataTypeStore backend initialization failed
2025-01-11 07:06:23.791: [ERROR][Sync] Load Edge E Drop, failed: EDropSyncBridge@components\edge_e_drop\core\browser\sync\e_drop_sync_bridge.cc:70: DataTypeStore for Drop initialization failed
2025-01-11 07:06:23.791: [ERROR][Sync] Stoping type: Edge E Drop, error: DataTypeStore for Drop initialization failed
2025-01-11 07:06:23.791: [ERROR][Sync] Load Edge Hub App Usage, failed: EdgeHubAppUsageSyncBridge@components\edge_hub_apps\sync\edge_hub_app_usage_sync_bridge.cc:55: ModelTypeStore for Hub App Usage initialization failed
2025-01-11 07:06:23.791: [ERROR][Sync] Stoping type: Edge Hub App Usage, error: ModelTypeStore for Hub App Usage initialization failed
2025-01-11 07:06:23.793: [ERROR][Sync] Load Sessions, failed: ConstructDataTypeStoreOnFrontendSequence@components\sync\model\data_type_store_service_impl.cc:105: DataTypeStore backend initialization failed
2025-01-11 07:06:23.793: [ERROR][Sync] Stoping type: Sessions, error: DataTypeStore backend initialization failed
2025-01-11 07:06:23.793: [INFO][Sync] Configuring for: Bookmarks, Preferences, Passwords, Autofill Profiles, Autofill, Extensions, Sessions, Extension settings, History Delete Directives, Device Info, User Consents, Send Tab To Self, Web Apps, History, Collection, Edge E Drop, Edge Hub App Usage, Edge Tab Group, Edge Wallet, Encryption Keys, reason: 6, current state: 2
2025-01-11 07:06:23.793: [INFO][Sync] Configure, desired: Bookmarks, History, Edge Wallet, Encryption Keys; Allow fail: Preferences, Passwords, Autofill Profiles, Autofill, Extensions, Sessions, Extension settings, History Delete Directives, Device Info, User Consents, Send Tab To Self, Web Apps, Collection, Edge E Drop, Edge Hub App Usage, Edge Tab Group
2025-01-11 07:06:23.793: [INFO][Sync] All data types are ready for configure.
2025-01-11 07:06:24.766: [INFO][SyncEngineBackend::DoStartConfiguration] Start configuration
2025-01-11 07:06:24.766: [INFO][SyncManagerImpl::ConfigureSyncer] Types to download:  with reason: 6
2025-01-11 07:06:24.766: [INFO][SyncEngineBackend::DoFinishConfigureDataTypes] Failed to download types:  and succeeded types: 
2025-01-11 07:06:24.769: [INFO][Sync] Started DataTypeManager configuration, reason: 5
2025-01-11 07:06:24.769: [INFO][Sync] Configuring for: Bookmarks, Preferences, Passwords, Autofill Profiles, Autofill, Extensions, Sessions, Extension settings, History Delete Directives, Device Info, User Consents, Send Tab To Self, Web Apps, History, Collection, Edge E Drop, Edge Hub App Usage, Edge Tab Group, Edge Wallet, Encryption Keys, reason: 5, current state: 1
2025-01-11 07:06:24.784: [INFO][Sync] ConfigurationDone, failed: , succeeded: , remaining count: 3
2025-01-11 07:06:24.784: [WARN][Sync]     Reconfigure requested while configuration ongoing.
2025-01-11 07:06:24.784: [INFO][Sync] Configuring for: Bookmarks, Preferences, Passwords, Autofill Profiles, Autofill, Extensions, Sessions, Extension settings, History Delete Directives, Device Info, User Consents, Send Tab To Self, Web Apps, History, Collection, Edge E Drop, Edge Hub App Usage, Edge Tab Group, Edge Wallet, Encryption Keys, reason: 5, current state: 2
2025-01-11 07:06:24.784: [INFO][Sync] Configure, desired: Bookmarks, Passwords, Autofill Profiles, Autofill, History, Edge Wallet, Encryption Keys; Allow fail: Preferences, Extensions, Sessions, Extension settings, History Delete Directives, Device Info, User Consents, Send Tab To Self, Web Apps, Collection, Edge E Drop, Edge Hub App Usage, Edge Tab Group
2025-01-11 07:06:24.785: [INFO][Sync] Loading: Passwords
2025-01-11 07:06:24.785: [INFO][Sync] Loading: Autofill Profiles
2025-01-11 07:06:24.785: [INFO][Sync] Loading: Autofill
2025-01-11 07:06:24.785: [INFO][Sync] All data types are ready for configure.
2025-01-11 07:06:24.785: [INFO][SyncManagerImpl::NudgeForInitialDownload] Initial download nudge for Passwords
2025-01-11 07:06:24.785: [INFO][SyncManagerImpl::ConfigureSyncer] Types to download:  with reason: 5
2025-01-11 07:06:24.785: [INFO][SyncEngineBackend::DoFinishConfigureDataTypes] Failed to download types:  and succeeded types: 
2025-01-11 07:06:24.789: [INFO][Sync] ConfigurationDone, failed: , succeeded: , remaining count: 4
2025-01-11 07:06:24.789: [INFO][Sync] Prepare to configure types: Passwords, Encryption Keys
2025-01-11 07:06:24.789: [INFO][SyncManagerImpl::ConfigureSyncer] Types to download: Passwords, Encryption Keys with reason: 5
2025-01-11 07:06:24.789: [INFO][SyncSchedulerImpl::DoConfigurationSyncCycleJob] Blocked types:  and types to download: Passwords, Encryption Keys
2025-01-11 07:06:25.725: [INFO][SyncEngineBackend::DoFinishConfigureDataTypes] Failed to download types:  and succeeded types: Passwords, Encryption Keys
2025-01-11 07:06:25.741: [INFO][Sync] ConfigurationDone, failed: , succeeded: Passwords, Encryption Keys, remaining count: 3
2025-01-11 07:06:25.742: [INFO][SyncManagerImpl::ConfigureSyncer] Types to download:  with reason: 5
2025-01-11 07:06:25.742: [INFO][SyncEngineBackend::DoFinishConfigureDataTypes] Failed to download types:  and succeeded types: 
2025-01-11 07:06:25.742: [INFO][Sync] ConfigurationDone, failed: , succeeded: , remaining count: 2
2025-01-11 07:06:25.742: [INFO][SyncManagerImpl::ConfigureSyncer] Types to download:  with reason: 5
2025-01-11 07:06:25.742: [INFO][SyncEngineBackend::DoFinishConfigureDataTypes] Failed to download types:  and succeeded types: 
2025-01-11 07:06:25.743: [INFO][Sync] ConfigurationDone, failed: , succeeded: , remaining count: 1
2025-01-11 07:06:25.755: [INFO][SyncManagerImpl::ConfigureSyncer] Types to download:  with reason: 5
2025-01-11 07:06:25.755: [INFO][SyncEngineBackend::DoFinishConfigureDataTypes] Failed to download types:  and succeeded types: 
2025-01-11 07:06:25.755: [INFO][Sync] ConfigurationDone, failed: , succeeded: , remaining count: 0
2025-01-11 07:06:25.762: [INFO][Sync]     Configuration completed, state: 7
2025-01-11 07:06:25.762: [INFO][Sync] Configured DataTypeManager: Ok
2025-01-11 07:06:25.767: [INFO][SyncEngineBackend::DoStartSyncing] Start syncing
2025-01-11 08:09:37.069: [ERROR][Sync] Load History, failed: UpdateDataTypeState@components\sync\model\sync_metadata_store_change_list.cc:34: Failed to update DataTypeState.
2025-01-11 08:09:37.069: [ERROR][Sync] Stoping type: History, error: Failed to update DataTypeState.
2025-01-11 08:09:37.069: [INFO][Sync] Configuring for: Bookmarks, Preferences, Passwords, Autofill Profiles, Autofill, Extensions, Sessions, Extension settings, History Delete Directives, Device Info, User Consents, Send Tab To Self, Web Apps, History, Collection, Edge E Drop, Edge Hub App Usage, Edge Tab Group, Edge Wallet, Encryption Keys, reason: 6, current state: 2
2025-01-11 08:09:37.069: [INFO][Sync] Configure, desired: Bookmarks, Passwords, Autofill Profiles, Autofill, Edge Wallet, Encryption Keys; Allow fail: Preferences, Extensions, Sessions, Extension settings, History Delete Directives, Device Info, User Consents, Send Tab To Self, Web Apps, History, Collection, Edge E Drop, Edge Hub App Usage, Edge Tab Group
2025-01-11 08:09:37.069: [INFO][Sync] All data types are ready for configure.
2025-01-11 08:09:37.071: [INFO][SyncManagerImpl::ConfigureSyncer] Types to download:  with reason: 6
2025-01-11 08:09:37.071: [INFO][SyncEngineBackend::DoFinishConfigureDataTypes] Failed to download types:  and succeeded types: 
2025-01-11 08:09:37.094: [INFO][Sync] ConfigurationDone, failed: , succeeded: , remaining count: 3
2025-01-11 08:09:37.094: [INFO][SyncManagerImpl::ConfigureSyncer] Types to download:  with reason: 6
2025-01-11 08:09:37.095: [INFO][SyncEngineBackend::DoFinishConfigureDataTypes] Failed to download types:  and succeeded types: 
2025-01-11 08:09:37.147: [INFO][Sync] Configured DataTypeManager: Ok
2025-01-11 08:11:16.605: [INFO][Sync] Reset engine, reason: 0
2025-01-11 08:11:16.605: [INFO][Sync] Reset engine with reason: 0
2025-01-11 08:12:20.255: [INFO][Sync] SyncState after authenticated was: FeatureCanStart
2025-01-11 08:12:24.750: [INFO][SyncAuthManager::SetLastAuthError] Current auth error: None
2025-01-11 08:12:24.750: [INFO][SyncAuthManager::EdgeLogTokenErrorState] Token error with: None for account type: MSA
2025-01-11 08:12:24.750: [INFO][Sync] Credentials changed for: EdgeSyncKeyDataScope
2025-01-11 08:12:27.393: [INFO][Sync] Try to start sync engine
2025-01-11 08:12:27.395: [INFO][SyncManagerImpl::NudgeForInitialDownload] Initial download nudge for Encryption Keys
2025-01-11 08:12:27.395: [INFO][SyncEngineBackend::LoadAndConnectNigoriController] Load and connect Nigori controller
2025-01-11 08:12:27.395: [INFO][SyncEngineBackend::DoInitialize] Control Types added: Encryption Keys
2025-01-11 08:12:27.395: [INFO][SyncManagerImpl::ConfigureSyncer] Types to download: Encryption Keys with reason: 3
2025-01-11 08:12:27.395: [INFO][SyncEngineBackend::DoUpdateKeyDataCredentials] Update key data credentials
2025-01-11 08:12:27.395: [INFO][SyncSchedulerImpl::DoConfigurationSyncCycleJob] Configure job was blocked
2025-01-11 08:12:27.426: [INFO][SyncAuthManager::SetLastAuthError] Current auth error: None
2025-01-11 08:12:27.426: [INFO][SyncAuthManager::EdgeLogTokenErrorState] Token error with: None for account type: MSA
2025-01-11 08:12:27.426: [INFO][Sync] Credentials changed for: EdgeSyncScopeNew
2025-01-11 08:12:27.426: [INFO][SyncEngineBackend::DoUpdateCredentials] Update credentials
2025-01-11 08:12:27.426: [INFO][SyncSchedulerImpl::DoConfigurationSyncCycleJob] Blocked types:  and types to download: Encryption Keys
2025-01-11 08:12:32.839: [INFO][SyncEngineBackend::DoUpdateKeyDataCredentials] Update key data credentials
2025-01-11 08:12:32.883: [INFO][Sync] Started DataTypeManager configuration, reason: 4
2025-01-11 08:12:32.884: [INFO][Sync] Configuring for: Bookmarks, Preferences, Passwords, Autofill Profiles, Autofill, Extensions, Sessions, Extension settings, History Delete Directives, Device Info, User Consents, Send Tab To Self, Web Apps, History, Collection, Edge E Drop, Edge Hub App Usage, Edge Tab Group, Edge Wallet, Encryption Keys, reason: 4, current state: 0
2025-01-11 08:12:32.898: [INFO][Sync] Configure, desired: Bookmarks, Preferences, Extensions, Sessions, Extension settings, History Delete Directives, Device Info, User Consents, Send Tab To Self, Web Apps, History, Collection, Edge E Drop, Edge Hub App Usage, Edge Tab Group, Edge Wallet, Encryption Keys; Allow fail: Passwords, Autofill Profiles, Autofill
2025-01-11 08:12:32.898: [INFO][Sync] Loading: Bookmarks
2025-01-11 08:12:32.898: [INFO][Sync] Loading: Preferences
2025-01-11 08:12:32.898: [INFO][Sync] Loading: Extensions
2025-01-11 08:12:32.899: [INFO][Sync] Loading: Sessions
2025-01-11 08:12:32.899: [INFO][Sync] Loading: Extension settings
2025-01-11 08:12:32.899: [INFO][Sync] Loading: History Delete Directives
2025-01-11 08:12:32.899: [INFO][Sync] Loading: Device Info
2025-01-11 08:12:32.899: [INFO][Sync] Loading: User Consents
2025-01-11 08:12:32.899: [INFO][Sync] Loading: Send Tab To Self
2025-01-11 08:12:32.899: [INFO][Sync] Loading: Web Apps
2025-01-11 08:12:32.899: [INFO][Sync] Loading: History
2025-01-11 08:12:32.899: [INFO][Sync] Loading: Collection
2025-01-11 08:12:32.899: [INFO][Sync] Loading: Edge E Drop
2025-01-11 08:12:32.899: [INFO][Sync] Loading: Edge Hub App Usage
2025-01-11 08:12:32.899: [INFO][Sync] Loading: Edge Tab Group
2025-01-11 08:12:32.899: [INFO][Sync] Loading: Edge Wallet
2025-01-11 08:12:32.910: [ERROR][Sync] Load Preferences, failed: ConstructDataTypeStoreOnFrontendSequence@components\sync\model\data_type_store_service_impl.cc:105: DataTypeStore backend initialization failed
2025-01-11 08:12:32.910: [ERROR][Sync] Stoping type: Preferences, error: DataTypeStore backend initialization failed
2025-01-11 08:12:32.910: [ERROR][Sync] Load Extensions, failed: ConstructDataTypeStoreOnFrontendSequence@components\sync\model\data_type_store_service_impl.cc:105: DataTypeStore backend initialization failed
2025-01-11 08:12:32.910: [ERROR][Sync] Stoping type: Extensions, error: DataTypeStore backend initialization failed
2025-01-11 08:12:32.910: [ERROR][Sync] Load History Delete Directives, failed: ConstructDataTypeStoreOnFrontendSequence@components\sync\model\data_type_store_service_impl.cc:105: DataTypeStore backend initialization failed
2025-01-11 08:12:32.910: [ERROR][Sync] Stoping type: History Delete Directives, error: DataTypeStore backend initialization failed
2025-01-11 08:12:32.910: [ERROR][Sync] Load Device Info, failed: ConstructDataTypeStoreOnFrontendSequence@components\sync\model\data_type_store_service_impl.cc:105: DataTypeStore backend initialization failed
2025-01-11 08:12:32.910: [ERROR][Sync] Stoping type: Device Info, error: DataTypeStore backend initialization failed
2025-01-11 08:12:32.910: [ERROR][Sync] Load User Consents, failed: ConstructDataTypeStoreOnFrontendSequence@components\sync\model\data_type_store_service_impl.cc:105: DataTypeStore backend initialization failed
2025-01-11 08:12:32.910: [ERROR][Sync] Stoping type: User Consents, error: DataTypeStore backend initialization failed
2025-01-11 08:12:32.910: [ERROR][Sync] Load Send Tab To Self, failed: ConstructDataTypeStoreOnFrontendSequence@components\sync\model\data_type_store_service_impl.cc:105: DataTypeStore backend initialization failed
2025-01-11 08:12:32.910: [ERROR][Sync] Stoping type: Send Tab To Self, error: DataTypeStore backend initialization failed
2025-01-11 08:12:32.910: [ERROR][Sync] Load Web Apps, failed: ConstructDataTypeStoreOnFrontendSequence@components\sync\model\data_type_store_service_impl.cc:105: DataTypeStore backend initialization failed
2025-01-11 08:12:32.910: [ERROR][Sync] Stoping type: Web Apps, error: DataTypeStore backend initialization failed
2025-01-11 08:12:32.910: [ERROR][Sync] Load Collection, failed: ConstructDataTypeStoreOnFrontendSequence@components\sync\model\data_type_store_service_impl.cc:105: DataTypeStore backend initialization failed
2025-01-11 08:12:32.910: [ERROR][Sync] Stoping type: Collection, error: DataTypeStore backend initialization failed
2025-01-11 08:12:32.910: [ERROR][Sync] Load Edge Tab Group, failed: ConstructDataTypeStoreOnFrontendSequence@components\sync\model\data_type_store_service_impl.cc:105: DataTypeStore backend initialization failed
2025-01-11 08:12:32.910: [ERROR][Sync] Stoping type: Edge Tab Group, error: DataTypeStore backend initialization failed
2025-01-11 08:12:32.910: [ERROR][Sync] Load Extension settings, failed: ConstructDataTypeStoreOnFrontendSequence@components\sync\model\data_type_store_service_impl.cc:105: DataTypeStore backend initialization failed
2025-01-11 08:12:32.910: [ERROR][Sync] Stoping type: Extension settings, error: DataTypeStore backend initialization failed
2025-01-11 08:12:32.910: [ERROR][Sync] Load Edge E Drop, failed: EDropSyncBridge@components\edge_e_drop\core\browser\sync\e_drop_sync_bridge.cc:70: DataTypeStore for Drop initialization failed
2025-01-11 08:12:32.910: [ERROR][Sync] Stoping type: Edge E Drop, error: DataTypeStore for Drop initialization failed
2025-01-11 08:12:32.910: [ERROR][Sync] Load Edge Hub App Usage, failed: EdgeHubAppUsageSyncBridge@components\edge_hub_apps\sync\edge_hub_app_usage_sync_bridge.cc:55: ModelTypeStore for Hub App Usage initialization failed
2025-01-11 08:12:32.910: [ERROR][Sync] Stoping type: Edge Hub App Usage, error: ModelTypeStore for Hub App Usage initialization failed
2025-01-11 08:12:32.915: [ERROR][Sync] Load Sessions, failed: ConstructDataTypeStoreOnFrontendSequence@components\sync\model\data_type_store_service_impl.cc:105: DataTypeStore backend initialization failed
2025-01-11 08:12:32.915: [ERROR][Sync] Stoping type: Sessions, error: DataTypeStore backend initialization failed
2025-01-11 08:12:32.915: [INFO][Sync] Configuring for: Bookmarks, Preferences, Passwords, Autofill Profiles, Autofill, Extensions, Sessions, Extension settings, History Delete Directives, Device Info, User Consents, Send Tab To Self, Web Apps, History, Collection, Edge E Drop, Edge Hub App Usage, Edge Tab Group, Edge Wallet, Encryption Keys, reason: 6, current state: 2
2025-01-11 08:12:32.915: [INFO][Sync] Configure, desired: Bookmarks, History, Edge Wallet, Encryption Keys; Allow fail: Preferences, Passwords, Autofill Profiles, Autofill, Extensions, Sessions, Extension settings, History Delete Directives, Device Info, User Consents, Send Tab To Self, Web Apps, Collection, Edge E Drop, Edge Hub App Usage, Edge Tab Group
2025-01-11 08:12:32.915: [INFO][Sync] All data types are ready for configure.
2025-01-11 08:12:37.721: [INFO][SyncEngineBackend::DoStartConfiguration] Start configuration
2025-01-11 08:12:37.721: [INFO][SyncManagerImpl::ConfigureSyncer] Types to download:  with reason: 6
2025-01-11 08:12:37.721: [INFO][SyncEngineBackend::DoFinishConfigureDataTypes] Failed to download types:  and succeeded types: 
2025-01-11 08:12:37.723: [INFO][Sync] Started DataTypeManager configuration, reason: 5
2025-01-11 08:12:37.723: [INFO][Sync] Configuring for: Bookmarks, Preferences, Passwords, Autofill Profiles, Autofill, Extensions, Sessions, Extension settings, History Delete Directives, Device Info, User Consents, Send Tab To Self, Web Apps, History, Collection, Edge E Drop, Edge Hub App Usage, Edge Tab Group, Edge Wallet, Encryption Keys, reason: 5, current state: 1
2025-01-11 08:12:37.735: [INFO][Sync] ConfigurationDone, failed: , succeeded: , remaining count: 3
2025-01-11 08:12:37.735: [WARN][Sync]     Reconfigure requested while configuration ongoing.
2025-01-11 08:12:37.735: [INFO][Sync] Configuring for: Bookmarks, Preferences, Passwords, Autofill Profiles, Autofill, Extensions, Sessions, Extension settings, History Delete Directives, Device Info, User Consents, Send Tab To Self, Web Apps, History, Collection, Edge E Drop, Edge Hub App Usage, Edge Tab Group, Edge Wallet, Encryption Keys, reason: 5, current state: 2
2025-01-11 08:12:37.735: [INFO][Sync] Configure, desired: Bookmarks, Passwords, Autofill Profiles, Autofill, History, Edge Wallet, Encryption Keys; Allow fail: Preferences, Extensions, Sessions, Extension settings, History Delete Directives, Device Info, User Consents, Send Tab To Self, Web Apps, Collection, Edge E Drop, Edge Hub App Usage, Edge Tab Group
2025-01-11 08:12:37.735: [INFO][Sync] Loading: Passwords
2025-01-11 08:12:37.735: [INFO][Sync] Loading: Autofill Profiles
2025-01-11 08:12:37.735: [INFO][Sync] Loading: Autofill
2025-01-11 08:12:37.735: [INFO][Sync] All data types are ready for configure.
2025-01-11 08:12:37.735: [INFO][SyncManagerImpl::NudgeForInitialDownload] Initial download nudge for Passwords
2025-01-11 08:12:37.736: [INFO][SyncManagerImpl::ConfigureSyncer] Types to download:  with reason: 5
2025-01-11 08:12:37.736: [INFO][SyncEngineBackend::DoFinishConfigureDataTypes] Failed to download types:  and succeeded types: 
2025-01-11 08:12:37.737: [INFO][Sync] ConfigurationDone, failed: , succeeded: , remaining count: 4
2025-01-11 08:12:37.739: [INFO][Sync] Prepare to configure types: Passwords, Encryption Keys
2025-01-11 08:12:37.739: [INFO][SyncManagerImpl::ConfigureSyncer] Types to download: Passwords, Encryption Keys with reason: 5
2025-01-11 08:12:37.739: [INFO][SyncSchedulerImpl::DoConfigurationSyncCycleJob] Blocked types:  and types to download: Passwords, Encryption Keys
2025-01-11 08:12:39.341: [INFO][SyncEngineBackend::DoFinishConfigureDataTypes] Failed to download types:  and succeeded types: Passwords, Encryption Keys
2025-01-11 08:12:39.359: [INFO][Sync] ConfigurationDone, failed: , succeeded: Passwords, Encryption Keys, remaining count: 3
2025-01-11 08:12:39.359: [INFO][SyncManagerImpl::ConfigureSyncer] Types to download:  with reason: 5
2025-01-11 08:12:39.359: [INFO][SyncEngineBackend::DoFinishConfigureDataTypes] Failed to download types:  and succeeded types: 
2025-01-11 08:12:39.360: [INFO][Sync] ConfigurationDone, failed: , succeeded: , remaining count: 2
2025-01-11 08:12:39.360: [INFO][SyncManagerImpl::ConfigureSyncer] Types to download:  with reason: 5
2025-01-11 08:12:39.360: [INFO][SyncEngineBackend::DoFinishConfigureDataTypes] Failed to download types:  and succeeded types: 
2025-01-11 08:12:39.367: [INFO][Sync] ConfigurationDone, failed: , succeeded: , remaining count: 1
2025-01-11 08:12:39.381: [INFO][SyncManagerImpl::ConfigureSyncer] Types to download:  with reason: 5
2025-01-11 08:12:39.381: [INFO][SyncEngineBackend::DoFinishConfigureDataTypes] Failed to download types:  and succeeded types: 
2025-01-11 08:12:39.385: [INFO][Sync] ConfigurationDone, failed: , succeeded: , remaining count: 0
2025-01-11 08:12:39.394: [INFO][Sync]     Configuration completed, state: 7
2025-01-11 08:12:39.395: [INFO][Sync] Configured DataTypeManager: Ok
2025-01-11 08:12:39.402: [INFO][SyncEngineBackend::DoStartSyncing] Start syncing
